{"C:\\Users\\rickj\\kavita\\kavita-backend\\server.js": {"path":"C:\\Users\\rickj\\kavita\\kavita-backend\\server.js","statementMap":{"0":{"start":{"line":1,"column":0},"end":{"line":1,"column":27}},"1":{"start":{"line":3,"column":16},"end":{"line":3,"column":34}},"2":{"start":{"line":4,"column":13},"end":{"line":4,"column":28}},"3":{"start":{"line":5,"column":13},"end":{"line":5,"column":28}},"4":{"start":{"line":6,"column":15},"end":{"line":6,"column":32}},"5":{"start":{"line":7,"column":21},"end":{"line":7,"column":45}},"6":{"start":{"line":8,"column":15},"end":{"line":8,"column":22}},"7":{"start":{"line":9,"column":15},"end":{"line":9,"column":38}},"8":{"start":{"line":10,"column":22},"end":{"line":10,"column":47}},"9":{"start":{"line":13,"column":18},"end":{"line":13,"column":37}},"10":{"start":{"line":14,"column":34},"end":{"line":14,"column":77}},"11":{"start":{"line":17,"column":21},"end":{"line":17,"column":57}},"12":{"start":{"line":18,"column":17},"end":{"line":18,"column":45}},"13":{"start":{"line":19,"column":20},"end":{"line":19,"column":53}},"14":{"start":{"line":23,"column":0},"end":{"line":30,"column":1}},"15":{"start":{"line":24,"column":2},"end":{"line":24,"column":102}},"16":{"start":{"line":26,"column":2},"end":{"line":29,"column":4}},"17":{"start":{"line":32,"column":12},"end":{"line":32,"column":21}},"18":{"start":{"line":37,"column":24},"end":{"line":40,"column":1}},"19":{"start":{"line":38,"column":2},"end":{"line":38,"column":27}},"20":{"start":{"line":38,"column":15},"end":{"line":38,"column":27}},"21":{"start":{"line":39,"column":2},"end":{"line":39,"column":42}},"22":{"start":{"line":42,"column":19},"end":{"line":50,"column":1}},"23":{"start":{"line":52,"column":24},"end":{"line":60,"column":1}},"24":{"start":{"line":56,"column":26},"end":{"line":56,"column":50}},"25":{"start":{"line":57,"column":18},"end":{"line":57,"column":36}},"26":{"start":{"line":62,"column":0},"end":{"line":62,"column":62}},"27":{"start":{"line":64,"column":0},"end":{"line":80,"column":2}},"28":{"start":{"line":67,"column":6},"end":{"line":67,"column":41}},"29":{"start":{"line":67,"column":19},"end":{"line":67,"column":41}},"30":{"start":{"line":68,"column":25},"end":{"line":68,"column":48}},"31":{"start":{"line":69,"column":6},"end":{"line":71,"column":7}},"32":{"start":{"line":70,"column":8},"end":{"line":70,"column":30}},"33":{"start":{"line":72,"column":18},"end":{"line":72,"column":57}},"34":{"start":{"line":73,"column":6},"end":{"line":75,"column":7}},"35":{"start":{"line":74,"column":8},"end":{"line":74,"column":58}},"36":{"start":{"line":76,"column":6},"end":{"line":76,"column":32}},"37":{"start":{"line":85,"column":0},"end":{"line":85,"column":40}},"38":{"start":{"line":86,"column":0},"end":{"line":86,"column":48}},"39":{"start":{"line":87,"column":0},"end":{"line":87,"column":73}},"40":{"start":{"line":88,"column":0},"end":{"line":88,"column":24}},"41":{"start":{"line":93,"column":20},"end":{"line":95,"column":2}},"42":{"start":{"line":94,"column":25},"end":{"line":94,"column":31}},"43":{"start":{"line":96,"column":0},"end":{"line":96,"column":21}},"44":{"start":{"line":101,"column":0},"end":{"line":101,"column":27}},"45":{"start":{"line":102,"column":0},"end":{"line":102,"column":65}},"46":{"start":{"line":107,"column":0},"end":{"line":107,"column":15}},"47":{"start":{"line":112,"column":0},"end":{"line":120,"column":3}},"48":{"start":{"line":113,"column":2},"end":{"line":119,"column":4}},"49":{"start":{"line":122,"column":0},"end":{"line":122,"column":22}},"50":{"start":{"line":127,"column":0},"end":{"line":154,"column":1}},"51":{"start":{"line":128,"column":15},"end":{"line":128,"column":39}},"52":{"start":{"line":130,"column":2},"end":{"line":153,"column":5}},"53":{"start":{"line":131,"column":4},"end":{"line":131,"column":64}},"54":{"start":{"line":132,"column":4},"end":{"line":132,"column":64}},"55":{"start":{"line":133,"column":4},"end":{"line":133,"column":60}},"56":{"start":{"line":138,"column":26},"end":{"line":138,"column":89}},"57":{"start":{"line":140,"column":4},"end":{"line":143,"column":5}},"58":{"start":{"line":141,"column":6},"end":{"line":141,"column":92}},"59":{"start":{"line":142,"column":6},"end":{"line":142,"column":13}},"60":{"start":{"line":145,"column":4},"end":{"line":152,"column":5}},"61":{"start":{"line":146,"column":6},"end":{"line":146,"column":46}},"62":{"start":{"line":147,"column":6},"end":{"line":147,"column":79}},"63":{"start":{"line":149,"column":6},"end":{"line":151,"column":8}},"64":{"start":{"line":156,"column":0},"end":{"line":156,"column":21}}},"fnMap":{"0":{"name":"(anonymous_0)","decl":{"start":{"line":37,"column":24},"end":{"line":37,"column":25}},"loc":{"start":{"line":37,"column":36},"end":{"line":40,"column":1}},"line":37},"1":{"name":"(anonymous_1)","decl":{"start":{"line":56,"column":15},"end":{"line":56,"column":16}},"loc":{"start":{"line":56,"column":26},"end":{"line":56,"column":50}},"line":56},"2":{"name":"(anonymous_2)","decl":{"start":{"line":57,"column":11},"end":{"line":57,"column":12}},"loc":{"start":{"line":57,"column":18},"end":{"line":57,"column":36}},"line":57},"3":{"name":"(anonymous_3)","decl":{"start":{"line":66,"column":12},"end":{"line":66,"column":13}},"loc":{"start":{"line":66,"column":28},"end":{"line":77,"column":5}},"line":66},"4":{"name":"(anonymous_4)","decl":{"start":{"line":94,"column":16},"end":{"line":94,"column":17}},"loc":{"start":{"line":94,"column":25},"end":{"line":94,"column":31}},"line":94},"5":{"name":"(anonymous_5)","decl":{"start":{"line":112,"column":8},"end":{"line":112,"column":9}},"loc":{"start":{"line":112,"column":29},"end":{"line":120,"column":1}},"line":112},"6":{"name":"(anonymous_6)","decl":{"start":{"line":130,"column":19},"end":{"line":130,"column":20}},"loc":{"start":{"line":130,"column":25},"end":{"line":153,"column":3}},"line":130}},"branchMap":{"0":{"loc":{"start":{"line":38,"column":2},"end":{"line":38,"column":27}},"type":"if","locations":[{"start":{"line":38,"column":2},"end":{"line":38,"column":27}},{"start":{},"end":{}}],"line":38},"1":{"loc":{"start":{"line":67,"column":6},"end":{"line":67,"column":41}},"type":"if","locations":[{"start":{"line":67,"column":6},"end":{"line":67,"column":41}},{"start":{},"end":{}}],"line":67},"2":{"loc":{"start":{"line":69,"column":6},"end":{"line":71,"column":7}},"type":"if","locations":[{"start":{"line":69,"column":6},"end":{"line":71,"column":7}},{"start":{},"end":{}}],"line":69},"3":{"loc":{"start":{"line":69,"column":10},"end":{"line":69,"column":60}},"type":"binary-expr","locations":[{"start":{"line":69,"column":10},"end":{"line":69,"column":20}},{"start":{"line":69,"column":24},"end":{"line":69,"column":60}}],"line":69},"4":{"loc":{"start":{"line":73,"column":6},"end":{"line":75,"column":7}},"type":"if","locations":[{"start":{"line":73,"column":6},"end":{"line":75,"column":7}},{"start":{},"end":{}}],"line":73},"5":{"loc":{"start":{"line":127,"column":0},"end":{"line":154,"column":1}},"type":"if","locations":[{"start":{"line":127,"column":0},"end":{"line":154,"column":1}},{"start":{},"end":{}}],"line":127},"6":{"loc":{"start":{"line":128,"column":15},"end":{"line":128,"column":39}},"type":"binary-expr","locations":[{"start":{"line":128,"column":15},"end":{"line":128,"column":31}},{"start":{"line":128,"column":35},"end":{"line":128,"column":39}}],"line":128},"7":{"loc":{"start":{"line":138,"column":33},"end":{"line":138,"column":77}},"type":"binary-expr","locations":[{"start":{"line":138,"column":33},"end":{"line":138,"column":66}},{"start":{"line":138,"column":70},"end":{"line":138,"column":77}}],"line":138},"8":{"loc":{"start":{"line":140,"column":4},"end":{"line":143,"column":5}},"type":"if","locations":[{"start":{"line":140,"column":4},"end":{"line":143,"column":5}},{"start":{},"end":{}}],"line":140},"9":{"loc":{"start":{"line":145,"column":4},"end":{"line":152,"column":5}},"type":"if","locations":[{"start":{"line":145,"column":4},"end":{"line":152,"column":5}},{"start":{"line":148,"column":11},"end":{"line":152,"column":5}}],"line":145}},"s":{"0":0,"1":0,"2":0,"3":0,"4":0,"5":0,"6":0,"7":0,"8":0,"9":0,"10":0,"11":0,"12":0,"13":0,"14":0,"15":0,"16":0,"17":0,"18":0,"19":0,"20":0,"21":0,"22":0,"23":0,"24":0,"25":0,"26":0,"27":0,"28":0,"29":0,"30":0,"31":0,"32":0,"33":0,"34":0,"35":0,"36":0,"37":0,"38":0,"39":0,"40":0,"41":0,"42":0,"43":0,"44":0,"45":0,"46":0,"47":0,"48":0,"49":0,"50":0,"51":0,"52":0,"53":0,"54":0,"55":0,"56":0,"57":0,"58":0,"59":0,"60":0,"61":0,"62":0,"63":0,"64":0},"f":{"0":0,"1":0,"2":0,"3":0,"4":0,"5":0,"6":0},"b":{"0":[0,0],"1":[0,0],"2":[0,0],"3":[0,0],"4":[0,0],"5":[0,0],"6":[0,0],"7":[0,0],"8":[0,0],"9":[0,0]}}
,"C:\\Users\\rickj\\kavita\\kavita-backend\\controllers\\adminNewsController.js": {"path":"C:\\Users\\rickj\\kavita\\kavita-backend\\controllers\\adminNewsController.js","statementMap":{"0":{"start":{"line":1,"column":14},"end":{"line":1,"column":52}},"1":{"start":{"line":2,"column":17},"end":{"line":2,"column":58}},"2":{"start":{"line":4,"column":12},"end":{"line":4,"column":16}},"3":{"start":{"line":5,"column":0},"end":{"line":9,"column":1}},"4":{"start":{"line":6,"column":2},"end":{"line":6,"column":49}},"5":{"start":{"line":8,"column":2},"end":{"line":8,"column":15}},"6":{"start":{"line":11,"column":0},"end":{"line":15,"column":2}}},"fnMap":{},"branchMap":{"0":{"loc":{"start":{"line":14,"column":6},"end":{"line":14,"column":17}},"type":"binary-expr","locations":[{"start":{"line":14,"column":6},"end":{"line":14,"column":11}},{"start":{"line":14,"column":15},"end":{"line":14,"column":17}}],"line":14}},"s":{"0":0,"1":0,"2":0,"3":0,"4":0,"5":0,"6":0},"f":{},"b":{"0":[0,0]}}
,"C:\\Users\\rickj\\kavita\\kavita-backend\\controllers\\authController.js": {"path":"C:\\Users\\rickj\\kavita\\kavita-backend\\controllers\\authController.js","statementMap":{"0":{"start":{"line":2,"column":15},"end":{"line":2,"column":32}},"1":{"start":{"line":3,"column":13},"end":{"line":3,"column":38}},"2":{"start":{"line":4,"column":19},"end":{"line":4,"column":44}},"3":{"start":{"line":5,"column":28},"end":{"line":5,"column":76}},"4":{"start":{"line":6,"column":35},"end":{"line":6,"column":69}},"5":{"start":{"line":8,"column":17},"end":{"line":8,"column":46}},"6":{"start":{"line":9,"column":20},"end":{"line":9,"column":54}},"7":{"start":{"line":12,"column":23},"end":{"line":12,"column":60}},"8":{"start":{"line":13,"column":2},"end":{"line":19,"column":4}},"9":{"start":{"line":23,"column":2},"end":{"line":23,"column":61}},"10":{"start":{"line":26,"column":23},"end":{"line":152,"column":1}},"11":{"start":{"line":28,"column":29},"end":{"line":28,"column":37}},"12":{"start":{"line":30,"column":4},"end":{"line":57,"column":5}},"13":{"start":{"line":31,"column":22},"end":{"line":31,"column":89}},"14":{"start":{"line":33,"column":6},"end":{"line":36,"column":7}},"15":{"start":{"line":34,"column":8},"end":{"line":34,"column":32}},"16":{"start":{"line":35,"column":8},"end":{"line":35,"column":89}},"17":{"start":{"line":38,"column":19},"end":{"line":38,"column":27}},"18":{"start":{"line":40,"column":17},"end":{"line":40,"column":56}},"19":{"start":{"line":41,"column":6},"end":{"line":44,"column":7}},"20":{"start":{"line":42,"column":8},"end":{"line":42,"column":32}},"21":{"start":{"line":43,"column":8},"end":{"line":43,"column":89}},"22":{"start":{"line":46,"column":20},"end":{"line":46,"column":52}},"23":{"start":{"line":47,"column":6},"end":{"line":47,"column":31}},"24":{"start":{"line":49,"column":6},"end":{"line":49,"column":62}},"25":{"start":{"line":51,"column":6},"end":{"line":54,"column":9}},"26":{"start":{"line":56,"column":6},"end":{"line":56,"column":112}},"27":{"start":{"line":61,"column":35},"end":{"line":61,"column":43}},"28":{"start":{"line":63,"column":4},"end":{"line":75,"column":5}},"29":{"start":{"line":64,"column":22},"end":{"line":64,"column":90}},"30":{"start":{"line":65,"column":6},"end":{"line":67,"column":7}},"31":{"start":{"line":66,"column":8},"end":{"line":66,"column":103}},"32":{"start":{"line":69,"column":21},"end":{"line":69,"column":49}},"33":{"start":{"line":70,"column":6},"end":{"line":70,"column":108}},"34":{"start":{"line":72,"column":6},"end":{"line":72,"column":82}},"35":{"start":{"line":74,"column":6},"end":{"line":74,"column":112}},"36":{"start":{"line":79,"column":4},"end":{"line":84,"column":5}},"37":{"start":{"line":80,"column":6},"end":{"line":80,"column":60}},"38":{"start":{"line":81,"column":6},"end":{"line":81,"column":71}},"39":{"start":{"line":83,"column":6},"end":{"line":83,"column":100}},"40":{"start":{"line":88,"column":4},"end":{"line":121,"column":5}},"41":{"start":{"line":89,"column":24},"end":{"line":89,"column":32}},"42":{"start":{"line":90,"column":6},"end":{"line":93,"column":7}},"43":{"start":{"line":91,"column":8},"end":{"line":91,"column":32}},"44":{"start":{"line":92,"column":8},"end":{"line":92,"column":93}},"45":{"start":{"line":95,"column":21},"end":{"line":95,"column":91}},"46":{"start":{"line":98,"column":6},"end":{"line":103,"column":7}},"47":{"start":{"line":99,"column":8},"end":{"line":99,"column":33}},"48":{"start":{"line":100,"column":8},"end":{"line":102,"column":11}},"49":{"start":{"line":105,"column":19},"end":{"line":105,"column":26}},"50":{"start":{"line":106,"column":20},"end":{"line":106,"column":55}},"51":{"start":{"line":107,"column":22},"end":{"line":107,"column":52}},"52":{"start":{"line":109,"column":6},"end":{"line":109,"column":58}},"53":{"start":{"line":110,"column":6},"end":{"line":110,"column":68}},"54":{"start":{"line":111,"column":6},"end":{"line":111,"column":49}},"55":{"start":{"line":113,"column":6},"end":{"line":113,"column":31}},"56":{"start":{"line":115,"column":6},"end":{"line":117,"column":9}},"57":{"start":{"line":119,"column":6},"end":{"line":119,"column":30}},"58":{"start":{"line":120,"column":6},"end":{"line":120,"column":112}},"59":{"start":{"line":125,"column":4},"end":{"line":150,"column":5}},"60":{"start":{"line":126,"column":35},"end":{"line":126,"column":43}},"61":{"start":{"line":127,"column":6},"end":{"line":130,"column":7}},"62":{"start":{"line":128,"column":8},"end":{"line":128,"column":32}},"63":{"start":{"line":129,"column":8},"end":{"line":129,"column":109}},"64":{"start":{"line":132,"column":21},"end":{"line":132,"column":68}},"65":{"start":{"line":133,"column":6},"end":{"line":136,"column":7}},"66":{"start":{"line":134,"column":8},"end":{"line":134,"column":32}},"67":{"start":{"line":135,"column":8},"end":{"line":135,"column":94}},"68":{"start":{"line":138,"column":28},"end":{"line":138,"column":60}},"69":{"start":{"line":139,"column":6},"end":{"line":139,"column":104}},"70":{"start":{"line":141,"column":6},"end":{"line":141,"column":55}},"71":{"start":{"line":142,"column":6},"end":{"line":142,"column":65}},"72":{"start":{"line":144,"column":6},"end":{"line":144,"column":31}},"73":{"start":{"line":146,"column":6},"end":{"line":146,"column":81}},"74":{"start":{"line":148,"column":6},"end":{"line":148,"column":30}},"75":{"start":{"line":149,"column":6},"end":{"line":149,"column":112}},"76":{"start":{"line":154,"column":0},"end":{"line":154,"column":32}}},"fnMap":{"0":{"name":"getAuthCookieOptions","decl":{"start":{"line":11,"column":9},"end":{"line":11,"column":29}},"loc":{"start":{"line":11,"column":32},"end":{"line":20,"column":1}},"line":11},"1":{"name":"buildSafeUserResponse","decl":{"start":{"line":22,"column":9},"end":{"line":22,"column":30}},"loc":{"start":{"line":22,"column":37},"end":{"line":24,"column":1}},"line":22},"2":{"name":"(anonymous_2)","decl":{"start":{"line":27,"column":2},"end":{"line":27,"column":3}},"loc":{"start":{"line":27,"column":30},"end":{"line":58,"column":3}},"line":27},"3":{"name":"(anonymous_3)","decl":{"start":{"line":60,"column":2},"end":{"line":60,"column":3}},"loc":{"start":{"line":60,"column":33},"end":{"line":76,"column":3}},"line":60},"4":{"name":"(anonymous_4)","decl":{"start":{"line":78,"column":2},"end":{"line":78,"column":3}},"loc":{"start":{"line":78,"column":32},"end":{"line":85,"column":3}},"line":78},"5":{"name":"(anonymous_5)","decl":{"start":{"line":87,"column":2},"end":{"line":87,"column":3}},"loc":{"start":{"line":87,"column":39},"end":{"line":122,"column":3}},"line":87},"6":{"name":"(anonymous_6)","decl":{"start":{"line":124,"column":2},"end":{"line":124,"column":3}},"loc":{"start":{"line":124,"column":38},"end":{"line":151,"column":3}},"line":124}},"branchMap":{"0":{"loc":{"start":{"line":16,"column":14},"end":{"line":16,"column":45}},"type":"cond-expr","locations":[{"start":{"line":16,"column":29},"end":{"line":16,"column":37}},{"start":{"line":16,"column":40},"end":{"line":16,"column":45}}],"line":16},"1":{"loc":{"start":{"line":33,"column":6},"end":{"line":36,"column":7}},"type":"if","locations":[{"start":{"line":33,"column":6},"end":{"line":36,"column":7}},{"start":{},"end":{}}],"line":33},"2":{"loc":{"start":{"line":41,"column":6},"end":{"line":44,"column":7}},"type":"if","locations":[{"start":{"line":41,"column":6},"end":{"line":44,"column":7}},{"start":{},"end":{}}],"line":41},"3":{"loc":{"start":{"line":65,"column":6},"end":{"line":67,"column":7}},"type":"if","locations":[{"start":{"line":65,"column":6},"end":{"line":67,"column":7}},{"start":{},"end":{}}],"line":65},"4":{"loc":{"start":{"line":90,"column":6},"end":{"line":93,"column":7}},"type":"if","locations":[{"start":{"line":90,"column":6},"end":{"line":93,"column":7}},{"start":{},"end":{}}],"line":90},"5":{"loc":{"start":{"line":98,"column":6},"end":{"line":103,"column":7}},"type":"if","locations":[{"start":{"line":98,"column":6},"end":{"line":103,"column":7}},{"start":{},"end":{}}],"line":98},"6":{"loc":{"start":{"line":98,"column":10},"end":{"line":98,"column":36}},"type":"binary-expr","locations":[{"start":{"line":98,"column":10},"end":{"line":98,"column":15}},{"start":{"line":98,"column":19},"end":{"line":98,"column":36}}],"line":98},"7":{"loc":{"start":{"line":127,"column":6},"end":{"line":130,"column":7}},"type":"if","locations":[{"start":{"line":127,"column":6},"end":{"line":130,"column":7}},{"start":{},"end":{}}],"line":127},"8":{"loc":{"start":{"line":127,"column":10},"end":{"line":127,"column":30}},"type":"binary-expr","locations":[{"start":{"line":127,"column":10},"end":{"line":127,"column":16}},{"start":{"line":127,"column":20},"end":{"line":127,"column":30}}],"line":127},"9":{"loc":{"start":{"line":133,"column":6},"end":{"line":136,"column":7}},"type":"if","locations":[{"start":{"line":133,"column":6},"end":{"line":136,"column":7}},{"start":{},"end":{}}],"line":133}},"s":{"0":0,"1":0,"2":0,"3":0,"4":0,"5":0,"6":0,"7":0,"8":0,"9":0,"10":0,"11":0,"12":0,"13":0,"14":0,"15":0,"16":0,"17":0,"18":0,"19":0,"20":0,"21":0,"22":0,"23":0,"24":0,"25":0,"26":0,"27":0,"28":0,"29":0,"30":0,"31":0,"32":0,"33":0,"34":0,"35":0,"36":0,"37":0,"38":0,"39":0,"40":0,"41":0,"42":0,"43":0,"44":0,"45":0,"46":0,"47":0,"48":0,"49":0,"50":0,"51":0,"52":0,"53":0,"54":0,"55":0,"56":0,"57":0,"58":0,"59":0,"60":0,"61":0,"62":0,"63":0,"64":0,"65":0,"66":0,"67":0,"68":0,"69":0,"70":0,"71":0,"72":0,"73":0,"74":0,"75":0,"76":0},"f":{"0":0,"1":0,"2":0,"3":0,"4":0,"5":0,"6":0},"b":{"0":[0,0],"1":[0,0],"2":[0,0],"3":[0,0],"4":[0,0],"5":[0,0],"6":[0,0],"7":[0,0],"8":[0,0],"9":[0,0]}}
,"C:\\Users\\rickj\\kavita\\kavita-backend\\controllers\\checkoutController.js": {"path":"C:\\Users\\rickj\\kavita\\kavita-backend\\controllers\\checkoutController.js","statementMap":{"0":{"start":{"line":1,"column":13},"end":{"line":1,"column":38}},"1":{"start":{"line":2,"column":38},"end":{"line":2,"column":79}},"2":{"start":{"line":4,"column":17},"end":{"line":4,"column":46}},"3":{"start":{"line":5,"column":20},"end":{"line":5,"column":54}},"4":{"start":{"line":8,"column":12},"end":{"line":8,"column":52}},"5":{"start":{"line":9,"column":2},"end":{"line":9,"column":23}},"6":{"start":{"line":9,"column":10},"end":{"line":9,"column":23}},"7":{"start":{"line":11,"column":2},"end":{"line":11,"column":31}},"8":{"start":{"line":11,"column":19},"end":{"line":11,"column":31}},"9":{"start":{"line":12,"column":2},"end":{"line":12,"column":34}},"10":{"start":{"line":12,"column":22},"end":{"line":12,"column":34}},"11":{"start":{"line":13,"column":2},"end":{"line":13,"column":63}},"12":{"start":{"line":13,"column":51},"end":{"line":13,"column":63}},"13":{"start":{"line":14,"column":2},"end":{"line":14,"column":33}},"14":{"start":{"line":14,"column":21},"end":{"line":14,"column":33}},"15":{"start":{"line":16,"column":2},"end":{"line":16,"column":15}},"16":{"start":{"line":37,"column":6},"end":{"line":37,"column":20}},"17":{"start":{"line":39,"column":21},"end":{"line":39,"column":44}},"18":{"start":{"line":42,"column":2},"end":{"line":50,"column":3}},"19":{"start":{"line":43,"column":4},"end":{"line":49,"column":6}},"20":{"start":{"line":53,"column":2},"end":{"line":61,"column":3}},"21":{"start":{"line":54,"column":4},"end":{"line":60,"column":6}},"22":{"start":{"line":63,"column":2},"end":{"line":71,"column":3}},"23":{"start":{"line":64,"column":4},"end":{"line":70,"column":6}},"24":{"start":{"line":75,"column":2},"end":{"line":425,"column":3}},"25":{"start":{"line":76,"column":4},"end":{"line":76,"column":44}},"26":{"start":{"line":77,"column":4},"end":{"line":77,"column":40}},"27":{"start":{"line":80,"column":4},"end":{"line":119,"column":5}},"28":{"start":{"line":81,"column":21},"end":{"line":81,"column":23}},"29":{"start":{"line":82,"column":22},"end":{"line":82,"column":24}},"30":{"start":{"line":84,"column":6},"end":{"line":87,"column":7}},"31":{"start":{"line":85,"column":8},"end":{"line":85,"column":32}},"32":{"start":{"line":86,"column":8},"end":{"line":86,"column":42}},"33":{"start":{"line":89,"column":6},"end":{"line":92,"column":7}},"34":{"start":{"line":90,"column":8},"end":{"line":90,"column":33}},"35":{"start":{"line":91,"column":8},"end":{"line":91,"column":43}},"36":{"start":{"line":94,"column":6},"end":{"line":100,"column":7}},"37":{"start":{"line":95,"column":26},"end":{"line":95,"column":61}},"38":{"start":{"line":96,"column":8},"end":{"line":99,"column":9}},"39":{"start":{"line":97,"column":10},"end":{"line":97,"column":38}},"40":{"start":{"line":98,"column":10},"end":{"line":98,"column":34}},"41":{"start":{"line":102,"column":6},"end":{"line":108,"column":7}},"42":{"start":{"line":103,"column":26},"end":{"line":103,"column":56}},"43":{"start":{"line":104,"column":8},"end":{"line":107,"column":9}},"44":{"start":{"line":105,"column":10},"end":{"line":105,"column":33}},"45":{"start":{"line":106,"column":10},"end":{"line":106,"column":34}},"46":{"start":{"line":110,"column":6},"end":{"line":115,"column":7}},"47":{"start":{"line":111,"column":8},"end":{"line":114,"column":10}},"48":{"start":{"line":117,"column":6},"end":{"line":117,"column":75}},"49":{"start":{"line":122,"column":25},"end":{"line":122,"column":29}},"50":{"start":{"line":124,"column":4},"end":{"line":141,"column":5}},"51":{"start":{"line":125,"column":29},"end":{"line":134,"column":7}},"52":{"start":{"line":136,"column":6},"end":{"line":138,"column":7}},"53":{"start":{"line":137,"column":8},"end":{"line":137,"column":41}},"54":{"start":{"line":140,"column":6},"end":{"line":140,"column":71}},"55":{"start":{"line":144,"column":24},"end":{"line":144,"column":54}},"56":{"start":{"line":146,"column":24},"end":{"line":169,"column":5}},"57":{"start":{"line":171,"column":21},"end":{"line":171,"column":39}},"58":{"start":{"line":174,"column":16},"end":{"line":174,"column":49}},"59":{"start":{"line":174,"column":36},"end":{"line":174,"column":48}},"60":{"start":{"line":175,"column":23},"end":{"line":178,"column":5}},"61":{"start":{"line":180,"column":24},"end":{"line":180,"column":26}},"62":{"start":{"line":181,"column":4},"end":{"line":186,"column":7}},"63":{"start":{"line":182,"column":6},"end":{"line":185,"column":8}},"64":{"start":{"line":189,"column":22},"end":{"line":189,"column":23}},"65":{"start":{"line":191,"column":4},"end":{"line":234,"column":5}},"66":{"start":{"line":192,"column":24},"end":{"line":192,"column":39}},"67":{"start":{"line":193,"column":18},"end":{"line":193,"column":46}},"68":{"start":{"line":195,"column":6},"end":{"line":201,"column":7}},"69":{"start":{"line":196,"column":8},"end":{"line":200,"column":10}},"70":{"start":{"line":203,"column":19},"end":{"line":203,"column":41}},"71":{"start":{"line":204,"column":6},"end":{"line":210,"column":7}},"72":{"start":{"line":205,"column":8},"end":{"line":209,"column":10}},"73":{"start":{"line":212,"column":6},"end":{"line":218,"column":7}},"74":{"start":{"line":213,"column":8},"end":{"line":217,"column":10}},"75":{"start":{"line":220,"column":28},"end":{"line":220,"column":38}},"76":{"start":{"line":222,"column":6},"end":{"line":226,"column":8}},"77":{"start":{"line":228,"column":6},"end":{"line":231,"column":8}},"78":{"start":{"line":233,"column":6},"end":{"line":233,"column":41}},"79":{"start":{"line":237,"column":21},"end":{"line":237,"column":32}},"80":{"start":{"line":238,"column":24},"end":{"line":238,"column":25}},"81":{"start":{"line":239,"column":24},"end":{"line":239,"column":28}},"82":{"start":{"line":241,"column":4},"end":{"line":344,"column":5}},"83":{"start":{"line":242,"column":21},"end":{"line":242,"column":48}},"84":{"start":{"line":244,"column":6},"end":{"line":343,"column":7}},"85":{"start":{"line":245,"column":28},"end":{"line":254,"column":9}},"86":{"start":{"line":256,"column":8},"end":{"line":262,"column":9}},"87":{"start":{"line":257,"column":10},"end":{"line":261,"column":12}},"88":{"start":{"line":264,"column":22},"end":{"line":264,"column":34}},"89":{"start":{"line":266,"column":8},"end":{"line":272,"column":9}},"90":{"start":{"line":267,"column":10},"end":{"line":271,"column":12}},"91":{"start":{"line":274,"column":8},"end":{"line":284,"column":9}},"92":{"start":{"line":275,"column":24},"end":{"line":275,"column":34}},"93":{"start":{"line":276,"column":22},"end":{"line":276,"column":47}},"94":{"start":{"line":277,"column":10},"end":{"line":283,"column":11}},"95":{"start":{"line":278,"column":12},"end":{"line":282,"column":14}},"96":{"start":{"line":286,"column":21},"end":{"line":286,"column":44}},"97":{"start":{"line":288,"column":10},"end":{"line":290,"column":36}},"98":{"start":{"line":292,"column":8},"end":{"line":298,"column":9}},"99":{"start":{"line":293,"column":10},"end":{"line":297,"column":12}},"100":{"start":{"line":300,"column":23},"end":{"line":300,"column":48}},"101":{"start":{"line":301,"column":8},"end":{"line":307,"column":9}},"102":{"start":{"line":302,"column":10},"end":{"line":306,"column":12}},"103":{"start":{"line":309,"column":22},"end":{"line":309,"column":46}},"104":{"start":{"line":310,"column":23},"end":{"line":310,"column":24}},"105":{"start":{"line":312,"column":8},"end":{"line":316,"column":9}},"106":{"start":{"line":313,"column":10},"end":{"line":313,"column":49}},"107":{"start":{"line":315,"column":10},"end":{"line":315,"column":27}},"108":{"start":{"line":318,"column":8},"end":{"line":318,"column":39}},"109":{"start":{"line":318,"column":26},"end":{"line":318,"column":39}},"110":{"start":{"line":319,"column":8},"end":{"line":319,"column":59}},"111":{"start":{"line":319,"column":36},"end":{"line":319,"column":59}},"112":{"start":{"line":321,"column":8},"end":{"line":321,"column":33}},"113":{"start":{"line":322,"column":8},"end":{"line":322,"column":49}},"114":{"start":{"line":324,"column":8},"end":{"line":329,"column":10}},"115":{"start":{"line":331,"column":8},"end":{"line":333,"column":11}},"116":{"start":{"line":335,"column":8},"end":{"line":335,"column":57}},"117":{"start":{"line":335,"column":42},"end":{"line":335,"column":57}},"118":{"start":{"line":337,"column":8},"end":{"line":337,"column":69}},"119":{"start":{"line":338,"column":8},"end":{"line":342,"column":10}},"120":{"start":{"line":347,"column":4},"end":{"line":350,"column":7}},"121":{"start":{"line":353,"column":4},"end":{"line":367,"column":5}},"122":{"start":{"line":354,"column":6},"end":{"line":364,"column":7}},"123":{"start":{"line":355,"column":8},"end":{"line":363,"column":10}},"124":{"start":{"line":366,"column":6},"end":{"line":366,"column":80}},"125":{"start":{"line":370,"column":4},"end":{"line":370,"column":30}},"126":{"start":{"line":373,"column":4},"end":{"line":377,"column":5}},"127":{"start":{"line":374,"column":6},"end":{"line":374,"column":65}},"128":{"start":{"line":376,"column":6},"end":{"line":376,"column":72}},"129":{"start":{"line":380,"column":4},"end":{"line":387,"column":5}},"130":{"start":{"line":381,"column":6},"end":{"line":384,"column":8}},"131":{"start":{"line":386,"column":6},"end":{"line":386,"column":64}},"132":{"start":{"line":390,"column":4},"end":{"line":398,"column":7}},"133":{"start":{"line":400,"column":4},"end":{"line":400,"column":61}},"134":{"start":{"line":402,"column":4},"end":{"line":408,"column":5}},"135":{"start":{"line":403,"column":6},"end":{"line":407,"column":7}},"136":{"start":{"line":404,"column":8},"end":{"line":404,"column":36}},"137":{"start":{"line":406,"column":8},"end":{"line":406,"column":71}},"138":{"start":{"line":410,"column":4},"end":{"line":412,"column":5}},"139":{"start":{"line":411,"column":6},"end":{"line":411,"column":23}},"140":{"start":{"line":414,"column":4},"end":{"line":420,"column":6}},"141":{"start":{"line":422,"column":4},"end":{"line":424,"column":5}},"142":{"start":{"line":423,"column":6},"end":{"line":423,"column":27}},"143":{"start":{"line":428,"column":0},"end":{"line":428,"column":28}}},"fnMap":{"0":{"name":"isFormaPagamentoValida","decl":{"start":{"line":7,"column":9},"end":{"line":7,"column":31}},"loc":{"start":{"line":7,"column":39},"end":{"line":17,"column":1}},"line":7},"1":{"name":"create","decl":{"start":{"line":27,"column":15},"end":{"line":27,"column":21}},"loc":{"start":{"line":27,"column":38},"end":{"line":426,"column":1}},"line":27},"2":{"name":"(anonymous_2)","decl":{"start":{"line":174,"column":29},"end":{"line":174,"column":30}},"loc":{"start":{"line":174,"column":36},"end":{"line":174,"column":48}},"line":174},"3":{"name":"(anonymous_3)","decl":{"start":{"line":181,"column":21},"end":{"line":181,"column":22}},"loc":{"start":{"line":181,"column":30},"end":{"line":186,"column":5}},"line":181}},"branchMap":{"0":{"loc":{"start":{"line":8,"column":19},"end":{"line":8,"column":30}},"type":"binary-expr","locations":[{"start":{"line":8,"column":19},"end":{"line":8,"column":24}},{"start":{"line":8,"column":28},"end":{"line":8,"column":30}}],"line":8},"1":{"loc":{"start":{"line":9,"column":2},"end":{"line":9,"column":23}},"type":"if","locations":[{"start":{"line":9,"column":2},"end":{"line":9,"column":23}},{"start":{},"end":{}}],"line":9},"2":{"loc":{"start":{"line":11,"column":2},"end":{"line":11,"column":31}},"type":"if","locations":[{"start":{"line":11,"column":2},"end":{"line":11,"column":31}},{"start":{},"end":{}}],"line":11},"3":{"loc":{"start":{"line":12,"column":2},"end":{"line":12,"column":34}},"type":"if","locations":[{"start":{"line":12,"column":2},"end":{"line":12,"column":34}},{"start":{},"end":{}}],"line":12},"4":{"loc":{"start":{"line":13,"column":2},"end":{"line":13,"column":63}},"type":"if","locations":[{"start":{"line":13,"column":2},"end":{"line":13,"column":63}},{"start":{},"end":{}}],"line":13},"5":{"loc":{"start":{"line":13,"column":6},"end":{"line":13,"column":49}},"type":"binary-expr","locations":[{"start":{"line":13,"column":6},"end":{"line":13,"column":24}},{"start":{"line":13,"column":28},"end":{"line":13,"column":49}}],"line":13},"6":{"loc":{"start":{"line":14,"column":2},"end":{"line":14,"column":33}},"type":"if","locations":[{"start":{"line":14,"column":2},"end":{"line":14,"column":33}},{"start":{},"end":{}}],"line":14},"7":{"loc":{"start":{"line":37,"column":6},"end":{"line":37,"column":20}},"type":"binary-expr","locations":[{"start":{"line":37,"column":6},"end":{"line":37,"column":14}},{"start":{"line":37,"column":18},"end":{"line":37,"column":20}}],"line":37},"8":{"loc":{"start":{"line":39,"column":21},"end":{"line":39,"column":44}},"type":"binary-expr","locations":[{"start":{"line":39,"column":21},"end":{"line":39,"column":29}},{"start":{"line":39,"column":33},"end":{"line":39,"column":44}}],"line":39},"9":{"loc":{"start":{"line":42,"column":2},"end":{"line":50,"column":3}},"type":"if","locations":[{"start":{"line":42,"column":2},"end":{"line":50,"column":3}},{"start":{},"end":{}}],"line":42},"10":{"loc":{"start":{"line":53,"column":2},"end":{"line":61,"column":3}},"type":"if","locations":[{"start":{"line":53,"column":2},"end":{"line":61,"column":3}},{"start":{},"end":{}}],"line":53},"11":{"loc":{"start":{"line":63,"column":2},"end":{"line":71,"column":3}},"type":"if","locations":[{"start":{"line":63,"column":2},"end":{"line":71,"column":3}},{"start":{},"end":{}}],"line":63},"12":{"loc":{"start":{"line":63,"column":6},"end":{"line":63,"column":55}},"type":"binary-expr","locations":[{"start":{"line":63,"column":6},"end":{"line":63,"column":30}},{"start":{"line":63,"column":34},"end":{"line":63,"column":55}}],"line":63},"13":{"loc":{"start":{"line":84,"column":6},"end":{"line":87,"column":7}},"type":"if","locations":[{"start":{"line":84,"column":6},"end":{"line":87,"column":7}},{"start":{},"end":{}}],"line":84},"14":{"loc":{"start":{"line":84,"column":10},"end":{"line":84,"column":37}},"type":"binary-expr","locations":[{"start":{"line":84,"column":10},"end":{"line":84,"column":14}},{"start":{"line":84,"column":18},"end":{"line":84,"column":37}}],"line":84},"15":{"loc":{"start":{"line":89,"column":6},"end":{"line":92,"column":7}},"type":"if","locations":[{"start":{"line":89,"column":6},"end":{"line":92,"column":7}},{"start":{},"end":{}}],"line":89},"16":{"loc":{"start":{"line":89,"column":10},"end":{"line":89,"column":39}},"type":"binary-expr","locations":[{"start":{"line":89,"column":10},"end":{"line":89,"column":15}},{"start":{"line":89,"column":19},"end":{"line":89,"column":39}}],"line":89},"17":{"loc":{"start":{"line":94,"column":6},"end":{"line":100,"column":7}},"type":"if","locations":[{"start":{"line":94,"column":6},"end":{"line":100,"column":7}},{"start":{},"end":{}}],"line":94},"18":{"loc":{"start":{"line":94,"column":10},"end":{"line":94,"column":45}},"type":"binary-expr","locations":[{"start":{"line":94,"column":10},"end":{"line":94,"column":18}},{"start":{"line":94,"column":22},"end":{"line":94,"column":45}}],"line":94},"19":{"loc":{"start":{"line":96,"column":8},"end":{"line":99,"column":9}},"type":"if","locations":[{"start":{"line":96,"column":8},"end":{"line":99,"column":9}},{"start":{},"end":{}}],"line":96},"20":{"loc":{"start":{"line":102,"column":6},"end":{"line":108,"column":7}},"type":"if","locations":[{"start":{"line":102,"column":6},"end":{"line":108,"column":7}},{"start":{},"end":{}}],"line":102},"21":{"loc":{"start":{"line":102,"column":10},"end":{"line":102,"column":35}},"type":"binary-expr","locations":[{"start":{"line":102,"column":10},"end":{"line":102,"column":13}},{"start":{"line":102,"column":17},"end":{"line":102,"column":35}}],"line":102},"22":{"loc":{"start":{"line":104,"column":8},"end":{"line":107,"column":9}},"type":"if","locations":[{"start":{"line":104,"column":8},"end":{"line":107,"column":9}},{"start":{},"end":{}}],"line":104},"23":{"loc":{"start":{"line":110,"column":6},"end":{"line":115,"column":7}},"type":"if","locations":[{"start":{"line":110,"column":6},"end":{"line":115,"column":7}},{"start":{},"end":{}}],"line":110},"24":{"loc":{"start":{"line":136,"column":6},"end":{"line":138,"column":7}},"type":"if","locations":[{"start":{"line":136,"column":6},"end":{"line":138,"column":7}},{"start":{},"end":{}}],"line":136},"25":{"loc":{"start":{"line":136,"column":10},"end":{"line":136,"column":49}},"type":"binary-expr","locations":[{"start":{"line":136,"column":10},"end":{"line":136,"column":22}},{"start":{"line":136,"column":26},"end":{"line":136,"column":49}}],"line":136},"26":{"loc":{"start":{"line":144,"column":39},"end":{"line":144,"column":53}},"type":"binary-expr","locations":[{"start":{"line":144,"column":39},"end":{"line":144,"column":47}},{"start":{"line":144,"column":51},"end":{"line":144,"column":53}}],"line":144},"27":{"loc":{"start":{"line":193,"column":25},"end":{"line":193,"column":45}},"type":"binary-expr","locations":[{"start":{"line":193,"column":25},"end":{"line":193,"column":40}},{"start":{"line":193,"column":44},"end":{"line":193,"column":45}}],"line":193},"28":{"loc":{"start":{"line":195,"column":6},"end":{"line":201,"column":7}},"type":"if","locations":[{"start":{"line":195,"column":6},"end":{"line":201,"column":7}},{"start":{},"end":{}}],"line":195},"29":{"loc":{"start":{"line":195,"column":10},"end":{"line":195,"column":57}},"type":"binary-expr","locations":[{"start":{"line":195,"column":10},"end":{"line":195,"column":20}},{"start":{"line":195,"column":24},"end":{"line":195,"column":45}},{"start":{"line":195,"column":49},"end":{"line":195,"column":57}}],"line":195},"30":{"loc":{"start":{"line":204,"column":6},"end":{"line":210,"column":7}},"type":"if","locations":[{"start":{"line":204,"column":6},"end":{"line":210,"column":7}},{"start":{},"end":{}}],"line":204},"31":{"loc":{"start":{"line":212,"column":6},"end":{"line":218,"column":7}},"type":"if","locations":[{"start":{"line":212,"column":6},"end":{"line":218,"column":7}},{"start":{},"end":{}}],"line":212},"32":{"loc":{"start":{"line":241,"column":4},"end":{"line":344,"column":5}},"type":"if","locations":[{"start":{"line":241,"column":4},"end":{"line":344,"column":5}},{"start":{},"end":{}}],"line":241},"33":{"loc":{"start":{"line":241,"column":8},"end":{"line":241,"column":51}},"type":"binary-expr","locations":[{"start":{"line":241,"column":8},"end":{"line":241,"column":20}},{"start":{"line":241,"column":24},"end":{"line":241,"column":51}}],"line":241},"34":{"loc":{"start":{"line":256,"column":8},"end":{"line":262,"column":9}},"type":"if","locations":[{"start":{"line":256,"column":8},"end":{"line":262,"column":9}},{"start":{},"end":{}}],"line":256},"35":{"loc":{"start":{"line":256,"column":12},"end":{"line":256,"column":48}},"type":"binary-expr","locations":[{"start":{"line":256,"column":12},"end":{"line":256,"column":22}},{"start":{"line":256,"column":26},"end":{"line":256,"column":48}}],"line":256},"36":{"loc":{"start":{"line":266,"column":8},"end":{"line":272,"column":9}},"type":"if","locations":[{"start":{"line":266,"column":8},"end":{"line":272,"column":9}},{"start":{},"end":{}}],"line":266},"37":{"loc":{"start":{"line":274,"column":8},"end":{"line":284,"column":9}},"type":"if","locations":[{"start":{"line":274,"column":8},"end":{"line":284,"column":9}},{"start":{},"end":{}}],"line":274},"38":{"loc":{"start":{"line":277,"column":10},"end":{"line":283,"column":11}},"type":"if","locations":[{"start":{"line":277,"column":10},"end":{"line":283,"column":11}},{"start":{},"end":{}}],"line":277},"39":{"loc":{"start":{"line":286,"column":28},"end":{"line":286,"column":43}},"type":"binary-expr","locations":[{"start":{"line":286,"column":28},"end":{"line":286,"column":38}},{"start":{"line":286,"column":42},"end":{"line":286,"column":43}}],"line":286},"40":{"loc":{"start":{"line":288,"column":10},"end":{"line":290,"column":36}},"type":"cond-expr","locations":[{"start":{"line":289,"column":14},"end":{"line":289,"column":18}},{"start":{"line":290,"column":14},"end":{"line":290,"column":36}}],"line":288},"41":{"loc":{"start":{"line":288,"column":10},"end":{"line":288,"column":65}},"type":"binary-expr","locations":[{"start":{"line":288,"column":10},"end":{"line":288,"column":33}},{"start":{"line":288,"column":37},"end":{"line":288,"column":65}}],"line":288},"42":{"loc":{"start":{"line":292,"column":8},"end":{"line":298,"column":9}},"type":"if","locations":[{"start":{"line":292,"column":8},"end":{"line":298,"column":9}},{"start":{},"end":{}}],"line":292},"43":{"loc":{"start":{"line":292,"column":12},"end":{"line":292,"column":47}},"type":"binary-expr","locations":[{"start":{"line":292,"column":12},"end":{"line":292,"column":28}},{"start":{"line":292,"column":32},"end":{"line":292,"column":47}}],"line":292},"44":{"loc":{"start":{"line":300,"column":30},"end":{"line":300,"column":47}},"type":"binary-expr","locations":[{"start":{"line":300,"column":30},"end":{"line":300,"column":42}},{"start":{"line":300,"column":46},"end":{"line":300,"column":47}}],"line":300},"45":{"loc":{"start":{"line":301,"column":8},"end":{"line":307,"column":9}},"type":"if","locations":[{"start":{"line":301,"column":8},"end":{"line":307,"column":9}},{"start":{},"end":{}}],"line":301},"46":{"loc":{"start":{"line":301,"column":12},"end":{"line":301,"column":46}},"type":"binary-expr","locations":[{"start":{"line":301,"column":12},"end":{"line":301,"column":22}},{"start":{"line":301,"column":26},"end":{"line":301,"column":46}}],"line":301},"47":{"loc":{"start":{"line":309,"column":29},"end":{"line":309,"column":45}},"type":"binary-expr","locations":[{"start":{"line":309,"column":29},"end":{"line":309,"column":40}},{"start":{"line":309,"column":44},"end":{"line":309,"column":45}}],"line":309},"48":{"loc":{"start":{"line":312,"column":8},"end":{"line":316,"column":9}},"type":"if","locations":[{"start":{"line":312,"column":8},"end":{"line":316,"column":9}},{"start":{"line":314,"column":15},"end":{"line":316,"column":9}}],"line":312},"49":{"loc":{"start":{"line":318,"column":8},"end":{"line":318,"column":39}},"type":"if","locations":[{"start":{"line":318,"column":8},"end":{"line":318,"column":39}},{"start":{},"end":{}}],"line":318},"50":{"loc":{"start":{"line":319,"column":8},"end":{"line":319,"column":59}},"type":"if","locations":[{"start":{"line":319,"column":8},"end":{"line":319,"column":59}},{"start":{},"end":{}}],"line":319},"51":{"loc":{"start":{"line":335,"column":8},"end":{"line":335,"column":57}},"type":"if","locations":[{"start":{"line":335,"column":8},"end":{"line":335,"column":57}},{"start":{},"end":{}}],"line":335},"52":{"loc":{"start":{"line":354,"column":6},"end":{"line":364,"column":7}},"type":"if","locations":[{"start":{"line":354,"column":6},"end":{"line":364,"column":7}},{"start":{},"end":{}}],"line":354},"53":{"loc":{"start":{"line":354,"column":10},"end":{"line":354,"column":45}},"type":"binary-expr","locations":[{"start":{"line":354,"column":10},"end":{"line":354,"column":24}},{"start":{"line":354,"column":28},"end":{"line":354,"column":45}}],"line":354},"54":{"loc":{"start":{"line":402,"column":4},"end":{"line":408,"column":5}},"type":"if","locations":[{"start":{"line":402,"column":4},"end":{"line":408,"column":5}},{"start":{},"end":{}}],"line":402},"55":{"loc":{"start":{"line":410,"column":4},"end":{"line":412,"column":5}},"type":"if","locations":[{"start":{"line":410,"column":4},"end":{"line":412,"column":5}},{"start":{},"end":{}}],"line":410},"56":{"loc":{"start":{"line":422,"column":4},"end":{"line":424,"column":5}},"type":"if","locations":[{"start":{"line":422,"column":4},"end":{"line":424,"column":5}},{"start":{},"end":{}}],"line":422}},"s":{"0":26,"1":26,"2":26,"3":26,"4":24,"5":24,"6":0,"7":24,"8":22,"9":2,"10":0,"11":2,"12":0,"13":2,"14":0,"15":2,"16":26,"17":26,"18":26,"19":2,"20":24,"21":2,"22":22,"23":1,"24":21,"25":21,"26":21,"27":21,"28":21,"29":21,"30":21,"31":4,"32":4,"33":21,"34":1,"35":1,"36":21,"37":1,"38":1,"39":1,"40":1,"41":21,"42":1,"43":1,"44":1,"45":1,"46":21,"47":4,"48":1,"49":21,"50":21,"51":21,"52":18,"53":2,"54":3,"55":21,"56":21,"57":18,"58":18,"59":19,"60":18,"61":18,"62":18,"63":18,"64":18,"65":18,"66":19,"67":19,"68":19,"69":1,"70":18,"71":18,"72":1,"73":17,"74":2,"75":15,"76":15,"77":15,"78":15,"79":14,"80":14,"81":14,"82":14,"83":8,"84":8,"85":8,"86":7,"87":1,"88":6,"89":6,"90":1,"91":5,"92":1,"93":1,"94":1,"95":1,"96":4,"97":4,"98":4,"99":1,"100":3,"101":3,"102":1,"103":2,"104":2,"105":2,"106":1,"107":1,"108":2,"109":0,"110":2,"111":0,"112":2,"113":2,"114":2,"115":2,"116":6,"117":5,"118":1,"119":1,"120":8,"121":8,"122":8,"123":2,"124":1,"125":8,"126":8,"127":8,"128":1,"129":8,"130":8,"131":1,"132":8,"133":13,"134":13,"135":13,"136":13,"137":1,"138":13,"139":10,"140":3,"141":21,"142":21,"143":26},"f":{"0":24,"1":26,"2":19,"3":18},"b":{"0":[24,0],"1":[0,24],"2":[22,2],"3":[0,2],"4":[0,2],"5":[2,0],"6":[0,2],"7":[26,0],"8":[26,24],"9":[2,24],"10":[2,22],"11":[1,21],"12":[22,22],"13":[4,17],"14":[21,4],"15":[1,20],"16":[21,1],"17":[1,20],"18":[21,1],"19":[1,0],"20":[1,20],"21":[21,1],"22":[1,0],"23":[4,17],"24":[2,16],"25":[18,18],"26":[21,0],"27":[19,1],"28":[1,18],"29":[19,19,19],"30":[1,17],"31":[2,15],"32":[8,6],"33":[14,8],"34":[1,6],"35":[7,7],"36":[1,5],"37":[1,4],"38":[1,0],"39":[4,2],"40":[0,4],"41":[4,4],"42":[1,3],"43":[4,4],"44":[3,2],"45":[1,2],"46":[3,1],"47":[2,0],"48":[1,1],"49":[0,2],"50":[0,2],"51":[5,1],"52":[2,6],"53":[8,2],"54":[13,0],"55":[10,3],"56":[21,0]},"_coverageSchema":"1a1c01bbd47fc00a2c39e90264f33305004495a9","hash":"e7c2c77e0b51420e1b9390fc8c6b91723538d06b"}
,"C:\\Users\\rickj\\kavita\\kavita-backend\\controllers\\newsPublicController.js": {"path":"C:\\Users\\rickj\\kavita\\kavita-backend\\controllers\\newsPublicController.js","statementMap":{"0":{"start":{"line":5,"column":18},"end":{"line":5,"column":48}},"1":{"start":{"line":6,"column":11},"end":{"line":6,"column":15}},"2":{"start":{"line":7,"column":0},"end":{"line":11,"column":1}},"3":{"start":{"line":8,"column":2},"end":{"line":8,"column":35}},"4":{"start":{"line":10,"column":2},"end":{"line":10,"column":14}},"5":{"start":{"line":17,"column":18},"end":{"line":17,"column":36}},"6":{"start":{"line":18,"column":2},"end":{"line":18,"column":46}},"7":{"start":{"line":18,"column":26},"end":{"line":18,"column":46}},"8":{"start":{"line":19,"column":2},"end":{"line":19,"column":39}},"9":{"start":{"line":23,"column":18},"end":{"line":23,"column":46}},"10":{"start":{"line":24,"column":2},"end":{"line":24,"column":41}},"11":{"start":{"line":24,"column":15},"end":{"line":24,"column":41}},"12":{"start":{"line":25,"column":2},"end":{"line":25,"column":42}},"13":{"start":{"line":29,"column":12},"end":{"line":29,"column":48}},"14":{"start":{"line":30,"column":2},"end":{"line":30,"column":35}},"15":{"start":{"line":34,"column":14},"end":{"line":34,"column":63}},"16":{"start":{"line":35,"column":14},"end":{"line":35,"column":43}},"17":{"start":{"line":36,"column":2},"end":{"line":36,"column":22}},"18":{"start":{"line":40,"column":2},"end":{"line":40,"column":46}},"19":{"start":{"line":44,"column":2},"end":{"line":44,"column":77}},"20":{"start":{"line":52,"column":0},"end":{"line":61,"column":2}},"21":{"start":{"line":53,"column":2},"end":{"line":60,"column":3}},"22":{"start":{"line":54,"column":17},"end":{"line":54,"column":52}},"23":{"start":{"line":55,"column":4},"end":{"line":55,"column":49}},"24":{"start":{"line":55,"column":30},"end":{"line":55,"column":49}},"25":{"start":{"line":56,"column":4},"end":{"line":56,"column":25}},"26":{"start":{"line":58,"column":4},"end":{"line":58,"column":60}},"27":{"start":{"line":59,"column":4},"end":{"line":59,"column":69}},"28":{"start":{"line":64,"column":0},"end":{"line":78,"column":2}},"29":{"start":{"line":65,"column":15},"end":{"line":65,"column":45}},"30":{"start":{"line":66,"column":2},"end":{"line":68,"column":3}},"31":{"start":{"line":67,"column":4},"end":{"line":67,"column":83}},"32":{"start":{"line":70,"column":2},"end":{"line":77,"column":3}},"33":{"start":{"line":71,"column":18},"end":{"line":71,"column":62}},"34":{"start":{"line":72,"column":4},"end":{"line":72,"column":76}},"35":{"start":{"line":72,"column":16},"end":{"line":72,"column":76}},"36":{"start":{"line":73,"column":4},"end":{"line":73,"column":26}},"37":{"start":{"line":75,"column":4},"end":{"line":75,"column":59}},"38":{"start":{"line":76,"column":4},"end":{"line":76,"column":69}},"39":{"start":{"line":85,"column":0},"end":{"line":99,"column":2}},"40":{"start":{"line":86,"column":2},"end":{"line":98,"column":3}},"41":{"start":{"line":87,"column":22},"end":{"line":87,"column":85}},"42":{"start":{"line":88,"column":17},"end":{"line":88,"column":68}},"43":{"start":{"line":90,"column":4},"end":{"line":94,"column":6}},"44":{"start":{"line":96,"column":4},"end":{"line":96,"column":63}},"45":{"start":{"line":97,"column":4},"end":{"line":97,"column":72}},"46":{"start":{"line":102,"column":0},"end":{"line":116,"column":2}},"47":{"start":{"line":103,"column":15},"end":{"line":103,"column":45}},"48":{"start":{"line":104,"column":2},"end":{"line":106,"column":3}},"49":{"start":{"line":105,"column":4},"end":{"line":105,"column":83}},"50":{"start":{"line":108,"column":2},"end":{"line":115,"column":3}},"51":{"start":{"line":109,"column":20},"end":{"line":109,"column":66}},"52":{"start":{"line":110,"column":4},"end":{"line":110,"column":80}},"53":{"start":{"line":110,"column":18},"end":{"line":110,"column":80}},"54":{"start":{"line":111,"column":4},"end":{"line":111,"column":28}},"55":{"start":{"line":113,"column":4},"end":{"line":113,"column":61}},"56":{"start":{"line":114,"column":4},"end":{"line":114,"column":71}},"57":{"start":{"line":123,"column":0},"end":{"line":133,"column":2}},"58":{"start":{"line":124,"column":38},"end":{"line":124,"column":96}},"59":{"start":{"line":126,"column":2},"end":{"line":132,"column":3}},"60":{"start":{"line":127,"column":18},"end":{"line":127,"column":70}},"61":{"start":{"line":128,"column":4},"end":{"line":128,"column":73}},"62":{"start":{"line":130,"column":4},"end":{"line":130,"column":60}},"63":{"start":{"line":131,"column":4},"end":{"line":131,"column":69}},"64":{"start":{"line":137,"column":0},"end":{"line":165,"column":2}},"65":{"start":{"line":138,"column":15},"end":{"line":138,"column":45}},"66":{"start":{"line":139,"column":2},"end":{"line":141,"column":3}},"67":{"start":{"line":140,"column":4},"end":{"line":140,"column":83}},"68":{"start":{"line":143,"column":2},"end":{"line":164,"column":3}},"69":{"start":{"line":145,"column":17},"end":{"line":145,"column":60}},"70":{"start":{"line":146,"column":4},"end":{"line":146,"column":93}},"71":{"start":{"line":146,"column":15},"end":{"line":146,"column":93}},"72":{"start":{"line":149,"column":4},"end":{"line":158,"column":5}},"73":{"start":{"line":150,"column":6},"end":{"line":155,"column":7}},"74":{"start":{"line":151,"column":8},"end":{"line":154,"column":10}},"75":{"start":{"line":160,"column":4},"end":{"line":160,"column":25}},"76":{"start":{"line":162,"column":4},"end":{"line":162,"column":58}},"77":{"start":{"line":163,"column":4},"end":{"line":163,"column":68}},"78":{"start":{"line":173,"column":0},"end":{"line":192,"column":2}},"79":{"start":{"line":174,"column":2},"end":{"line":191,"column":3}},"80":{"start":{"line":175,"column":23},"end":{"line":175,"column":81}},"81":{"start":{"line":177,"column":37},"end":{"line":181,"column":6}},"82":{"start":{"line":183,"column":4},"end":{"line":187,"column":7}},"83":{"start":{"line":189,"column":4},"end":{"line":189,"column":59}},"84":{"start":{"line":190,"column":4},"end":{"line":190,"column":74}}},"fnMap":{"0":{"name":"ok","decl":{"start":{"line":16,"column":9},"end":{"line":16,"column":11}},"loc":{"start":{"line":16,"column":29},"end":{"line":20,"column":1}},"line":16},"1":{"name":"fail","decl":{"start":{"line":22,"column":9},"end":{"line":22,"column":13}},"loc":{"start":{"line":22,"column":51},"end":{"line":26,"column":1}},"line":22},"2":{"name":"toInt","decl":{"start":{"line":28,"column":9},"end":{"line":28,"column":14}},"loc":{"start":{"line":28,"column":27},"end":{"line":31,"column":1}},"line":28},"3":{"name":"sanitizeLimitOffset","decl":{"start":{"line":33,"column":9},"end":{"line":33,"column":28}},"loc":{"start":{"line":33,"column":59},"end":{"line":37,"column":1}},"line":33},"4":{"name":"normalizeSlug","decl":{"start":{"line":39,"column":9},"end":{"line":39,"column":22}},"loc":{"start":{"line":39,"column":26},"end":{"line":41,"column":1}},"line":39},"5":{"name":"isValidSlug","decl":{"start":{"line":43,"column":9},"end":{"line":43,"column":20}},"loc":{"start":{"line":43,"column":27},"end":{"line":45,"column":1}},"line":43},"6":{"name":"(anonymous_6)","decl":{"start":{"line":52,"column":20},"end":{"line":52,"column":21}},"loc":{"start":{"line":52,"column":40},"end":{"line":61,"column":1}},"line":52},"7":{"name":"(anonymous_7)","decl":{"start":{"line":64,"column":19},"end":{"line":64,"column":20}},"loc":{"start":{"line":64,"column":39},"end":{"line":78,"column":1}},"line":64},"8":{"name":"(anonymous_8)","decl":{"start":{"line":85,"column":23},"end":{"line":85,"column":24}},"loc":{"start":{"line":85,"column":43},"end":{"line":99,"column":1}},"line":85},"9":{"name":"(anonymous_9)","decl":{"start":{"line":102,"column":21},"end":{"line":102,"column":22}},"loc":{"start":{"line":102,"column":41},"end":{"line":116,"column":1}},"line":102},"10":{"name":"(anonymous_10)","decl":{"start":{"line":123,"column":20},"end":{"line":123,"column":21}},"loc":{"start":{"line":123,"column":40},"end":{"line":133,"column":1}},"line":123},"11":{"name":"(anonymous_11)","decl":{"start":{"line":137,"column":18},"end":{"line":137,"column":19}},"loc":{"start":{"line":137,"column":38},"end":{"line":165,"column":1}},"line":137},"12":{"name":"(anonymous_12)","decl":{"start":{"line":173,"column":19},"end":{"line":173,"column":20}},"loc":{"start":{"line":173,"column":39},"end":{"line":192,"column":1}},"line":173}},"branchMap":{"0":{"loc":{"start":{"line":18,"column":2},"end":{"line":18,"column":46}},"type":"if","locations":[{"start":{"line":18,"column":2},"end":{"line":18,"column":46}},{"start":{},"end":{}}],"line":18},"1":{"loc":{"start":{"line":24,"column":2},"end":{"line":24,"column":41}},"type":"if","locations":[{"start":{"line":24,"column":2},"end":{"line":24,"column":41}},{"start":{},"end":{}}],"line":24},"2":{"loc":{"start":{"line":28,"column":18},"end":{"line":28,"column":25}},"type":"default-arg","locations":[{"start":{"line":28,"column":24},"end":{"line":28,"column":25}}],"line":28},"3":{"loc":{"start":{"line":29,"column":35},"end":{"line":29,"column":42}},"type":"binary-expr","locations":[{"start":{"line":29,"column":35},"end":{"line":29,"column":36}},{"start":{"line":29,"column":40},"end":{"line":29,"column":42}}],"line":29},"4":{"loc":{"start":{"line":30,"column":9},"end":{"line":30,"column":34}},"type":"cond-expr","locations":[{"start":{"line":30,"column":27},"end":{"line":30,"column":30}},{"start":{"line":30,"column":33},"end":{"line":30,"column":34}}],"line":30},"5":{"loc":{"start":{"line":33,"column":44},"end":{"line":33,"column":57}},"type":"default-arg","locations":[{"start":{"line":33,"column":55},"end":{"line":33,"column":57}}],"line":33},"6":{"loc":{"start":{"line":40,"column":16},"end":{"line":40,"column":23}},"type":"binary-expr","locations":[{"start":{"line":40,"column":16},"end":{"line":40,"column":17}},{"start":{"line":40,"column":21},"end":{"line":40,"column":23}}],"line":40},"7":{"loc":{"start":{"line":44,"column":9},"end":{"line":44,"column":76}},"type":"binary-expr","locations":[{"start":{"line":44,"column":9},"end":{"line":44,"column":33}},{"start":{"line":44,"column":37},"end":{"line":44,"column":76}}],"line":44},"8":{"loc":{"start":{"line":55,"column":4},"end":{"line":55,"column":49}},"type":"if","locations":[{"start":{"line":55,"column":4},"end":{"line":55,"column":49}},{"start":{},"end":{}}],"line":55},"9":{"loc":{"start":{"line":66,"column":2},"end":{"line":68,"column":3}},"type":"if","locations":[{"start":{"line":66,"column":2},"end":{"line":68,"column":3}},{"start":{},"end":{}}],"line":66},"10":{"loc":{"start":{"line":66,"column":6},"end":{"line":66,"column":33}},"type":"binary-expr","locations":[{"start":{"line":66,"column":6},"end":{"line":66,"column":11}},{"start":{"line":66,"column":15},"end":{"line":66,"column":33}}],"line":66},"11":{"loc":{"start":{"line":72,"column":4},"end":{"line":72,"column":76}},"type":"if","locations":[{"start":{"line":72,"column":4},"end":{"line":72,"column":76}},{"start":{},"end":{}}],"line":72},"12":{"loc":{"start":{"line":87,"column":22},"end":{"line":87,"column":85}},"type":"cond-expr","locations":[{"start":{"line":87,"column":44},"end":{"line":87,"column":78}},{"start":{"line":87,"column":81},"end":{"line":87,"column":85}}],"line":87},"13":{"loc":{"start":{"line":92,"column":6},"end":{"line":92,"column":37}},"type":"cond-expr","locations":[{"start":{"line":92,"column":28},"end":{"line":92,"column":32}},{"start":{"line":92,"column":35},"end":{"line":92,"column":37}}],"line":92},"14":{"loc":{"start":{"line":93,"column":6},"end":{"line":93,"column":43}},"type":"cond-expr","locations":[{"start":{"line":93,"column":18},"end":{"line":93,"column":31}},{"start":{"line":93,"column":34},"end":{"line":93,"column":43}}],"line":93},"15":{"loc":{"start":{"line":104,"column":2},"end":{"line":106,"column":3}},"type":"if","locations":[{"start":{"line":104,"column":2},"end":{"line":106,"column":3}},{"start":{},"end":{}}],"line":104},"16":{"loc":{"start":{"line":104,"column":6},"end":{"line":104,"column":33}},"type":"binary-expr","locations":[{"start":{"line":104,"column":6},"end":{"line":104,"column":11}},{"start":{"line":104,"column":15},"end":{"line":104,"column":33}}],"line":104},"17":{"loc":{"start":{"line":110,"column":4},"end":{"line":110,"column":80}},"type":"if","locations":[{"start":{"line":110,"column":4},"end":{"line":110,"column":80}},{"start":{},"end":{}}],"line":110},"18":{"loc":{"start":{"line":128,"column":19},"end":{"line":128,"column":52}},"type":"cond-expr","locations":[{"start":{"line":128,"column":42},"end":{"line":128,"column":47}},{"start":{"line":128,"column":50},"end":{"line":128,"column":52}}],"line":128},"19":{"loc":{"start":{"line":139,"column":2},"end":{"line":141,"column":3}},"type":"if","locations":[{"start":{"line":139,"column":2},"end":{"line":141,"column":3}},{"start":{},"end":{}}],"line":139},"20":{"loc":{"start":{"line":139,"column":6},"end":{"line":139,"column":33}},"type":"binary-expr","locations":[{"start":{"line":139,"column":6},"end":{"line":139,"column":11}},{"start":{"line":139,"column":15},"end":{"line":139,"column":33}}],"line":139},"21":{"loc":{"start":{"line":146,"column":4},"end":{"line":146,"column":93}},"type":"if","locations":[{"start":{"line":146,"column":4},"end":{"line":146,"column":93}},{"start":{},"end":{}}],"line":146},"22":{"loc":{"start":{"line":150,"column":6},"end":{"line":155,"column":7}},"type":"if","locations":[{"start":{"line":150,"column":6},"end":{"line":155,"column":7}},{"start":{},"end":{}}],"line":150},"23":{"loc":{"start":{"line":184,"column":13},"end":{"line":184,"column":46}},"type":"cond-expr","locations":[{"start":{"line":184,"column":36},"end":{"line":184,"column":41}},{"start":{"line":184,"column":44},"end":{"line":184,"column":46}}],"line":184},"24":{"loc":{"start":{"line":185,"column":16},"end":{"line":185,"column":55}},"type":"cond-expr","locations":[{"start":{"line":185,"column":42},"end":{"line":185,"column":50}},{"start":{"line":185,"column":53},"end":{"line":185,"column":55}}],"line":185},"25":{"loc":{"start":{"line":186,"column":13},"end":{"line":186,"column":46}},"type":"cond-expr","locations":[{"start":{"line":186,"column":36},"end":{"line":186,"column":41}},{"start":{"line":186,"column":44},"end":{"line":186,"column":46}}],"line":186}},"s":{"0":0,"1":0,"2":0,"3":0,"4":0,"5":0,"6":0,"7":0,"8":0,"9":0,"10":0,"11":0,"12":0,"13":0,"14":0,"15":0,"16":0,"17":0,"18":0,"19":0,"20":0,"21":0,"22":0,"23":0,"24":0,"25":0,"26":0,"27":0,"28":0,"29":0,"30":0,"31":0,"32":0,"33":0,"34":0,"35":0,"36":0,"37":0,"38":0,"39":0,"40":0,"41":0,"42":0,"43":0,"44":0,"45":0,"46":0,"47":0,"48":0,"49":0,"50":0,"51":0,"52":0,"53":0,"54":0,"55":0,"56":0,"57":0,"58":0,"59":0,"60":0,"61":0,"62":0,"63":0,"64":0,"65":0,"66":0,"67":0,"68":0,"69":0,"70":0,"71":0,"72":0,"73":0,"74":0,"75":0,"76":0,"77":0,"78":0,"79":0,"80":0,"81":0,"82":0,"83":0,"84":0},"f":{"0":0,"1":0,"2":0,"3":0,"4":0,"5":0,"6":0,"7":0,"8":0,"9":0,"10":0,"11":0,"12":0},"b":{"0":[0,0],"1":[0,0],"2":[0],"3":[0,0],"4":[0,0],"5":[0],"6":[0,0],"7":[0,0],"8":[0,0],"9":[0,0],"10":[0,0],"11":[0,0],"12":[0,0],"13":[0,0],"14":[0,0],"15":[0,0],"16":[0,0],"17":[0,0],"18":[0,0],"19":[0,0],"20":[0,0],"21":[0,0],"22":[0,0],"23":[0,0],"24":[0,0],"25":[0,0]}}
,"C:\\Users\\rickj\\kavita\\kavita-backend\\controllers\\news\\adminClimaController.js": {"path":"C:\\Users\\rickj\\kavita\\kavita-backend\\controllers\\news\\adminClimaController.js","statementMap":{"0":{"start":{"line":4,"column":18},"end":{"line":4,"column":51}},"1":{"start":{"line":5,"column":13},"end":{"line":5,"column":41}},"2":{"start":{"line":12,"column":27},"end":{"line":12,"column":31}},"3":{"start":{"line":13,"column":0},"end":{"line":18,"column":1}},"4":{"start":{"line":14,"column":2},"end":{"line":14,"column":72}},"5":{"start":{"line":16,"column":2},"end":{"line":16,"column":30}},"6":{"start":{"line":17,"column":2},"end":{"line":17,"column":92}},"7":{"start":{"line":24,"column":18},"end":{"line":24,"column":36}},"8":{"start":{"line":25,"column":2},"end":{"line":25,"column":32}},"9":{"start":{"line":25,"column":12},"end":{"line":25,"column":32}},"10":{"start":{"line":26,"column":2},"end":{"line":26,"column":39}},"11":{"start":{"line":30,"column":2},"end":{"line":30,"column":50}},"12":{"start":{"line":34,"column":18},"end":{"line":34,"column":46}},"13":{"start":{"line":35,"column":2},"end":{"line":35,"column":41}},"14":{"start":{"line":35,"column":15},"end":{"line":35,"column":41}},"15":{"start":{"line":36,"column":2},"end":{"line":36,"column":42}},"16":{"start":{"line":40,"column":12},"end":{"line":40,"column":48}},"17":{"start":{"line":41,"column":2},"end":{"line":41,"column":35}},"18":{"start":{"line":45,"column":2},"end":{"line":45,"column":61}},"19":{"start":{"line":45,"column":49},"end":{"line":45,"column":61}},"20":{"start":{"line":46,"column":12},"end":{"line":46,"column":58}},"21":{"start":{"line":47,"column":2},"end":{"line":47,"column":36}},"22":{"start":{"line":51,"column":2},"end":{"line":51,"column":46}},"23":{"start":{"line":55,"column":2},"end":{"line":55,"column":77}},"24":{"start":{"line":59,"column":2},"end":{"line":59,"column":80}},"25":{"start":{"line":63,"column":2},"end":{"line":63,"column":61}},"26":{"start":{"line":63,"column":49},"end":{"line":63,"column":61}},"27":{"start":{"line":64,"column":2},"end":{"line":64,"column":57}},"28":{"start":{"line":68,"column":2},"end":{"line":68,"column":46}},"29":{"start":{"line":72,"column":2},"end":{"line":72,"column":60}},"30":{"start":{"line":72,"column":49},"end":{"line":72,"column":60}},"31":{"start":{"line":73,"column":2},"end":{"line":73,"column":27}},"32":{"start":{"line":73,"column":18},"end":{"line":73,"column":27}},"33":{"start":{"line":74,"column":2},"end":{"line":74,"column":28}},"34":{"start":{"line":74,"column":19},"end":{"line":74,"column":28}},"35":{"start":{"line":76,"column":12},"end":{"line":76,"column":42}},"36":{"start":{"line":77,"column":2},"end":{"line":77,"column":72}},"37":{"start":{"line":77,"column":63},"end":{"line":77,"column":72}},"38":{"start":{"line":78,"column":2},"end":{"line":78,"column":87}},"39":{"start":{"line":78,"column":78},"end":{"line":78,"column":87}},"40":{"start":{"line":80,"column":12},"end":{"line":80,"column":25}},"41":{"start":{"line":81,"column":2},"end":{"line":81,"column":19}},"42":{"start":{"line":85,"column":2},"end":{"line":85,"column":67}},"43":{"start":{"line":85,"column":55},"end":{"line":85,"column":67}},"44":{"start":{"line":86,"column":2},"end":{"line":86,"column":42}},"45":{"start":{"line":86,"column":29},"end":{"line":86,"column":42}},"46":{"start":{"line":87,"column":12},"end":{"line":87,"column":20}},"47":{"start":{"line":88,"column":2},"end":{"line":88,"column":23}},"48":{"start":{"line":88,"column":10},"end":{"line":88,"column":23}},"49":{"start":{"line":89,"column":2},"end":{"line":89,"column":70}},"50":{"start":{"line":93,"column":12},"end":{"line":93,"column":22}},"51":{"start":{"line":94,"column":14},"end":{"line":94,"column":47}},"52":{"start":{"line":94,"column":21},"end":{"line":94,"column":47}},"53":{"start":{"line":95,"column":2},"end":{"line":97,"column":29}},"54":{"start":{"line":101,"column":2},"end":{"line":101,"column":76}},"55":{"start":{"line":105,"column":2},"end":{"line":105,"column":56}},"56":{"start":{"line":112,"column":2},"end":{"line":124,"column":3}},"57":{"start":{"line":113,"column":21},"end":{"line":113,"column":36}},"58":{"start":{"line":114,"column":4},"end":{"line":114,"column":26}},"59":{"start":{"line":114,"column":19},"end":{"line":114,"column":26}},"60":{"start":{"line":116,"column":4},"end":{"line":121,"column":7}},"61":{"start":{"line":132,"column":2},"end":{"line":132,"column":72}},"62":{"start":{"line":132,"column":49},"end":{"line":132,"column":72}},"63":{"start":{"line":134,"column":13},"end":{"line":134,"column":43}},"64":{"start":{"line":135,"column":15},"end":{"line":135,"column":38}},"65":{"start":{"line":136,"column":16},"end":{"line":136,"column":36}},"66":{"start":{"line":138,"column":2},"end":{"line":147,"column":3}},"67":{"start":{"line":139,"column":4},"end":{"line":146,"column":6}},"68":{"start":{"line":148,"column":2},"end":{"line":152,"column":3}},"69":{"start":{"line":149,"column":4},"end":{"line":151,"column":6}},"70":{"start":{"line":153,"column":2},"end":{"line":153,"column":23}},"71":{"start":{"line":157,"column":2},"end":{"line":157,"column":50}},"72":{"start":{"line":157,"column":28},"end":{"line":157,"column":50}},"73":{"start":{"line":158,"column":14},"end":{"line":158,"column":25}},"74":{"start":{"line":159,"column":12},"end":{"line":159,"column":24}},"75":{"start":{"line":160,"column":2},"end":{"line":162,"column":3}},"76":{"start":{"line":161,"column":4},"end":{"line":161,"column":124}},"77":{"start":{"line":163,"column":2},"end":{"line":163,"column":42}},"78":{"start":{"line":167,"column":2},"end":{"line":167,"column":50}},"79":{"start":{"line":167,"column":28},"end":{"line":167,"column":50}},"80":{"start":{"line":168,"column":14},"end":{"line":168,"column":25}},"81":{"start":{"line":169,"column":2},"end":{"line":173,"column":3}},"82":{"start":{"line":170,"column":4},"end":{"line":172,"column":6}},"83":{"start":{"line":174,"column":2},"end":{"line":174,"column":32}},"84":{"start":{"line":178,"column":2},"end":{"line":178,"column":50}},"85":{"start":{"line":178,"column":28},"end":{"line":178,"column":50}},"86":{"start":{"line":179,"column":14},"end":{"line":179,"column":25}},"87":{"start":{"line":180,"column":2},"end":{"line":182,"column":3}},"88":{"start":{"line":181,"column":4},"end":{"line":181,"column":128}},"89":{"start":{"line":183,"column":2},"end":{"line":183,"column":52}},"90":{"start":{"line":187,"column":2},"end":{"line":187,"column":59}},"91":{"start":{"line":195,"column":2},"end":{"line":201,"column":3}},"92":{"start":{"line":196,"column":17},"end":{"line":196,"column":44}},"93":{"start":{"line":197,"column":4},"end":{"line":197,"column":25}},"94":{"start":{"line":199,"column":4},"end":{"line":199,"column":60}},"95":{"start":{"line":200,"column":4},"end":{"line":200,"column":69}},"96":{"start":{"line":209,"column":2},"end":{"line":250,"column":3}},"97":{"start":{"line":210,"column":15},"end":{"line":210,"column":62}},"98":{"start":{"line":211,"column":14},"end":{"line":211,"column":46}},"99":{"start":{"line":212,"column":18},"end":{"line":212,"column":74}},"100":{"start":{"line":214,"column":4},"end":{"line":220,"column":5}},"101":{"start":{"line":215,"column":6},"end":{"line":219,"column":9}},"102":{"start":{"line":222,"column":4},"end":{"line":224,"column":5}},"103":{"start":{"line":223,"column":6},"end":{"line":223,"column":46}},"104":{"start":{"line":227,"column":17},"end":{"line":231,"column":6}},"105":{"start":{"line":233,"column":4},"end":{"line":242,"column":7}},"106":{"start":{"line":244,"column":4},"end":{"line":244,"column":45}},"107":{"start":{"line":245,"column":4},"end":{"line":249,"column":7}},"108":{"start":{"line":254,"column":2},"end":{"line":328,"column":3}},"109":{"start":{"line":255,"column":17},"end":{"line":255,"column":31}},"110":{"start":{"line":257,"column":22},"end":{"line":257,"column":87}},"111":{"start":{"line":258,"column":17},"end":{"line":258,"column":41}},"112":{"start":{"line":259,"column":15},"end":{"line":259,"column":35}},"113":{"start":{"line":261,"column":4},"end":{"line":261,"column":124}},"114":{"start":{"line":261,"column":20},"end":{"line":261,"column":124}},"115":{"start":{"line":262,"column":4},"end":{"line":262,"column":107}},"116":{"start":{"line":262,"column":28},"end":{"line":262,"column":107}},"117":{"start":{"line":263,"column":4},"end":{"line":263,"column":115}},"118":{"start":{"line":263,"column":25},"end":{"line":263,"column":115}},"119":{"start":{"line":265,"column":18},"end":{"line":265,"column":22}},"120":{"start":{"line":266,"column":4},"end":{"line":270,"column":5}},"121":{"start":{"line":267,"column":16},"end":{"line":267,"column":38}},"122":{"start":{"line":268,"column":6},"end":{"line":268,"column":122}},"123":{"start":{"line":268,"column":23},"end":{"line":268,"column":122}},"124":{"start":{"line":269,"column":6},"end":{"line":269,"column":18}},"125":{"start":{"line":272,"column":27},"end":{"line":272,"column":87}},"126":{"start":{"line":273,"column":4},"end":{"line":273,"column":74}},"127":{"start":{"line":273,"column":30},"end":{"line":273,"column":74}},"128":{"start":{"line":274,"column":25},"end":{"line":274,"column":45}},"129":{"start":{"line":276,"column":19},"end":{"line":276,"column":39}},"130":{"start":{"line":277,"column":18},"end":{"line":277,"column":37}},"131":{"start":{"line":279,"column":4},"end":{"line":280,"column":107}},"132":{"start":{"line":280,"column":6},"end":{"line":280,"column":107}},"133":{"start":{"line":282,"column":4},"end":{"line":283,"column":105}},"134":{"start":{"line":283,"column":6},"end":{"line":283,"column":105}},"135":{"start":{"line":285,"column":23},"end":{"line":285,"column":91}},"136":{"start":{"line":286,"column":4},"end":{"line":290,"column":5}},"137":{"start":{"line":287,"column":6},"end":{"line":289,"column":7}},"138":{"start":{"line":288,"column":8},"end":{"line":288,"column":104}},"139":{"start":{"line":292,"column":22},"end":{"line":292,"column":81}},"140":{"start":{"line":293,"column":4},"end":{"line":297,"column":5}},"141":{"start":{"line":294,"column":6},"end":{"line":296,"column":7}},"142":{"start":{"line":295,"column":8},"end":{"line":295,"column":92}},"143":{"start":{"line":299,"column":20},"end":{"line":319,"column":5}},"144":{"start":{"line":321,"column":16},"end":{"line":321,"column":52}},"145":{"start":{"line":322,"column":4},"end":{"line":322,"column":64}},"146":{"start":{"line":323,"column":4},"end":{"line":323,"column":29}},"147":{"start":{"line":325,"column":4},"end":{"line":325,"column":62}},"148":{"start":{"line":326,"column":4},"end":{"line":326,"column":132}},"149":{"start":{"line":326,"column":60},"end":{"line":326,"column":132}},"150":{"start":{"line":327,"column":4},"end":{"line":327,"column":68}},"151":{"start":{"line":332,"column":2},"end":{"line":410,"column":3}},"152":{"start":{"line":333,"column":15},"end":{"line":333,"column":38}},"153":{"start":{"line":334,"column":4},"end":{"line":334,"column":71}},"154":{"start":{"line":334,"column":13},"end":{"line":334,"column":71}},"155":{"start":{"line":336,"column":17},"end":{"line":336,"column":31}},"156":{"start":{"line":337,"column":18},"end":{"line":337,"column":20}},"157":{"start":{"line":339,"column":4},"end":{"line":343,"column":5}},"158":{"start":{"line":340,"column":6},"end":{"line":341,"column":107}},"159":{"start":{"line":341,"column":8},"end":{"line":341,"column":107}},"160":{"start":{"line":342,"column":6},"end":{"line":342,"column":78}},"161":{"start":{"line":345,"column":4},"end":{"line":350,"column":5}},"162":{"start":{"line":346,"column":19},"end":{"line":346,"column":43}},"163":{"start":{"line":347,"column":6},"end":{"line":348,"column":87}},"164":{"start":{"line":348,"column":8},"end":{"line":348,"column":87}},"165":{"start":{"line":349,"column":6},"end":{"line":349,"column":43}},"166":{"start":{"line":352,"column":4},"end":{"line":357,"column":5}},"167":{"start":{"line":353,"column":17},"end":{"line":353,"column":37}},"168":{"start":{"line":354,"column":6},"end":{"line":355,"column":98}},"169":{"start":{"line":355,"column":8},"end":{"line":355,"column":98}},"170":{"start":{"line":356,"column":6},"end":{"line":356,"column":37}},"171":{"start":{"line":359,"column":4},"end":{"line":366,"column":5}},"172":{"start":{"line":360,"column":6},"end":{"line":365,"column":7}},"173":{"start":{"line":360,"column":56},"end":{"line":360,"column":77}},"174":{"start":{"line":362,"column":18},"end":{"line":362,"column":40}},"175":{"start":{"line":363,"column":8},"end":{"line":363,"column":124}},"176":{"start":{"line":363,"column":25},"end":{"line":363,"column":124}},"177":{"start":{"line":364,"column":8},"end":{"line":364,"column":26}},"178":{"start":{"line":368,"column":4},"end":{"line":372,"column":5}},"179":{"start":{"line":369,"column":29},"end":{"line":369,"column":89}},"180":{"start":{"line":370,"column":6},"end":{"line":370,"column":76}},"181":{"start":{"line":370,"column":32},"end":{"line":370,"column":76}},"182":{"start":{"line":371,"column":6},"end":{"line":371,"column":48}},"183":{"start":{"line":374,"column":4},"end":{"line":378,"column":5}},"184":{"start":{"line":375,"column":16},"end":{"line":375,"column":46}},"185":{"start":{"line":376,"column":6},"end":{"line":376,"column":50}},"186":{"start":{"line":376,"column":19},"end":{"line":376,"column":50}},"187":{"start":{"line":377,"column":6},"end":{"line":377,"column":38}},"188":{"start":{"line":377,"column":19},"end":{"line":377,"column":38}},"189":{"start":{"line":380,"column":4},"end":{"line":384,"column":5}},"190":{"start":{"line":381,"column":16},"end":{"line":381,"column":52}},"191":{"start":{"line":382,"column":6},"end":{"line":382,"column":50}},"192":{"start":{"line":382,"column":19},"end":{"line":382,"column":50}},"193":{"start":{"line":383,"column":6},"end":{"line":383,"column":38}},"194":{"start":{"line":383,"column":19},"end":{"line":383,"column":38}},"195":{"start":{"line":386,"column":4},"end":{"line":393,"column":5}},"196":{"start":{"line":387,"column":6},"end":{"line":392,"column":7}},"197":{"start":{"line":387,"column":62},"end":{"line":387,"column":86}},"198":{"start":{"line":389,"column":19},"end":{"line":389,"column":47}},"199":{"start":{"line":390,"column":8},"end":{"line":390,"column":131}},"200":{"start":{"line":390,"column":29},"end":{"line":390,"column":131}},"201":{"start":{"line":391,"column":8},"end":{"line":391,"column":30}},"202":{"start":{"line":395,"column":4},"end":{"line":399,"column":5}},"203":{"start":{"line":396,"column":16},"end":{"line":396,"column":49}},"204":{"start":{"line":397,"column":6},"end":{"line":397,"column":50}},"205":{"start":{"line":397,"column":19},"end":{"line":397,"column":50}},"206":{"start":{"line":398,"column":6},"end":{"line":398,"column":38}},"207":{"start":{"line":398,"column":19},"end":{"line":398,"column":38}},"208":{"start":{"line":401,"column":4},"end":{"line":401,"column":71}},"209":{"start":{"line":401,"column":31},"end":{"line":401,"column":71}},"210":{"start":{"line":403,"column":19},"end":{"line":403,"column":57}},"211":{"start":{"line":404,"column":4},"end":{"line":404,"column":52}},"212":{"start":{"line":405,"column":4},"end":{"line":405,"column":27}},"213":{"start":{"line":407,"column":4},"end":{"line":407,"column":62}},"214":{"start":{"line":408,"column":4},"end":{"line":408,"column":132}},"215":{"start":{"line":408,"column":60},"end":{"line":408,"column":132}},"216":{"start":{"line":409,"column":4},"end":{"line":409,"column":72}},"217":{"start":{"line":414,"column":2},"end":{"line":423,"column":3}},"218":{"start":{"line":415,"column":15},"end":{"line":415,"column":38}},"219":{"start":{"line":416,"column":4},"end":{"line":416,"column":71}},"220":{"start":{"line":416,"column":13},"end":{"line":416,"column":71}},"221":{"start":{"line":417,"column":19},"end":{"line":417,"column":50}},"222":{"start":{"line":418,"column":4},"end":{"line":418,"column":53}},"223":{"start":{"line":419,"column":4},"end":{"line":419,"column":27}},"224":{"start":{"line":421,"column":4},"end":{"line":421,"column":62}},"225":{"start":{"line":422,"column":4},"end":{"line":422,"column":70}},"226":{"start":{"line":432,"column":15},"end":{"line":432,"column":48}},"227":{"start":{"line":432,"column":22},"end":{"line":432,"column":48}},"228":{"start":{"line":433,"column":16},"end":{"line":433,"column":90}},"229":{"start":{"line":433,"column":23},"end":{"line":433,"column":90}},"230":{"start":{"line":434,"column":18},"end":{"line":438,"column":3}},"231":{"start":{"line":435,"column":14},"end":{"line":435,"column":35}},"232":{"start":{"line":436,"column":4},"end":{"line":436,"column":34}},"233":{"start":{"line":437,"column":4},"end":{"line":437,"column":13}},"234":{"start":{"line":440,"column":20},"end":{"line":465,"column":3}},"235":{"start":{"line":441,"column":17},"end":{"line":441,"column":38}},"236":{"start":{"line":442,"column":14},"end":{"line":446,"column":17}},"237":{"start":{"line":443,"column":6},"end":{"line":445,"column":16}},"238":{"start":{"line":444,"column":8},"end":{"line":444,"column":21}},"239":{"start":{"line":448,"column":4},"end":{"line":464,"column":5}},"240":{"start":{"line":449,"column":16},"end":{"line":456,"column":8}},"241":{"start":{"line":458,"column":19},"end":{"line":458,"column":51}},"242":{"start":{"line":458,"column":46},"end":{"line":458,"column":50}},"243":{"start":{"line":459,"column":6},"end":{"line":459,"column":55}},"244":{"start":{"line":461,"column":6},"end":{"line":461,"column":87}},"245":{"start":{"line":463,"column":6},"end":{"line":463,"column":22}},"246":{"start":{"line":467,"column":18},"end":{"line":471,"column":3}},"247":{"start":{"line":468,"column":4},"end":{"line":468,"column":63}},"248":{"start":{"line":468,"column":51},"end":{"line":468,"column":63}},"249":{"start":{"line":469,"column":14},"end":{"line":469,"column":49}},"250":{"start":{"line":470,"column":4},"end":{"line":470,"column":41}},"251":{"start":{"line":473,"column":17},"end":{"line":478,"column":3}},"252":{"start":{"line":474,"column":4},"end":{"line":474,"column":53}},"253":{"start":{"line":474,"column":44},"end":{"line":474,"column":53}},"254":{"start":{"line":475,"column":16},"end":{"line":475,"column":17}},"255":{"start":{"line":476,"column":4},"end":{"line":476,"column":50}},"256":{"start":{"line":476,"column":25},"end":{"line":476,"column":50}},"257":{"start":{"line":477,"column":4},"end":{"line":477,"column":36}},"258":{"start":{"line":481,"column":12},"end":{"line":481,"column":42}},"259":{"start":{"line":482,"column":12},"end":{"line":482,"column":42}},"260":{"start":{"line":485,"column":2},"end":{"line":510,"column":3}},"261":{"start":{"line":486,"column":17},"end":{"line":486,"column":57}},"262":{"start":{"line":487,"column":15},"end":{"line":487,"column":62}},"263":{"start":{"line":489,"column":4},"end":{"line":494,"column":5}},"264":{"start":{"line":490,"column":18},"end":{"line":490,"column":46}},"265":{"start":{"line":491,"column":6},"end":{"line":491,"column":35}},"266":{"start":{"line":492,"column":6},"end":{"line":492,"column":81}},"267":{"start":{"line":493,"column":6},"end":{"line":493,"column":16}},"268":{"start":{"line":496,"column":14},"end":{"line":496,"column":50}},"269":{"start":{"line":497,"column":19},"end":{"line":497,"column":113}},"270":{"start":{"line":498,"column":16},"end":{"line":498,"column":39}},"271":{"start":{"line":500,"column":18},"end":{"line":500,"column":41}},"272":{"start":{"line":501,"column":4},"end":{"line":501,"column":35}},"273":{"start":{"line":502,"column":4},"end":{"line":502,"column":36}},"274":{"start":{"line":504,"column":4},"end":{"line":509,"column":5}},"275":{"start":{"line":505,"column":18},"end":{"line":505,"column":48}},"276":{"start":{"line":506,"column":6},"end":{"line":506,"column":37}},"277":{"start":{"line":507,"column":6},"end":{"line":507,"column":89}},"278":{"start":{"line":508,"column":6},"end":{"line":508,"column":16}},"279":{"start":{"line":513,"column":14},"end":{"line":513,"column":24}},"280":{"start":{"line":514,"column":14},"end":{"line":5
[...]
":{"line":224,"column":6},"end":{"line":224,"column":25}},"80":{"start":{"line":225,"column":6},"end":{"line":225,"column":80}},"81":{"start":{"line":228,"column":15},"end":{"line":228,"column":46}},"82":{"start":{"line":229,"column":4},"end":{"line":231,"column":5}},"83":{"start":{"line":230,"column":6},"end":{"line":230,"column":86}},"84":{"start":{"line":237,"column":16},"end":{"line":237,"column":36}},"85":{"start":{"line":238,"column":2},"end":{"line":244,"column":3}},"86":{"start":{"line":239,"column":4},"end":{"line":243,"column":6}},"87":{"start":{"line":248,"column":18},"end":{"line":248,"column":22}},"88":{"start":{"line":253,"column":18},"end":{"line":261,"column":3}},"89":{"start":{"line":263,"column":2},"end":{"line":312,"column":3}},"90":{"start":{"line":264,"column":22},"end":{"line":264,"column":42}},"91":{"start":{"line":267,"column":4},"end":{"line":291,"column":5}},"92":{"start":{"line":268,"column":6},"end":{"line":268,"column":47}},"93":{"start":{"line":268,"column":38},"end":{"line":268,"column":47}},"94":{"start":{"line":270,"column":25},"end":{"line":273,"column":7}},"95":{"start":{"line":275,"column":6},"end":{"line":290,"column":7}},"96":{"start":{"line":276,"column":8},"end":{"line":288,"column":10}},"97":{"start":{"line":289,"column":8},"end":{"line":289,"column":14}},"98":{"start":{"line":294,"column":4},"end":{"line":311,"column":5}},"99":{"start":{"line":295,"column":19},"end":{"line":295,"column":64}},"100":{"start":{"line":295,"column":37},"end":{"line":295,"column":63}},"101":{"start":{"line":296,"column":6},"end":{"line":310,"column":7}},"102":{"start":{"line":297,"column":8},"end":{"line":309,"column":10}},"103":{"start":{"line":317,"column":2},"end":{"line":343,"column":3}},"104":{"start":{"line":318,"column":19},"end":{"line":328,"column":5}},"105":{"start":{"line":330,"column":4},"end":{"line":332,"column":5}},"106":{"start":{"line":331,"column":6},"end":{"line":331,"column":86}},"107":{"start":{"line":334,"column":17},"end":{"line":334,"column":24}},"108":{"start":{"line":335,"column":4},"end":{"line":342,"column":6}},"109":{"start":{"line":349,"column":21},"end":{"line":349,"column":70}},"110":{"start":{"line":354,"column":2},"end":{"line":364,"column":3}},"111":{"start":{"line":355,"column":4},"end":{"line":363,"column":6}},"112":{"start":{"line":366,"column":2},"end":{"line":374,"column":4}},"113":{"start":{"line":377,"column":0},"end":{"line":381,"column":2}}},"fnMap":{"0":{"name":"parseCep","decl":{"start":{"line":10,"column":9},"end":{"line":10,"column":17}},"loc":{"start":{"line":10,"column":23},"end":{"line":12,"column":1}},"line":10},"1":{"name":"normalizeItems","decl":{"start":{"line":18,"column":9},"end":{"line":18,"column":23}},"loc":{"start":{"line":18,"column":29},"end":{"line":48,"column":1}},"line":18},"2":{"name":"(anonymous_2)","decl":{"start":{"line":34,"column":9},"end":{"line":34,"column":10}},"loc":{"start":{"line":34,"column":17},"end":{"line":38,"column":5}},"line":34},"3":{"name":"(anonymous_3)","decl":{"start":{"line":40,"column":6},"end":{"line":40,"column":7}},"loc":{"start":{"line":41,"column":8},"end":{"line":44,"column":25}},"line":41},"4":{"name":"lookupCep","decl":{"start":{"line":57,"column":15},"end":{"line":57,"column":24}},"loc":{"start":{"line":57,"column":30},"end":{"line":83,"column":1}},"line":57},"5":{"name":"(anonymous_5)","decl":{"start":{"line":60,"column":23},"end":{"line":60,"column":24}},"loc":{"start":{"line":60,"column":29},"end":{"line":60,"column":47}},"line":60},"6":{"name":"normCity","decl":{"start":{"line":85,"column":9},"end":{"line":85,"column":17}},"loc":{"start":{"line":85,"column":21},"end":{"line":87,"column":1}},"line":85},"7":{"name":"qualifiesProductFree","decl":{"start":{"line":99,"column":9},"end":{"line":99,"column":29}},"loc":{"start":{"line":99,"column":85},"end":{"line":117,"column":1}},"line":99},"8":{"name":"toPrazo","decl":{"start":{"line":122,"column":9},"end":{"line":122,"column":16}},"loc":{"start":{"line":122,"column":20},"end":{"line":126,"column":1}},"line":122},"9":{"name":"mergePrazo","decl":{"start":{"line":133,"column":9},"end":{"line":133,"column":19}},"loc":{"start":{"line":133,"column":48},"end":{"line":141,"column":1}},"line":133},"10":{"name":"getQuote","decl":{"start":{"line":160,"column":15},"end":{"line":160,"column":23}},"loc":{"start":{"line":160,"column":58},"end":{"line":375,"column":1}},"line":160},"11":{"name":"(anonymous_11)","decl":{"start":{"line":184,"column":49},"end":{"line":184,"column":50}},"loc":{"start":{"line":184,"column":56},"end":{"line":184,"column":60}},"line":184},"12":{"name":"(anonymous_12)","decl":{"start":{"line":199,"column":44},"end":{"line":199,"column":45}},"loc":{"start":{"line":199,"column":51},"end":{"line":199,"column":68}},"line":199},"13":{"name":"(anonymous_13)","decl":{"start":{"line":200,"column":35},"end":{"line":200,"column":36}},"loc":{"start":{"line":200,"column":43},"end":{"line":200,"column":64}},"line":200},"14":{"name":"(anonymous_14)","decl":{"start":{"line":295,"column":30},"end":{"line":295,"column":31}},"loc":{"start":{"line":295,"column":37},"end":{"line":295,"column":63}},"line":295}},"branchMap":{"0":{"loc":{"start":{"line":11,"column":16},"end":{"line":11,"column":25}},"type":"binary-expr","locations":[{"start":{"line":11,"column":16},"end":{"line":11,"column":19}},{"start":{"line":11,"column":23},"end":{"line":11,"column":25}}],"line":11},"1":{"loc":{"start":{"line":19,"column":2},"end":{"line":19,"column":24}},"type":"if","locations":[{"start":{"line":19,"column":2},"end":{"line":19,"column":24}},{"start":{},"end":{}}],"line":19},"2":{"loc":{"start":{"line":22,"column":2},"end":{"line":29,"column":3}},"type":"if","locations":[{"start":{"line":22,"column":2},"end":{"line":29,"column":3}},{"start":{},"end":{}}],"line":22},"3":{"loc":{"start":{"line":31,"column":2},"end":{"line":31,"column":39}},"type":"if","locations":[{"start":{"line":31,"column":2},"end":{"line":31,"column":39}},{"start":{},"end":{}}],"line":31},"4":{"loc":{"start":{"line":35,"column":24},"end":{"line":35,"column":64}},"type":"binary-expr","locations":[{"start":{"line":35,"column":24},"end":{"line":35,"column":30}},{"start":{"line":35,"column":34},"end":{"line":35,"column":47}},{"start":{"line":35,"column":51},"end":{"line":35,"column":64}}],"line":35},"5":{"loc":{"start":{"line":36,"column":32},"end":{"line":36,"column":73}},"type":"binary-expr","locations":[{"start":{"line":36,"column":32},"end":{"line":36,"column":46}},{"start":{"line":36,"column":50},"end":{"line":36,"column":57}},{"start":{"line":36,"column":61},"end":{"line":36,"column":73}}],"line":36},"6":{"loc":{"start":{"line":41,"column":8},"end":{"line":44,"column":25}},"type":"binary-expr","locations":[{"start":{"line":41,"column":8},"end":{"line":41,"column":30}},{"start":{"line":42,"column":8},"end":{"line":42,"column":17}},{"start":{"line":43,"column":8},"end":{"line":43,"column":38}},{"start":{"line":44,"column":8},"end":{"line":44,"column":25}}],"line":41},"7":{"loc":{"start":{"line":47,"column":9},"end":{"line":47,"column":46}},"type":"cond-expr","locations":[{"start":{"line":47,"column":29},"end":{"line":47,"column":39}},{"start":{"line":47,"column":42},"end":{"line":47,"column":46}}],"line":47},"8":{"loc":{"start":{"line":69,"column":4},"end":{"line":69,"column":29}},"type":"if","locations":[{"start":{"line":69,"column":4},"end":{"line":69,"column":29}},{"start":{},"end":{}}],"line":69},"9":{"loc":{"start":{"line":72,"column":4},"end":{"line":72,"column":40}},"type":"if","locations":[{"start":{"line":72,"column":4},"end":{"line":72,"column":40}},{"start":{},"end":{}}],"line":72},"10":{"loc":{"start":{"line":72,"column":8},"end":{"line":72,"column":26}},"type":"binary-expr","locations":[{"start":{"line":72,"column":8},"end":{"line":72,"column":13}},{"start":{"line":72,"column":17},"end":{"line":72,"column":26}}],"line":72},"11":{"loc":{"start":{"line":75,"column":20},"end":{"line":75,"column":33}},"type":"binary-expr","locations":[{"start":{"line":75,"column":20},"end":{"line":75,"column":27}},{"start":{"line":75,"column":31},"end":{"line":75,"column":33}}],"line":75},"12":{"loc":{"start":{"line":76,"column":19},"end":{"line":76,"column":40}},"type":"binary-expr","locations":[{"start":{"line":76,"column":19},"end":{"line":76,"column":34}},{"start":{"line":76,"column":38},"end":{"line":76,"column":40}}],"line":76},"13":{"loc":{"start":{"line":86,"column":16},"end":{"line":86,"column":23}},"type":"binary-expr","locations":[{"start":{"line":86,"column":16},"end":{"line":86,"column":17}},{"start":{"line":86,"column":21},"end":{"line":86,"column":23}}],"line":86},"14":{"loc":{"start":{"line":100,"column":2},"end":{"line":100,"column":70}},"type":"if","locations":[{"start":{"line":100,"column":2},"end":{"line":100,"column":70}},{"start":{},"end":{}}],"line":100},"15":{"loc":{"start":{"line":103,"column":4},"end":{"line":105,"column":38}},"type":"cond-expr","locations":[{"start":{"line":104,"column":8},"end":{"line":104,"column":12}},{"start":{"line":105,"column":8},"end":{"line":105,"column":38}}],"line":103},"16":{"loc":{"start":{"line":103,"column":4},"end":{"line":103,"column":75}},"type":"binary-expr","locations":[{"start":{"line":103,"column":4},"end":{"line":103,"column":35}},{"start":{"line":103,"column":39},"end":{"line":103,"column":75}}],"line":103},"17":{"loc":{"start":{"line":108,"column":2},"end":{"line":110,"column":3}},"type":"if","locations":[{"start":{"line":108,"column":2},"end":{"line":110,"column":3}},{"start":{},"end":{}}],"line":108},"18":{"loc":{"start":{"line":108,"column":6},"end":{"line":108,"column":66}},"type":"binary-expr","locations":[{"start":{"line":108,"column":6},"end":{"line":108,"column":21}},{"start":{"line":108,"column":25},"end":{"line":108,"column":50}},{"start":{"line":108,"column":54},"end":{"line":108,"column":66}}],"line":108},"19":{"loc":{"start":{"line":112,"column":2},"end":{"line":114,"column":3}},"type":"if","locations":[{"start":{"line":112,"column":2},"end":{"line":114,"column":3}},{"start":{},"end":{}}],"line":112},"20":{"loc":{"start":{"line":123,"column":2},"end":{"line":123,"column":49}},"type":"if","locations":[{"start":{"line":123,"column":2},"end":{"line":123,"column":49}},{"start":{},"end":{}}],"line":123},"21":{"loc":{"start":{"line":123,"column":6},"end":{"line":123,"column":35}},"type":"binary-expr","locations":[{"start":{"line":123,"column":6},"end":{"line":123,"column":16}},{"start":{"line":123,"column":20},"end":{"line":123,"column":35}}],"line":123},"22":{"loc":{"start":{"line":125,"column":9},"end":{"line":125,"column":38}},"type":"cond-expr","locations":[{"start":{"line":125,"column":30},"end":{"line":125,"column":31}},{"start":{"line":125,"column":34},"end":{"line":125,"column":38}}],"line":125},"23":{"loc":{"start":{"line":137,"column":2},"end":{"line":137,"column":44}},"type":"if","locations":[{"start":{"line":137,"column":2},"end":{"line":137,"column":44}},{"start":{},"end":{}}],"line":137},"24":{"loc":{"start":{"line":137,"column":6},"end":{"line":137,"column":30}},"type":"binary-expr","locations":[{"start":{"line":137,"column":6},"end":{"line":137,"column":16}},{"start":{"line":137,"column":20},"end":{"line":137,"column":30}}],"line":137},"25":{"loc":{"start":{"line":138,"column":2},"end":{"line":138,"column":27}},"type":"if","locations":[{"start":{"line":138,"column":2},"end":{"line":138,"column":27}},{"start":{},"end":{}}],"line":138},"26":{"loc":{"start":{"line":139,"column":2},"end":{"line":139,"column":27}},"type":"if","locations":[{"start":{"line":139,"column":2},"end":{"line":139,"column":27}},{"start":{},"end":{}}],"line":139},"27":{"loc":{"start":{"line":164,"column":2},"end":{"line":170,"column":3}},"type":"if","locations":[{"start":{"line":164,"column":2},"end":{"line":170,"column":3}},{"start":{},"end":{}}],"line":164},"28":{"loc":{"start":{"line":164,"column":6},"end":{"line":164,"column":30}},"type":"binary-expr","locations":[{"start":{"line":164,"column":6},"end":{"line":164,"column":10}},{"start":{"line":164,"column":14},"end":{"line":164,"column":30}}],"line":164},"29":{"loc":{"start":{"line":172,"column":2},"end":{"line":178,"column":3}},"type":"if","locations":[{"start":{"line":172,"column":2},"end":{"line":178,"column":3}},{"start":{},"end":{}}],"line":172},"30":{"loc":{"start":{"line":172,"column":6},"end":{"line":172,"column":34}},"type":"binary-expr","locations":[{"start":{"line":172,"column":6},"end":{"line":172,"column":12}},{"start":{"line":172,"column":16},"end":{"line":172,"column":34}}],"line":172},"31":{"loc":{"start":{"line":199,"column":24},"end":{"line":199,"column":38}},"type":"binary-expr","locations":[{"start":{"line":199,"column":24},"end":{"line":199,"column":32}},{"start":{"line":199,"column":36},"end":{"line":199,"column":38}}],"line":199},"32":{"loc":{"start":{"line":202,"column":2},"end":{"line":208,"column":3}},"type":"if","locations":[{"start":{"line":202,"column":2},"end":{"line":208,"column":3}},{"start":{},"end":{}}],"line":202},"33":{"loc":{"start":{"line":223,"column":4},"end":{"line":226,"column":5}},"type":"if","locations":[{"start":{"line":223,"column":4},"end":{"line":226,"column":5}},{"start":{},"end":{}}],"line":223},"34":{"loc":{"start":{"line":229,"column":4},"end":{"line":231,"column":5}},"type":"if","locations":[{"start":{"line":229,"column":4},"end":{"line":231,"column":5}},{"start":{},"end":{}}],"line":229},"35":{"loc":{"start":{"line":230,"column":24},"end":{"line":230,"column":85}},"type":"cond-expr","locations":[{"start":{"line":230,"column":51},"end":{"line":230,"column":53}},{"start":{"line":230,"column":56},"end":{"line":230,"column":85}}],"line":230},"36":{"loc":{"start":{"line":238,"column":2},"end":{"line":244,"column":3}},"type":"if","locations":[{"start":{"line":238,"column":2},"end":{"line":244,"column":3}},{"start":{},"end":{}}],"line":238},"37":{"loc":{"start":{"line":238,"column":6},"end":{"line":238,"column":28}},"type":"binary-expr","locations":[{"start":{"line":238,"column":6},"end":{"line":238,"column":12}},{"start":{"line":238,"column":16},"end":{"line":238,"column":28}}],"line":238},"38":{"loc":{"start":{"line":263,"column":2},"end":{"line":312,"column":3}},"type":"if","locations":[{"start":{"line":263,"column":2},"end":{"line":312,"column":3}},{"start":{},"end":{}}],"line":263},"39":{"loc":{"start":{"line":263,"column":6},"end":{"line":263,"column":27}},"type":"binary-expr","locations":[{"start":{"line":263,"column":6},"end":{"line":263,"column":11}},{"start":{"line":263,"column":15},"end":{"line":263,"column":27}}],"line":263},"40":{"loc":{"start":{"line":268,"column":6},"end":{"line":268,"column":47}},"type":"if","locations":[{"start":{"line":268,"column":6},"end":{"line":268,"column":47}},{"start":{},"end":{}}],"line":268},"41":{"loc":{"start":{"line":275,"column":6},"end":{"line":290,"column":7}},"type":"if","locations":[{"start":{"line":275,"column":6},"end":{"line":290,"column":7}},{"start":{},"end":{}}],"line":275},"42":{"loc":{"start":{"line":275,"column":10},"end":{"line":275,"column":37}},"type":"binary-expr","locations":[{"start":{"line":275,"column":10},"end":{"line":275,"column":18}},{"start":{"line":275,"column":22},"end":{"line":275,"column":37}}],"line":275},"43":{"loc":{"start":{"line":279,"column":24},"end":{"line":279,"column":52}},"type":"cond-expr","locations":[{"start":{"line":279,"column":36},"end":{"line":279,"column":37}},{"start":{"line":279,"column":40},"end":{"line":279,"column":52}}],"line":279},"44":{"loc":{"start":{"line":279,"column":40},"end":{"line":279,"column":52}},"type":"binary-expr","locations":[{"start":{"line":279,"column":40},"end":{"line":279,"column":47}},{"start":{"line":279,"column":51},"end":{"line":279,"column":52}}],"line":279},"45":{"loc":{"start":{"line":294,"column":4},"end":{"line":311,"column":5}},"type":"if","locations":[{"start":{"line":294,"column":4},"end":{"line":311,"column":5}},{"start":{},"end":{}}],"line":294},"46":{"loc":{"start":{"line":296,"column":6},"end":{"line":310,"column":7}},"type":"if","locations":[{"start":{"line":296,"column":6},"end":{"line":310,"column":7}},{"start":{},"end":{}}],"line":296},"47":{"loc":{"start":{"line":300,"column":24},"end":{"line":300,"column":58}},"type":"cond-expr","locations":[{"start":{"line":300,"column":39},"end":{"line":300,"column":40}},{"start":{"line":300,"column":43},"end":{"line":300,"column":58}}],"line":300},"48":{"loc":{"start":{"line":300,"column":43},"end":{"line":300,"column":58}},"type":"binary-expr","locations":[{"start":{"line":300,"column":43},"end":{"line":300,"column":53}},{"start":{"line":300,"column":57},"end":{"line":300,"column":58}}],"line":300},"49":{"loc":{"start":{"line":317,"column":2},"end":{"line":343,"column":3}},"type":"if","locations":[{"start":{"line":317,"column":2},"end":{"line":343,"column":3}},{"start":{},"end":{}}],"line":317},"50":{"loc":{"start":{"line":330,"column":4},"end":{"line":332,"column":5}},"type":"if","locations":[{"start":{"line":330,"column":4},"end":{"line":332,"column":5}},{"start":{},"end":{}}],"line":330},"51":{"loc":{"start":{"line":330,"column":8},"end":{"line":330,"column":34}},"type":"binary-expr","locations":[{"start":{"line":330,"column":8},"end":{"line":330,"column":13}},{"start":{"line":330,"column":17},"end":{"line":330,"column":34}}],"line":330},"52":{"loc":{"start":{"line":338,"column":20},"end":{"line":338,"column":35}},"type":"binary-expr","locations":[{"start":{"line":338,"column":20},"end":{"line":338,"column":30}},{"start":{"line":338,"column":34},"end":{"line":338,"column":35}}],"line":338},"53":{"loc":{"start":{"line":340,"column":22},"end":{"line":340,"column":37}},"type":"binary-expr","locations":[{"start":{"line":340,"column":22},"end":{"line":340,"column":32}},{"start":{"line":340,"column":36},"end":{"line":340,"column":37}}],"line":340},"54":{"loc":{"start":{"line":354,"column":2},"end":{"line":364,"column":3}},"type":"if","locations":[{"start":{"line":354,"column":2},"end":{"line":364,"column":3}},{"start":{},"end":{}}],"line":354},"55":{"loc":{"start":{"line":371,"column":17},"end":{"line":371,"column":67}},"type":"cond-expr","locations":[{"start":{"line":371,"column":47},"end":{"line":371,"column":53}},{"start":{"line":371,"column":56},"end":{"line":371,"column":67}}],"line":371}},"s":{"0":16,"1":16,"2":16,"3":16,"4":19,"5":0,"6":19,"7":2,"8":2,"9":1,"10":1,"11":17,"12":1,"13":16,"14":20,"15":20,"16":20,"17":20,"18":16,"19":9,"20":9,"21":9,"22":0,"23":9,"24":9,"25":9,"26":8,"27":0,"28":8,"29":8,"30":1,"31":7,"32":1,"33":9,"34":5,"35":11,"36":9,"37":2,"38":2,"39":1,"40":1,"41":1,"42":0,"43":29,"44":9,"45":20,"46":20,"47":6,"48":6,"49":6,"50":0,"51":6,"52":0,"53":6,"54":3,"55":3,"56":13,"57":13,"58":13,"59":1,"60":12,"61":2,"62":10,"63":13,"64":10,"65":10,"66":12,"67":10,"68":13,"69":10,"70":1,"71":9,"72":9,"73":9,"74":9,"75":11,"76":11,"77":11,"78":11,"79":2,"80":2,"81":11,"82":11,"83":5,"84":9,"85":9,"86":2,"87":7,"88":7,"89":7,"90":5,"91":5,"92":5,"93":1,"94":4,"95":4,"96":4,"97":4,"98":5,"99":1,"100":1,"101":1,"102":1,"103":7,"104":2,"105":2,"106":1,"107":1,"108":1,"109":6,"110":6,"111":2,"112":4,"113":16},"f":{"0":16,"1":19,"2":20,"3":20,"4":9,"5":0,"6":5,"7":11,"8":29,"9":6,"10":13,"11":13,"12":12,"13":13,"14":1},"b":{"0":[16,2],"1":[0,19],"2":[2,17],"3":[1,16],"4":[20,2,1],"5":[20,2,0],"6":[20,20,19,19],"7":[13,3],"8":[0,8],"9":[1,7],"10":[8,8],"11":[7,0],"12":[7,0],"13":[5,0],"14":[9,2],"15":[1,1],"16":[2,1],"17":[1,1],"18":[2,1,1],"19":[1,0],"20":[9,20],"21":[29,20],"22":[20,0],"23":[0,6],"24":[6,0],"25":[0,6],"26":[3,3],"27":[1,12],"28":[13,13],"29":[2,10],"30":[12,10],"31":[10,0],"32":[1,9],"33":[2,9],"34":[5,6],"35":[3,2],"36":[2,7],"37":[9,7],"38":[5,2],"39":[7,7],"40":[1,4],"41":[4,0],"42":[4,4],"43":[1,3],"44":[3,0],"45":[1,4],"46":[1,0],"47":[0,1],"48":[1,0],"49":[2,5],"50":[1,1],"51":[2,2],"52":[1,0],"53":[1,0],"54":[2,4],"55":[3,1]},"_coverageSchema":"1a1c01bbd47fc00a2c39e90264f33305004495a9","hash":"b63a153641d0dd2cd3cb43ded07dcce7ca038496"}
}
