{"C:\\Users\\rickj\\kavita\\kavita-backend\\controllers\\paymentController.js": {"path":"C:\\Users\\rickj\\kavita\\kavita-backend\\controllers\\paymentController.js","statementMap":{"0":{"start":{"line":26,"column":17},"end":{"line":26,"column":46}},"1":{"start":{"line":27,"column":20},"end":{"line":27,"column":54}},"2":{"start":{"line":28,"column":23},"end":{"line":28,"column":60}},"3":{"start":{"line":29,"column":31},"end":{"line":29,"column":75}},"4":{"start":{"line":35,"column":20},"end":{"line":46,"column":1}},"5":{"start":{"line":36,"column":2},"end":{"line":45,"column":3}},"6":{"start":{"line":37,"column":20},"end":{"line":37,"column":60}},"7":{"start":{"line":38,"column":4},"end":{"line":38,"column":33}},"8":{"start":{"line":40,"column":4},"end":{"line":44,"column":6}},"9":{"start":{"line":52,"column":25},"end":{"line":67,"column":1}},"10":{"start":{"line":53,"column":2},"end":{"line":66,"column":3}},"11":{"start":{"line":54,"column":20},"end":{"line":54,"column":57}},"12":{"start":{"line":55,"column":4},"end":{"line":55,"column":33}},"13":{"start":{"line":57,"column":4},"end":{"line":65,"column":6}},"14":{"start":{"line":69,"column":26},"end":{"line":80,"column":1}},"15":{"start":{"line":70,"column":2},"end":{"line":79,"column":3}},"16":{"start":{"line":71,"column":20},"end":{"line":71,"column":66}},"17":{"start":{"line":72,"column":4},"end":{"line":72,"column":53}},"18":{"start":{"line":74,"column":4},"end":{"line":78,"column":6}},"19":{"start":{"line":82,"column":26},"end":{"line":94,"column":1}},"20":{"start":{"line":83,"column":13},"end":{"line":83,"column":34}},"21":{"start":{"line":84,"column":2},"end":{"line":93,"column":3}},"22":{"start":{"line":85,"column":20},"end":{"line":85,"column":71}},"23":{"start":{"line":86,"column":4},"end":{"line":86,"column":41}},"24":{"start":{"line":88,"column":4},"end":{"line":92,"column":6}},"25":{"start":{"line":96,"column":26},"end":{"line":112,"column":1}},"26":{"start":{"line":97,"column":13},"end":{"line":97,"column":34}},"27":{"start":{"line":98,"column":2},"end":{"line":111,"column":3}},"28":{"start":{"line":99,"column":4},"end":{"line":99,"column":43}},"29":{"start":{"line":100,"column":4},"end":{"line":100,"column":34}},"30":{"start":{"line":102,"column":4},"end":{"line":110,"column":6}},"31":{"start":{"line":118,"column":21},"end":{"line":151,"column":1}},"32":{"start":{"line":119,"column":23},"end":{"line":119,"column":37}},"33":{"start":{"line":120,"column":22},"end":{"line":120,"column":38}},"34":{"start":{"line":122,"column":2},"end":{"line":124,"column":3}},"35":{"start":{"line":123,"column":4},"end":{"line":123,"column":92}},"36":{"start":{"line":126,"column":2},"end":{"line":150,"column":3}},"37":{"start":{"line":127,"column":19},"end":{"line":127,"column":78}},"38":{"start":{"line":128,"column":4},"end":{"line":128,"column":28}},"39":{"start":{"line":130,"column":4},"end":{"line":140,"column":5}},"40":{"start":{"line":131,"column":6},"end":{"line":131,"column":56}},"41":{"start":{"line":132,"column":6},"end":{"line":139,"column":7}},"42":{"start":{"line":133,"column":8},"end":{"line":138,"column":11}},"43":{"start":{"line":141,"column":4},"end":{"line":149,"column":6}},"44":{"start":{"line":157,"column":22},"end":{"line":186,"column":1}},"45":{"start":{"line":158,"column":26},"end":{"line":158,"column":48}},"46":{"start":{"line":160,"column":2},"end":{"line":185,"column":3}},"47":{"start":{"line":161,"column":27},"end":{"line":161,"column":41}},"48":{"start":{"line":162,"column":20},"end":{"line":162,"column":50}},"49":{"start":{"line":163,"column":20},"end":{"line":163,"column":46}},"50":{"start":{"line":165,"column":4},"end":{"line":168,"column":5}},"51":{"start":{"line":166,"column":6},"end":{"line":166,"column":70}},"52":{"start":{"line":167,"column":6},"end":{"line":167,"column":48}},"53":{"start":{"line":170,"column":20},"end":{"line":176,"column":6}},"54":{"start":{"line":178,"column":4},"end":{"line":180,"column":85}},"55":{"start":{"line":182,"column":4},"end":{"line":182,"column":62}},"56":{"start":{"line":183,"column":19},"end":{"line":183,"column":69}},"57":{"start":{"line":184,"column":4},"end":{"line":184,"column":59}},"58":{"start":{"line":188,"column":0},"end":{"line":196,"column":2}}},"fnMap":{"0":{"name":"(anonymous_0)","decl":{"start":{"line":35,"column":20},"end":{"line":35,"column":21}},"loc":{"start":{"line":35,"column":47},"end":{"line":46,"column":1}},"line":35},"1":{"name":"(anonymous_1)","decl":{"start":{"line":52,"column":25},"end":{"line":52,"column":26}},"loc":{"start":{"line":52,"column":52},"end":{"line":67,"column":1}},"line":52},"2":{"name":"(anonymous_2)","decl":{"start":{"line":69,"column":26},"end":{"line":69,"column":27}},"loc":{"start":{"line":69,"column":52},"end":{"line":80,"column":1}},"line":69},"3":{"name":"(anonymous_3)","decl":{"start":{"line":82,"column":26},"end":{"line":82,"column":27}},"loc":{"start":{"line":82,"column":52},"end":{"line":94,"column":1}},"line":82},"4":{"name":"(anonymous_4)","decl":{"start":{"line":96,"column":26},"end":{"line":96,"column":27}},"loc":{"start":{"line":96,"column":52},"end":{"line":112,"column":1}},"line":96},"5":{"name":"(anonymous_5)","decl":{"start":{"line":118,"column":21},"end":{"line":118,"column":22}},"loc":{"start":{"line":118,"column":47},"end":{"line":151,"column":1}},"line":118},"6":{"name":"(anonymous_6)","decl":{"start":{"line":157,"column":22},"end":{"line":157,"column":23}},"loc":{"start":{"line":157,"column":42},"end":{"line":186,"column":1}},"line":157}},"branchMap":{"0":{"loc":{"start":{"line":41,"column":6},"end":{"line":43,"column":93}},"type":"cond-expr","locations":[{"start":{"line":42,"column":10},"end":{"line":42,"column":13}},{"start":{"line":43,"column":10},"end":{"line":43,"column":93}}],"line":41},"1":{"loc":{"start":{"line":58,"column":6},"end":{"line":64,"column":11}},"type":"cond-expr","locations":[{"start":{"line":59,"column":10},"end":{"line":59,"column":13}},{"start":{"line":60,"column":10},"end":{"line":64,"column":11}}],"line":58},"2":{"loc":{"start":{"line":71,"column":51},"end":{"line":71,"column":65}},"type":"binary-expr","locations":[{"start":{"line":71,"column":51},"end":{"line":71,"column":59}},{"start":{"line":71,"column":63},"end":{"line":71,"column":65}}],"line":71},"3":{"loc":{"start":{"line":75,"column":6},"end":{"line":77,"column":91}},"type":"cond-expr","locations":[{"start":{"line":76,"column":10},"end":{"line":76,"column":13}},{"start":{"line":77,"column":10},"end":{"line":77,"column":91}}],"line":75},"4":{"loc":{"start":{"line":85,"column":56},"end":{"line":85,"column":70}},"type":"binary-expr","locations":[{"start":{"line":85,"column":56},"end":{"line":85,"column":64}},{"start":{"line":85,"column":68},"end":{"line":85,"column":70}}],"line":85},"5":{"loc":{"start":{"line":89,"column":6},"end":{"line":91,"column":95}},"type":"cond-expr","locations":[{"start":{"line":90,"column":10},"end":{"line":90,"column":13}},{"start":{"line":91,"column":10},"end":{"line":91,"column":95}}],"line":89},"6":{"loc":{"start":{"line":103,"column":6},"end":{"line":109,"column":11}},"type":"cond-expr","locations":[{"start":{"line":104,"column":10},"end":{"line":104,"column":13}},{"start":{"line":105,"column":10},"end":{"line":109,"column":11}}],"line":103},"7":{"loc":{"start":{"line":119,"column":23},"end":{"line":119,"column":37}},"type":"binary-expr","locations":[{"start":{"line":119,"column":23},"end":{"line":119,"column":31}},{"start":{"line":119,"column":35},"end":{"line":119,"column":37}}],"line":119},"8":{"loc":{"start":{"line":122,"column":2},"end":{"line":124,"column":3}},"type":"if","locations":[{"start":{"line":122,"column":2},"end":{"line":124,"column":3}},{"start":{},"end":{}}],"line":122},"9":{"loc":{"start":{"line":122,"column":6},"end":{"line":122,"column":55}},"type":"binary-expr","locations":[{"start":{"line":122,"column":6},"end":{"line":122,"column":35}},{"start":{"line":122,"column":39},"end":{"line":122,"column":55}}],"line":122},"10":{"loc":{"start":{"line":130,"column":4},"end":{"line":140,"column":5}},"type":"if","locations":[{"start":{"line":130,"column":4},"end":{"line":140,"column":5}},{"start":{},"end":{}}],"line":130},"11":{"loc":{"start":{"line":132,"column":6},"end":{"line":139,"column":7}},"type":"if","locations":[{"start":{"line":132,"column":6},"end":{"line":139,"column":7}},{"start":{},"end":{}}],"line":132},"12":{"loc":{"start":{"line":132,"column":10},"end":{"line":132,"column":51}},"type":"binary-expr","locations":[{"start":{"line":132,"column":10},"end":{"line":132,"column":22}},{"start":{"line":132,"column":26},"end":{"line":132,"column":37}},{"start":{"line":132,"column":41},"end":{"line":132,"column":51}}],"line":132},"13":{"loc":{"start":{"line":137,"column":17},"end":{"line":137,"column":34}},"type":"binary-expr","locations":[{"start":{"line":137,"column":17},"end":{"line":137,"column":26}},{"start":{"line":137,"column":30},"end":{"line":137,"column":34}}],"line":137},"14":{"loc":{"start":{"line":142,"column":6},"end":{"line":148,"column":11}},"type":"cond-expr","locations":[{"start":{"line":143,"column":10},"end":{"line":143,"column":13}},{"start":{"line":144,"column":10},"end":{"line":148,"column":11}}],"line":142},"15":{"loc":{"start":{"line":161,"column":27},"end":{"line":161,"column":41}},"type":"binary-expr","locations":[{"start":{"line":161,"column":27},"end":{"line":161,"column":35}},{"start":{"line":161,"column":39},"end":{"line":161,"column":41}}],"line":161},"16":{"loc":{"start":{"line":162,"column":35},"end":{"line":162,"column":49}},"type":"binary-expr","locations":[{"start":{"line":162,"column":35},"end":{"line":162,"column":43}},{"start":{"line":162,"column":47},"end":{"line":162,"column":49}}],"line":162},"17":{"loc":{"start":{"line":163,"column":27},"end":{"line":163,"column":45}},"type":"binary-expr","locations":[{"start":{"line":163,"column":27},"end":{"line":163,"column":39}},{"start":{"line":163,"column":43},"end":{"line":163,"column":45}}],"line":163},"18":{"loc":{"start":{"line":165,"column":4},"end":{"line":168,"column":5}},"type":"if","locations":[{"start":{"line":165,"column":4},"end":{"line":168,"column":5}},{"start":{},"end":{}}],"line":165},"19":{"loc":{"start":{"line":180,"column":28},"end":{"line":180,"column":80}},"type":"cond-expr","locations":[{"start":{"line":180,"column":55},"end":{"line":180,"column":75}},{"start":{"line":180,"column":78},"end":{"line":180,"column":80}}],"line":180},"20":{"loc":{"start":{"line":183,"column":19},"end":{"line":183,"column":69}},"type":"cond-expr","locations":[{"start":{"line":183,"column":60},"end":{"line":183,"column":63}},{"start":{"line":183,"column":66},"end":{"line":183,"column":69}}],"line":183}},"s":{"0":16,"1":16,"2":16,"3":16,"4":16,"5":2,"6":2,"7":1,"8":1,"9":16,"10":1,"11":1,"12":1,"13":0,"14":16,"15":2,"16":2,"17":1,"18":1,"19":16,"20":1,"21":1,"22":1,"23":1,"24":0,"25":16,"26":1,"27":1,"28":1,"29":1,"30":0,"31":16,"32":2,"33":2,"34":2,"35":1,"36":1,"37":1,"38":1,"39":0,"40":0,"41":0,"42":0,"43":0,"44":16,"45":4,"46":4,"47":4,"48":4,"49":4,"50":4,"51":1,"52":1,"53":3,"54":2,"55":1,"56":1,"57":1,"58":16},"f":{"0":2,"1":1,"2":2,"3":1,"4":1,"5":2,"6":4},"b":{"0":[0,1],"1":[0,0],"2":[2,0],"3":[1,0],"4":[1,0],"5":[0,0],"6":[0,0],"7":[2,0],"8":[1,1],"9":[2,1],"10":[0,0],"11":[0,0],"12":[0,0,0],"13":[0,0],"14":[0,0],"15":[4,0],"16":[4,0],"17":[4,1],"18":[1,3],"19":[1,1],"20":[0,1]},"_coverageSchema":"1a1c01bbd47fc00a2c39e90264f33305004495a9","hash":"c9e2960e572c1a96d909c66c79cbebf9aa19a928"}
,"C:\\Users\\rickj\\kavita\\kavita-backend\\middleware\\validateMPSignature.js": {"path":"C:\\Users\\rickj\\kavita\\kavita-backend\\middleware\\validateMPSignature.js","statementMap":{"0":{"start":{"line":4,"column":15},"end":{"line":4,"column":32}},"1":{"start":{"line":18,"column":26},"end":{"line":18,"column":48}},"2":{"start":{"line":19,"column":20},"end":{"line":19,"column":49}},"3":{"start":{"line":20,"column":17},"end":{"line":20,"column":46}},"4":{"start":{"line":22,"column":23},"end":{"line":22,"column":64}},"5":{"start":{"line":22,"column":29},"end":{"line":22,"column":64}},"6":{"start":{"line":24,"column":2},"end":{"line":27,"column":3}},"7":{"start":{"line":25,"column":4},"end":{"line":25,"column":62}},"8":{"start":{"line":26,"column":4},"end":{"line":26,"column":26}},"9":{"start":{"line":29,"column":2},"end":{"line":34,"column":3}},"10":{"start":{"line":30,"column":4},"end":{"line":30,"column":112}},"11":{"start":{"line":33,"column":4},"end":{"line":33,"column":26}},"12":{"start":{"line":37,"column":16},"end":{"line":43,"column":10}},"13":{"start":{"line":39,"column":16},"end":{"line":39,"column":35}},"14":{"start":{"line":41,"column":6},"end":{"line":41,"column":65}},"15":{"start":{"line":41,"column":36},"end":{"line":41,"column":65}},"16":{"start":{"line":42,"column":6},"end":{"line":42,"column":17}},"17":{"start":{"line":45,"column":13},"end":{"line":45,"column":21}},"18":{"start":{"line":46,"column":13},"end":{"line":46,"column":21}},"19":{"start":{"line":48,"column":2},"end":{"line":51,"column":3}},"20":{"start":{"line":49,"column":4},"end":{"line":49,"column":91}},"21":{"start":{"line":50,"column":4},"end":{"line":50,"column":26}},"22":{"start":{"line":54,"column":17},"end":{"line":54,"column":41}},"23":{"start":{"line":55,"column":19},"end":{"line":55,"column":67}},"24":{"start":{"line":57,"column":19},"end":{"line":60,"column":18}},"25":{"start":{"line":63,"column":15},"end":{"line":63,"column":44}},"26":{"start":{"line":64,"column":15},"end":{"line":64,"column":38}},"27":{"start":{"line":66,"column":2},"end":{"line":69,"column":3}},"28":{"start":{"line":67,"column":4},"end":{"line":67,"column":87}},"29":{"start":{"line":68,"column":4},"end":{"line":68,"column":26}},"30":{"start":{"line":72,"column":2},"end":{"line":72,"column":42}},"31":{"start":{"line":73,"column":2},"end":{"line":73,"column":9}},"32":{"start":{"line":76,"column":0},"end":{"line":76,"column":37}}},"fnMap":{"0":{"name":"validateMPSignature","decl":{"start":{"line":17,"column":9},"end":{"line":17,"column":28}},"loc":{"start":{"line":17,"column":45},"end":{"line":74,"column":1}},"line":17},"1":{"name":"(anonymous_1)","decl":{"start":{"line":22,"column":23},"end":{"line":22,"column":24}},"loc":{"start":{"line":22,"column":29},"end":{"line":22,"column":64}},"line":22},"2":{"name":"(anonymous_2)","decl":{"start":{"line":39,"column":9},"end":{"line":39,"column":10}},"loc":{"start":{"line":39,"column":16},"end":{"line":39,"column":35}},"line":39},"3":{"name":"(anonymous_3)","decl":{"start":{"line":40,"column":12},"end":{"line":40,"column":13}},"loc":{"start":{"line":40,"column":33},"end":{"line":43,"column":5}},"line":40}},"branchMap":{"0":{"loc":{"start":{"line":19,"column":20},"end":{"line":19,"column":49}},"type":"binary-expr","locations":[{"start":{"line":19,"column":20},"end":{"line":19,"column":43}},{"start":{"line":19,"column":47},"end":{"line":19,"column":49}}],"line":19},"1":{"loc":{"start":{"line":24,"column":2},"end":{"line":27,"column":3}},"type":"if","locations":[{"start":{"line":24,"column":2},"end":{"line":27,"column":3}},{"start":{},"end":{}}],"line":24},"2":{"loc":{"start":{"line":29,"column":2},"end":{"line":34,"column":3}},"type":"if","locations":[{"start":{"line":29,"column":2},"end":{"line":34,"column":3}},{"start":{},"end":{}}],"line":29},"3":{"loc":{"start":{"line":41,"column":6},"end":{"line":41,"column":65}},"type":"if","locations":[{"start":{"line":41,"column":6},"end":{"line":41,"column":65}},{"start":{},"end":{}}],"line":41},"4":{"loc":{"start":{"line":41,"column":10},"end":{"line":41,"column":34}},"type":"binary-expr","locations":[{"start":{"line":41,"column":10},"end":{"line":41,"column":13}},{"start":{"line":41,"column":17},"end":{"line":41,"column":34}}],"line":41},"5":{"loc":{"start":{"line":48,"column":2},"end":{"line":51,"column":3}},"type":"if","locations":[{"start":{"line":48,"column":2},"end":{"line":51,"column":3}},{"start":{},"end":{}}],"line":48},"6":{"loc":{"start":{"line":48,"column":6},"end":{"line":48,"column":16}},"type":"binary-expr","locations":[{"start":{"line":48,"column":6},"end":{"line":48,"column":9}},{"start":{"line":48,"column":13},"end":{"line":48,"column":16}}],"line":48},"7":{"loc":{"start":{"line":54,"column":17},"end":{"line":54,"column":41}},"type":"binary-expr","locations":[{"start":{"line":54,"column":17},"end":{"line":54,"column":35}},{"start":{"line":54,"column":39},"end":{"line":54,"column":41}}],"line":54},"8":{"loc":{"start":{"line":66,"column":2},"end":{"line":69,"column":3}},"type":"if","locations":[{"start":{"line":66,"column":2},"end":{"line":69,"column":3}},{"start":{},"end":{}}],"line":66},"9":{"loc":{"start":{"line":66,"column":6},"end":{"line":66,"column":72}},"type":"binary-expr","locations":[{"start":{"line":66,"column":6},"end":{"line":66,"column":33}},{"start":{"line":66,"column":37},"end":{"line":66,"column":72}}],"line":66}},"s":{"0":11,"1":8,"2":8,"3":8,"4":8,"5":6,"6":8,"7":1,"8":1,"9":7,"10":2,"11":2,"12":5,"13":9,"14":9,"15":8,"16":9,"17":5,"18":5,"19":5,"20":1,"21":1,"22":4,"23":4,"24":4,"25":4,"26":4,"27":4,"28":2,"29":2,"30":2,"31":2,"32":11},"f":{"0":8,"1":6,"2":9,"3":9},"b":{"0":[8,6],"1":[1,7],"2":[2,5],"3":[8,1],"4":[9,9],"5":[1,4],"6":[5,4],"7":[4,0],"8":[2,2],"9":[4,4]},"_coverageSchema":"1a1c01bbd47fc00a2c39e90264f33305004495a9","hash":"c08d94de4f722f6850027b2c79f5d8338bc259a9"}
,"C:\\Users\\rickj\\kavita\\kavita-backend\\middleware\\verifyAdmin.js": {"path":"C:\\Users\\rickj\\kavita\\kavita-backend\\middleware\\verifyAdmin.js","statementMap":{"0":{"start":{"line":2,"column":12},"end":{"line":2,"column":35}},"1":{"start":{"line":3,"column":17},"end":{"line":3,"column":46}},"2":{"start":{"line":4,"column":20},"end":{"line":4,"column":54}},"3":{"start":{"line":5,"column":25},"end":{"line":5,"column":64}},"4":{"start":{"line":7,"column":19},"end":{"line":7,"column":41}},"5":{"start":{"line":16,"column":2},"end":{"line":25,"column":3}},"6":{"start":{"line":17,"column":4},"end":{"line":17,"column":53}},"7":{"start":{"line":18,"column":4},"end":{"line":24,"column":6}},"8":{"start":{"line":27,"column":14},"end":{"line":27,"column":18}},"9":{"start":{"line":30,"column":2},"end":{"line":32,"column":3}},"10":{"start":{"line":31,"column":4},"end":{"line":31,"column":35}},"11":{"start":{"line":34,"column":2},"end":{"line":42,"column":3}},"12":{"start":{"line":35,"column":4},"end":{"line":41,"column":6}},"13":{"start":{"line":45,"column":2},"end":{"line":56,"column":3}},"14":{"start":{"line":46,"column":4},"end":{"line":46,"column":44}},"15":{"start":{"line":48,"column":4},"end":{"line":48,"column":62}},"16":{"start":{"line":49,"column":4},"end":{"line":55,"column":6}},"17":{"start":{"line":58,"column":2},"end":{"line":122,"column":3}},"18":{"start":{"line":59,"column":18},"end":{"line":59,"column":66}},"19":{"start":{"line":61,"column":4},"end":{"line":69,"column":5}},"20":{"start":{"line":62,"column":6},"end":{"line":68,"column":8}},"21":{"start":{"line":71,"column":4},"end":{"line":79,"column":5}},"22":{"start":{"line":72,"column":6},"end":{"line":78,"column":8}},"23":{"start":{"line":84,"column":22},"end":{"line":84,"column":45}},"24":{"start":{"line":85,"column":23},"end":{"line":85,"column":48}},"25":{"start":{"line":86,"column":4},"end":{"line":94,"column":5}},"26":{"start":{"line":87,"column":6},"end":{"line":93,"column":8}},"27":{"start":{"line":98,"column":26},"end":{"line":101,"column":5}},"28":{"start":{"line":103,"column":4},"end":{"line":110,"column":6}},"29":{"start":{"line":112,"column":4},"end":{"line":112,"column":18}},"30":{"start":{"line":114,"column":4},"end":{"line":114,"column":66}},"31":{"start":{"line":115,"column":4},"end":{"line":121,"column":6}},"32":{"start":{"line":125,"column":0},"end":{"line":125,"column":29}}},"fnMap":{"0":{"name":"verifyAdmin","decl":{"start":{"line":15,"column":15},"end":{"line":15,"column":26}},"loc":{"start":{"line":15,"column":44},"end":{"line":123,"column":1}},"line":15}},"branchMap":{"0":{"loc":{"start":{"line":16,"column":2},"end":{"line":25,"column":3}},"type":"if","locations":[{"start":{"line":16,"column":2},"end":{"line":25,"column":3}},{"start":{},"end":{}}],"line":16},"1":{"loc":{"start":{"line":30,"column":2},"end":{"line":32,"column":3}},"type":"if","locations":[{"start":{"line":30,"column":2},"end":{"line":32,"column":3}},{"start":{},"end":{}}],"line":30},"2":{"loc":{"start":{"line":34,"column":2},"end":{"line":42,"column":3}},"type":"if","locations":[{"start":{"line":34,"column":2},"end":{"line":42,"column":3}},{"start":{},"end":{}}],"line":34},"3":{"loc":{"start":{"line":61,"column":4},"end":{"line":69,"column":5}},"type":"if","locations":[{"start":{"line":61,"column":4},"end":{"line":69,"column":5}},{"start":{},"end":{}}],"line":61},"4":{"loc":{"start":{"line":71,"column":4},"end":{"line":79,"column":5}},"type":"if","locations":[{"start":{"line":71,"column":4},"end":{"line":79,"column":5}},{"start":{},"end":{}}],"line":71},"5":{"loc":{"start":{"line":71,"column":8},"end":{"line":71,"column":63}},"type":"binary-expr","locations":[{"start":{"line":71,"column":8},"end":{"line":71,"column":42}},{"start":{"line":71,"column":46},"end":{"line":71,"column":63}}],"line":71},"6":{"loc":{"start":{"line":84,"column":22},"end":{"line":84,"column":45}},"type":"binary-expr","locations":[{"start":{"line":84,"column":22},"end":{"line":84,"column":40}},{"start":{"line":84,"column":44},"end":{"line":84,"column":45}}],"line":84},"7":{"loc":{"start":{"line":85,"column":23},"end":{"line":85,"column":48}},"type":"binary-expr","locations":[{"start":{"line":85,"column":23},"end":{"line":85,"column":43}},{"start":{"line":85,"column":47},"end":{"line":85,"column":48}}],"line":85},"8":{"loc":{"start":{"line":86,"column":4},"end":{"line":94,"column":5}},"type":"if","locations":[{"start":{"line":86,"column":4},"end":{"line":94,"column":5}},{"start":{},"end":{}}],"line":86},"9":{"loc":{"start":{"line":108,"column":15},"end":{"line":108,"column":36}},"type":"binary-expr","locations":[{"start":{"line":108,"column":15},"end":{"line":108,"column":28}},{"start":{"line":108,"column":32},"end":{"line":108,"column":36}}],"line":108},"10":{"loc":{"start":{"line":109,"column":19},"end":{"line":109,"column":68}},"type":"cond-expr","locations":[{"start":{"line":109,"column":50},"end":{"line":109,"column":63}},{"start":{"line":109,"column":66},"end":{"line":109,"column":68}}],"line":109}},"s":{"0":12,"1":12,"2":12,"3":12,"4":12,"5":15,"6":1,"7":1,"8":14,"9":14,"10":12,"11":14,"12":2,"13":12,"14":12,"15":1,"16":1,"17":11,"18":11,"19":10,"20":1,"21":9,"22":1,"23":8,"24":8,"25":8,"26":1,"27":7,"28":6,"29":6,"30":2,"31":2,"32":12},"f":{"0":15},"b":{"0":[1,14],"1":[12,2],"2":[2,12],"3":[1,9],"4":[1,8],"5":[9,9],"6":[8,1],"7":[8,1],"8":[1,7],"9":[6,1],"10":[5,1]},"_coverageSchema":"1a1c01bbd47fc00a2c39e90264f33305004495a9","hash":"10c2d5ff798af2d61363ccf9df7f8c4ee341c37b"}
,"C:\\Users\\rickj\\kavita\\kavita-backend\\services\\orderService.js": {"path":"C:\\Users\\rickj\\kavita\\kavita-backend\\services\\orderService.js","statementMap":{"0":{"start":{"line":3,"column":38},"end":{"line":3,"column":69}},"1":{"start":{"line":4,"column":13},"end":{"line":4,"column":38}},"2":{"start":{"line":5,"column":18},"end":{"line":5,"column":60}},"3":{"start":{"line":6,"column":17},"end":{"line":6,"column":46}},"4":{"start":{"line":7,"column":20},"end":{"line":7,"column":54}},"5":{"start":{"line":12,"column":33},"end":{"line":12,"column":76}},"6":{"start":{"line":13,"column":34},"end":{"line":19,"column":1}},"7":{"start":{"line":32,"column":18},"end":{"line":32,"column":52}},"8":{"start":{"line":33,"column":16},"end":{"line":33,"column":51}},"9":{"start":{"line":34,"column":2},"end":{"line":34,"column":28}},"10":{"start":{"line":45,"column":17},"end":{"line":45,"column":53}},"11":{"start":{"line":46,"column":2},"end":{"line":46,"column":27}},"12":{"start":{"line":46,"column":15},"end":{"line":46,"column":27}},"13":{"start":{"line":48,"column":16},"end":{"line":48,"column":54}},"14":{"start":{"line":49,"column":2},"end":{"line":49,"column":27}},"15":{"start":{"line":65,"column":2},"end":{"line":71,"column":3}},"16":{"start":{"line":66,"column":4},"end":{"line":70,"column":6}},"17":{"start":{"line":73,"column":23},"end":{"line":73,"column":76}},"18":{"start":{"line":74,"column":2},"end":{"line":74,"column":50}},"19":{"start":{"line":74,"column":26},"end":{"line":74,"column":50}},"20":{"start":{"line":76,"column":2},"end":{"line":85,"column":3}},"21":{"start":{"line":77,"column":4},"end":{"line":84,"column":5}},"22":{"start":{"line":78,"column":6},"end":{"line":78,"column":78}},"23":{"start":{"line":80,"column":6},"end":{"line":83,"column":8}},"24":{"start":{"line":87,"column":2},"end":{"line":87,"column":25}},"25":{"start":{"line":107,"column":2},"end":{"line":113,"column":3}},"26":{"start":{"line":108,"column":4},"end":{"line":112,"column":6}},"27":{"start":{"line":115,"column":2},"end":{"line":150,"column":3}},"28":{"start":{"line":116,"column":17},"end":{"line":116,"column":43}},"29":{"start":{"line":117,"column":4},"end":{"line":146,"column":5}},"30":{"start":{"line":118,"column":6},"end":{"line":118,"column":36}},"31":{"start":{"line":121,"column":21},"end":{"line":121,"column":71}},"32":{"start":{"line":123,"column":6},"end":{"line":126,"column":7}},"33":{"start":{"line":124,"column":8},"end":{"line":124,"column":30}},"34":{"start":{"line":125,"column":8},"end":{"line":125,"column":32}},"35":{"start":{"line":131,"column":6},"end":{"line":136,"column":7}},"36":{"start":{"line":135,"column":8},"end":{"line":135,"column":53}},"37":{"start":{"line":138,"column":6},"end":{"line":138,"column":69}},"38":{"start":{"line":140,"column":6},"end":{"line":140,"column":26}},"39":{"start":{"line":142,"column":6},"end":{"line":142,"column":44}},"40":{"start":{"line":143,"column":6},"end":{"line":143,"column":16}},"41":{"start":{"line":145,"column":6},"end":{"line":145,"column":21}},"42":{"start":{"line":148,"column":25},"end":{"line":148,"column":85}},"43":{"start":{"line":149,"column":4},"end":{"line":149,"column":52}},"44":{"start":{"line":149,"column":28},"end":{"line":149,"column":52}},"45":{"start":{"line":152,"column":2},"end":{"line":161,"column":3}},"46":{"start":{"line":153,"column":4},"end":{"line":160,"column":5}},"47":{"start":{"line":154,"column":6},"end":{"line":154,"column":74}},"48":{"start":{"line":156,"column":6},"end":{"line":159,"column":8}},"49":{"start":{"line":163,"column":2},"end":{"line":163,"column":25}},"50":{"start":{"line":170,"column":0},"end":{"line":177,"column":2}}},"fnMap":{"0":{"name":"listOrders","decl":{"start":{"line":31,"column":15},"end":{"line":31,"column":25}},"loc":{"start":{"line":31,"column":28},"end":{"line":35,"column":1}},"line":31},"1":{"name":"getOrderById","decl":{"start":{"line":44,"column":15},"end":{"line":44,"column":27}},"loc":{"start":{"line":44,"column":32},"end":{"line":50,"column":1}},"line":44},"2":{"name":"updatePaymentStatus","decl":{"start":{"line":64,"column":15},"end":{"line":64,"column":34}},"loc":{"start":{"line":64,"column":56},"end":{"line":88,"column":1}},"line":64},"3":{"name":"updateDeliveryStatus","decl":{"start":{"line":106,"column":15},"end":{"line":106,"column":35}},"loc":{"start":{"line":106,"column":57},"end":{"line":164,"column":1}},"line":106},"4":{"name":"(anonymous_4)","decl":{"start":{"line":142,"column":34},"end":{"line":142,"column":35}},"loc":{"start":{"line":142,"column":40},"end":{"line":142,"column":42}},"line":142}},"branchMap":{"0":{"loc":{"start":{"line":46,"column":2},"end":{"line":46,"column":27}},"type":"if","locations":[{"start":{"line":46,"column":2},"end":{"line":46,"column":27}},{"start":{},"end":{}}],"line":46},"1":{"loc":{"start":{"line":65,"column":2},"end":{"line":71,"column":3}},"type":"if","locations":[{"start":{"line":65,"column":2},"end":{"line":71,"column":3}},{"start":{},"end":{}}],"line":65},"2":{"loc":{"start":{"line":74,"column":2},"end":{"line":74,"column":50}},"type":"if","locations":[{"start":{"line":74,"column":2},"end":{"line":74,"column":50}},{"start":{},"end":{}}],"line":74},"3":{"loc":{"start":{"line":76,"column":2},"end":{"line":85,"column":3}},"type":"if","locations":[{"start":{"line":76,"column":2},"end":{"line":85,"column":3}},{"start":{},"end":{}}],"line":76},"4":{"loc":{"start":{"line":107,"column":2},"end":{"line":113,"column":3}},"type":"if","locations":[{"start":{"line":107,"column":2},"end":{"line":113,"column":3}},{"start":{},"end":{}}],"line":107},"5":{"loc":{"start":{"line":115,"column":2},"end":{"line":150,"column":3}},"type":"if","locations":[{"start":{"line":115,"column":2},"end":{"line":150,"column":3}},{"start":{"line":147,"column":9},"end":{"line":150,"column":3}}],"line":115},"6":{"loc":{"start":{"line":123,"column":6},"end":{"line":126,"column":7}},"type":"if","locations":[{"start":{"line":123,"column":6},"end":{"line":126,"column":7}},{"start":{},"end":{}}],"line":123},"7":{"loc":{"start":{"line":131,"column":6},"end":{"line":136,"column":7}},"type":"if","locations":[{"start":{"line":131,"column":6},"end":{"line":136,"column":7}},{"start":{},"end":{}}],"line":131},"8":{"loc":{"start":{"line":132,"column":8},"end":{"line":133,"column":44}},"type":"binary-expr","locations":[{"start":{"line":132,"column":8},"end":{"line":132,"column":45}},{"start":{"line":133,"column":8},"end":{"line":133,"column":44}}],"line":132},"9":{"loc":{"start":{"line":149,"column":4},"end":{"line":149,"column":52}},"type":"if","locations":[{"start":{"line":149,"column":4},"end":{"line":149,"column":52}},{"start":{},"end":{}}],"line":149},"10":{"loc":{"start":{"line":152,"column":2},"end":{"line":161,"column":3}},"type":"if","locations":[{"start":{"line":152,"column":2},"end":{"line":161,"column":3}},{"start":{},"end":{}}],"line":152}},"s":{"0":20,"1":20,"2":20,"3":20,"4":20,"5":20,"6":20,"7":1,"8":1,"9":1,"10":2,"11":2,"12":1,"13":1,"14":1,"15":5,"16":1,"17":4,"18":4,"19":1,"20":3,"21":2,"22":2,"23":1,"24":3,"25":9,"26":1,"27":8,"28":5,"29":5,"30":5,"31":5,"32":4,"33":1,"34":1,"35":3,"36":1,"37":3,"38":3,"39":1,"40":1,"41":5,"42":3,"43":3,"44":0,"45":6,"46":2,"47":2,"48":1,"49":6,"50":20},"f":{"0":1,"1":2,"2":5,"3":9,"4":0},"b":{"0":[1,1],"1":[1,4],"2":[1,3],"3":[2,1],"4":[1,8],"5":[5,3],"6":[1,3],"7":[1,2],"8":[3,2],"9":[0,3],"10":[2,4]},"_coverageSchema":"1a1c01bbd47fc00a2c39e90264f33305004495a9","hash":"b1a6324cc21a8b7e2db987a70194887086234463"}
,"C:\\Users\\rickj\\kavita\\kavita-backend\\services\\paymentService.js": {"path":"C:\\Users\\rickj\\kavita\\kavita-backend\\services\\paymentService.js","statementMap":{"0":{"start":{"line":4,"column":23},"end":{"line":4,"column":45}},"1":{"start":{"line":5,"column":24},"end":{"line":5,"column":56}},"2":{"start":{"line":6,"column":17},"end":{"line":6,"column":46}},"3":{"start":{"line":7,"column":20},"end":{"line":7,"column":54}},"4":{"start":{"line":8,"column":13},"end":{"line":8,"column":57}},"5":{"start":{"line":19,"column":12},"end":{"line":19,"column":50}},"6":{"start":{"line":20,"column":20},"end":{"line":20,"column":70}},"7":{"start":{"line":22,"column":2},"end":{"line":22,"column":40}},"8":{"start":{"line":22,"column":27},"end":{"line":22,"column":40}},"9":{"start":{"line":23,"column":2},"end":{"line":23,"column":46}},"10":{"start":{"line":23,"column":30},"end":{"line":23,"column":46}},"11":{"start":{"line":24,"column":2},"end":{"line":24,"column":44}},"12":{"start":{"line":24,"column":29},"end":{"line":24,"column":44}},"13":{"start":{"line":25,"column":2},"end":{"line":25,"column":78}},"14":{"start":{"line":25,"column":62},"end":{"line":25,"column":78}},"15":{"start":{"line":27,"column":2},"end":{"line":27,"column":85}},"16":{"start":{"line":27,"column":72},"end":{"line":27,"column":85}},"17":{"start":{"line":28,"column":2},"end":{"line":28,"column":84}},"18":{"start":{"line":28,"column":68},"end":{"line":28,"column":84}},"19":{"start":{"line":29,"column":2},"end":{"line":29,"column":50}},"20":{"start":{"line":29,"column":35},"end":{"line":29,"column":50}},"21":{"start":{"line":31,"column":2},"end":{"line":38,"column":3}},"22":{"start":{"line":37,"column":4},"end":{"line":37,"column":20}},"23":{"start":{"line":40,"column":2},"end":{"line":40,"column":12}},"24":{"start":{"line":47,"column":17},"end":{"line":47,"column":36}},"25":{"start":{"line":48,"column":15},"end":{"line":48,"column":54}},"26":{"start":{"line":50,"column":15},"end":{"line":66,"column":3}},"27":{"start":{"line":68,"column":2},"end":{"line":91,"column":3}},"28":{"start":{"line":69,"column":4},"end":{"line":75,"column":6}},"29":{"start":{"line":76,"column":9},"end":{"line":91,"column":3}},"30":{"start":{"line":77,"column":4},"end":{"line":83,"column":6}},"31":{"start":{"line":84,"column":9},"end":{"line":91,"column":3}},"32":{"start":{"line":85,"column":4},"end":{"line":90,"column":6}},"33":{"start":{"line":93,"column":2},"end":{"line":95,"column":3}},"34":{"start":{"line":94,"column":4},"end":{"line":94,"column":34}},"35":{"start":{"line":97,"column":23},"end":{"line":99,"column":10}},"36":{"start":{"line":100,"column":2},"end":{"line":102,"column":3}},"37":{"start":{"line":101,"column":4},"end":{"line":101,"column":41}},"38":{"start":{"line":104,"column":2},"end":{"line":104,"column":14}},"39":{"start":{"line":120,"column":17},"end":{"line":120,"column":51}},"40":{"start":{"line":123,"column":2},"end":{"line":125,"column":3}},"41":{"start":{"line":124,"column":4},"end":{"line":124,"column":77}},"42":{"start":{"line":126,"column":2},"end":{"line":128,"column":3}},"43":{"start":{"line":127,"column":4},"end":{"line":127,"column":77}},"44":{"start":{"line":130,"column":26},"end":{"line":130,"column":48}},"45":{"start":{"line":131,"column":2},"end":{"line":137,"column":3}},"46":{"start":{"line":132,"column":4},"end":{"line":136,"column":6}},"47":{"start":{"line":139,"column":28},"end":{"line":139,"column":56}},"48":{"start":{"line":140,"column":29},"end":{"line":140,"column":71}},"49":{"start":{"line":142,"column":2},"end":{"line":148,"column":3}},"50":{"start":{"line":143,"column":4},"end":{"line":147,"column":6}},"51":{"start":{"line":149,"column":2},"end":{"line":155,"column":3}},"52":{"start":{"line":150,"column":4},"end":{"line":154,"column":6}},"53":{"start":{"line":157,"column":16},"end":{"line":157,"column":51}},"54":{"start":{"line":158,"column":2},"end":{"line":164,"column":3}},"55":{"start":{"line":159,"column":4},"end":{"line":163,"column":6}},"56":{"start":{"line":166,"column":21},"end":{"line":166,"column":50}},"57":{"start":{"line":167,"column":15},"end":{"line":171,"column":4}},"58":{"start":{"line":173,"column":15},"end":{"line":173,"column":48}},"59":{"start":{"line":175,"column":2},"end":{"line":175,"column":47}},"60":{"start":{"line":177,"column":2},"end":{"line":181,"column":4}},"61":{"start":{"line":189,"column":2},"end":{"line":189,"column":33}},"62":{"start":{"line":193,"column":2},"end":{"line":193,"column":30}},"63":{"start":{"line":200,"column":18},"end":{"line":200,"column":43}},"64":{"start":{"line":201,"column":19},"end":{"line":201,"column":45}},"65":{"start":{"line":203,"column":2},"end":{"line":205,"column":3}},"66":{"start":{"line":204,"column":4},"end":{"line":204,"column":92}},"67":{"start":{"line":207,"column":2},"end":{"line":220,"column":3}},"68":{"start":{"line":208,"column":4},"end":{"line":214,"column":7}},"69":{"start":{"line":216,"column":4},"end":{"line":218,"column":5}},"70":{"start":{"line":217,"column":6},"end":{"line":217,"column":98}},"71":{"start":{"line":219,"column":4},"end":{"line":219,"column":14}},"72":{"start":{"line":227,"column":2},"end":{"line":229,"column":3}},"73":{"start":{"line":228,"column":4},"end":{"line":228,"column":74}},"74":{"start":{"line":231,"column":17},"end":{"line":231,"column":19}},"75":{"start":{"line":232,"column":17},"end":{"line":232,"column":19}},"76":{"start":{"line":234,"column":2},"end":{"line":239,"column":3}},"77":{"start":{"line":235,"column":20},"end":{"line":235,"column":45}},"78":{"start":{"line":236,"column":4},"end":{"line":236,"column":100}},"79":{"start":{"line":236,"column":18},"end":{"line":236,"column":100}},"80":{"start":{"line":237,"column":4},"end":{"line":237,"column":28}},"81":{"start":{"line":238,"column":4},"end":{"line":238,"column":25}},"82":{"start":{"line":240,"column":2},"end":{"line":245,"column":3}},"83":{"start":{"line":241,"column":21},"end":{"line":241,"column":47}},"84":{"start":{"line":242,"column":4},"end":{"line":242,"column":102}},"85":{"start":{"line":242,"column":19},"end":{"line":242,"column":102}},"86":{"start":{"line":243,"column":4},"end":{"line":243,"column":29}},"87":{"start":{"line":244,"column":4},"end":{"line":244,"column":26}},"88":{"start":{"line":246,"column":2},"end":{"line":249,"column":3}},"89":{"start":{"line":247,"column":4},"end":{"line":247,"column":35}},"90":{"start":{"line":248,"column":4},"end":{"line":248,"column":57}},"91":{"start":{"line":250,"column":2},"end":{"line":253,"column":3}},"92":{"start":{"line":251,"column":4},"end":{"line":251,"column":33}},"93":{"start":{"line":252,"column":4},"end":{"line":252,"column":43}},"94":{"start":{"line":254,"column":2},"end":{"line":257,"column":3}},"95":{"start":{"line":255,"column":4},"end":{"line":255,"column":34}},"96":{"start":{"line":256,"column":4},"end":{"line":256,"column":41}},"97":{"start":{"line":259,"column":2},"end":{"line":261,"column":3}},"98":{"start":{"line":260,"column":4},"end":{"line":260,"column":90}},"99":{"start":{"line":263,"column":19},"end":{"line":263,"column":48}},"100":{"start":{"line":264,"column":2},"end":{"line":266,"column":3}},"101":{"start":{"line":265,"column":4},"end":{"line":265,"column":77}},"102":{"start":{"line":268,"column":2},"end":{"line":275,"column":3}},"103":{"start":{"line":269,"column":4},"end":{"line":269,"column":59}},"104":{"start":{"line":271,"column":4},"end":{"line":273,"column":5}},"105":{"start":{"line":272,"column":6},"end":{"line":272,"column":98}},"106":{"start":{"line":274,"column":4},"end":{"line":274,"column":14}},"107":{"start":{"line":282,"column":2},"end":{"line":284,"column":3}},"108":{"start":{"line":283,"column":4},"end":{"line":283,"column":74}},"109":{"start":{"line":286,"column":19},"end":{"line":286,"column":48}},"110":{"start":{"line":287,"column":2},"end":{"line":289,"column":3}},"111":{"start":{"line":288,"column":4},"end":{"line":288,"column":77}},"112":{"start":{"line":291,"column":2},"end":{"line":291,"column":34}},"113":{"start":{"line":294,"column":0},"end":{"line":303,"column":2}}},"fnMap":{"0":{"name":"normalizeFormaPagamento","decl":{"start":{"line":18,"column":9},"end":{"line":18,"column":32}},"loc":{"start":{"line":18,"column":38},"end":{"line":41,"column":1}},"line":18},"1":{"name":"buildPreferenceBody","decl":{"start":{"line":46,"column":9},"end":{"line":46,"column":28}},"loc":{"start":{"line":46,"column":66},"end":{"line":105,"column":1}},"line":46},"2":{"name":"startPayment","decl":{"start":{"line":119,"column":15},"end":{"line":119,"column":27}},"loc":{"start":{"line":119,"column":46},"end":{"line":182,"column":1}},"line":119},"3":{"name":"listActiveMethods","decl":{"start":{"line":188,"column":15},"end":{"line":188,"column":32}},"loc":{"start":{"line":188,"column":35},"end":{"line":190,"column":1}},"line":188},"4":{"name":"listAllMethods","decl":{"start":{"line":192,"column":15},"end":{"line":192,"column":29}},"loc":{"start":{"line":192,"column":32},"end":{"line":194,"column":1}},"line":192},"5":{"name":"addMethod","decl":{"start":{"line":199,"column":15},"end":{"line":199,"column":24}},"loc":{"start":{"line":199,"column":78},"end":{"line":221,"column":1}},"line":199},"6":{"name":"editMethod","decl":{"start":{"line":226,"column":15},"end":{"line":226,"column":25}},"loc":{"start":{"line":226,"column":83},"end":{"line":276,"column":1}},"line":226},"7":{"name":"disableMethod","decl":{"start":{"line":281,"column":15},"end":{"line":281,"column":28}},"loc":{"start":{"line":281,"column":33},"end":{"line":292,"column":1}},"line":281}},"branchMap":{"0":{"loc":{"start":{"line":19,"column":19},"end":{"line":19,"column":28}},"type":"binary-expr","locations":[{"start":{"line":19,"column":19},"end":{"line":19,"column":22}},{"start":{"line":19,"column":26},"end":{"line":19,"column":28}}],"line":19},"1":{"loc":{"start":{"line":22,"column":2},"end":{"line":22,"column":40}},"type":"if","locations":[{"start":{"line":22,"column":2},"end":{"line":22,"column":40}},{"start":{},"end":{}}],"line":22},"2":{"loc":{"start":{"line":23,"column":2},"end":{"line":23,"column":46}},"type":"if","locations":[{"start":{"line":23,"column":2},"end":{"line":23,"column":46}},{"start":{},"end":{}}],"line":23},"3":{"loc":{"start":{"line":24,"column":2},"end":{"line":24,"column":44}},"type":"if","locations":[{"start":{"line":24,"column":2},"end":{"line":24,"column":44}},{"start":{},"end":{}}],"line":24},"4":{"loc":{"start":{"line":25,"column":2},"end":{"line":25,"column":78}},"type":"if","locations":[{"start":{"line":25,"column":2},"end":{"line":25,"column":78}},{"start":{},"end":{}}],"line":25},"5":{"loc":{"start":{"line":25,"column":6},"end":{"line":25,"column":60}},"type":"binary-expr","locations":[{"start":{"line":25,"column":6},"end":{"line":25,"column":31}},{"start":{"line":25,"column":35},"end":{"line":25,"column":60}}],"line":25},"6":{"loc":{"start":{"line":27,"column":2},"end":{"line":27,"column":85}},"type":"if","locations":[{"start":{"line":27,"column":2},"end":{"line":27,"column":85}},{"start":{},"end":{}}],"line":27},"7":{"loc":{"start":{"line":27,"column":6},"end":{"line":27,"column":70}},"type":"binary-expr","locations":[{"start":{"line":27,"column":6},"end":{"line":27,"column":31}},{"start":{"line":27,"column":35},"end":{"line":27,"column":70}}],"line":27},"8":{"loc":{"start":{"line":28,"column":2},"end":{"line":28,"column":84}},"type":"if","locations":[{"start":{"line":28,"column":2},"end":{"line":28,"column":84}},{"start":{},"end":{}}],"line":28},"9":{"loc":{"start":{"line":28,"column":6},"end":{"line":28,"column":66}},"type":"binary-expr","locations":[{"start":{"line":28,"column":6},"end":{"line":28,"column":34}},{"start":{"line":28,"column":38},"end":{"line":28,"column":66}}],"line":28},"10":{"loc":{"start":{"line":29,"column":2},"end":{"line":29,"column":50}},"type":"if","locations":[{"start":{"line":29,"column":2},"end":{"line":29,"column":50}},{"start":{},"end":{}}],"line":29},"11":{"loc":{"start":{"line":31,"column":2},"end":{"line":38,"column":3}},"type":"if","locations":[{"start":{"line":31,"column":2},"end":{"line":38,"column":3}},{"start":{},"end":{}}],"line":31},"12":{"loc":{"start":{"line":32,"column":4},"end":{"line":35,"column":31}},"type":"binary-expr","locations":[{"start":{"line":32,"column":4},"end":{"line":32,"column":32}},{"start":{"line":33,"column":4},"end":{"line":33,"column":33}},{"start":{"line":34,"column":4},"end":{"line":34,"column":37}},{"start":{"line":35,"column":4},"end":{"line":35,"column":31}}],"line":32},"13":{"loc":{"start":{"line":68,"column":2},"end":{"line":91,"column":3}},"type":"if","locations":[{"start":{"line":68,"column":2},"end":{"line":91,"column":3}},{"start":{"line":76,"column":9},"end":{"line":91,"column":3}}],"line":68},"14":{"loc":{"start":{"line":76,"column":9},"end":{"line":91,"column":3}},"type":"if","locations":[{"start":{"line":76,"column":9},"end":{"line":91,"column":3}},{"start":{"line":84,"column":9},"end":{"line":91,"column":3}}],"line":76},"15":{"loc":{"start":{"line":84,"column":9},"end":{"line":91,"column":3}},"type":"if","locations":[{"start":{"line":84,"column":9},"end":{"line":91,"column":3}},{"start":{},"end":{}}],"line":84},"16":{"loc":{"start":{"line":93,"column":2},"end":{"line":95,"column":3}},"type":"if","locations":[{"start":{"line":93,"column":2},"end":{"line":95,"column":3}},{"start":{},"end":{}}],"line":93},"17":{"loc":{"start":{"line":97,"column":23},"end":{"line":99,"column":10}},"type":"cond-expr","locations":[{"start":{"line":98,"column":6},"end":{"line":98,"column":47}},{"start":{"line":99,"column":6},"end":{"line":99,"column":10}}],"line":97},"18":{"loc":{"start":{"line":100,"column":2},"end":{"line":102,"column":3}},"type":"if","locations":[{"start":{"line":100,"column":2},"end":{"line":102,"column":3}},{"start":{},"end":{}}],"line":100},"19":{"loc":{"start":{"line":123,"column":2},"end":{"line":125,"column":3}},"type":"if","locations":[{"start":{"line":123,"column":2},"end":{"line":125,"column":3}},{"start":{},"end":{}}],"line":123},"20":{"loc":{"start":{"line":123,"column":6},"end":{"line":123,"column":44}},"type":"binary-expr","locations":[{"start":{"line":123,"column":6},"end":{"line":123,"column":12}},{"start":{"line":123,"column":16},"end":{"line":123,"column":44}}],"line":123},"21":{"loc":{"start":{"line":126,"column":2},"end":{"line":128,"column":3}},"type":"if","locations":[{"start":{"line":126,"column":2},"end":{"line":128,"column":3}},{"start":{},"end":{}}],"line":126},"22":{"loc":{"start":{"line":131,"column":2},"end":{"line":137,"column":3}},"type":"if","locations":[{"start":{"line":131,"column":2},"end":{"line":137,"column":3}},{"start":{},"end":{}}],"line":131},"23":{"loc":{"start":{"line":139,"column":28},"end":{"line":139,"column":56}},"type":"binary-expr","locations":[{"start":{"line":139,"column":28},"end":{"line":139,"column":50}},{"start":{"line":139,"column":54},"end":{"line":139,"column":56}}],"line":139},"24":{"loc":{"start":{"line":142,"column":2},"end":{"line":148,"column":3}},"type":"if","locations":[{"start":{"line":142,"column":2},"end":{"line":148,"column":3}},{"start":{},"end":{}}],"line":142},"25":{"loc":{"start":{"line":149,"column":2},"end":{"line":155,"column":3}},"type":"if","locations":[{"start":{"line":149,"column":2},"end":{"line":155,"column":3}},{"start":{},"end":{}}],"line":149},"26":{"loc":{"start":{"line":158,"column":2},"end":{"line":164,"column":3}},"type":"if","locations":[{"start":{"line":158,"column":2},"end":{"line":164,"column":3}},{"start":{},"end":{}}],"line":158},"27":{"loc":{"start":{"line":200,"column":25},"end":{"line":200,"column":35}},"type":"binary-expr","locations":[{"start":{"line":200,"column":25},"end":{"line":200,"column":29}},{"start":{"line":200,"column":33},"end":{"line":200,"column":35}}],"line":200},"28":{"loc":{"start":{"line":201,"column":26},"end":{"line":201,"column":37}},"type":"binary-expr","locations":[{"start":{"line":201,"column":26},"end":{"line":201,"column":31}},{"start":{"line":201,"column":35},"end":{"line":201,"column":37}}],"line":201},"29":{"loc":{"start":{"line":203,"column":2},"end":{"line":205,"column":3}},"type":"if","locations":[{"start":{"line":203,"column":2},"end":{"line":205,"column":3}},{"start":{},"end":{}}],"line":203},"30":{"loc":{"start":{"line":203,"column":6},"end":{"line":203,"column":27}},"type":"binary-expr","locations":[{"start":{"line":203,"column":6},"end":{"line":203,"column":14}},{"start":{"line":203,"column":18},"end":{"line":203,"column":27}}],"line":203},"31":{"loc":{"start":{"line":211,"column":19},"end":{"line":211,"column":38}},"type":"binary-expr","locations":[{"start":{"line":211,"column":19},"end":{"line":211,"column":30}},{"start":{"line":211,"column":34},"end":{"line":211,"column":38}}],"line":211},"32":{"loc":{"start":{"line":212,"column":17},"end":{"line":212,"column":42}},"type":"cond-expr","locations":[{"start":{"line":212,"column":37},"end":{"line":212,"column":38}},{"start":{"line":212,"column":41},"end":{"line":212,"column":42}}],"line":212},"33":{"loc":{"start":{"line":213,"column":18},"end":{"line":213,"column":41}},"type":"binary-expr","locations":[{"start":{"line":213,"column":18},"end":{"line":213,"column":36}},{"start":{"line":213,"column":40},"end":{"line":213,"column":41}}],"line":213},"34":{"loc":{"start":{"line":216,"column":4},"end":{"line":218,"column":5}},"type":"if","locations":[{"start":{"line":216,"column":4},"end":{"line":218,"column":5}},{"start":{},"end":{}}],"line":216},"35":{"loc":{"start":{"line":216,"column":8},"end":{"line":216,"column":70}},"type":"binary-expr","locations":[{"start":{"line":216,"column":8},"end":{"line":216,"column":11}},{"start":{"line":216,"column":15},"end":{"line":216,"column":70}}],"line":216},"36":{"loc":{"start":{"line":216,"column":22},"end":{"line":216,"column":36}},"type":"binary-expr","locations":[{"start":{"line":216,"column":22},"end":{"line":216,"column":30}},{"start":{"line":216,"column":34},"end":{"line":216,"column":36}}],"line":216},"37":{"loc":{"start":{"line":227,"column":2},"end":{"line":229,"column":3}},"type":"if","locations":[{"start":{"line":227,"column":2},"end":{"line":229,"column":3}},{"start":{},"end":{}}],"line":227},"38":{"loc":{"start":{"line":227,"column":6},"end":{"line":227,"column":37}},"type":"binary-expr","locations":[{"start":{"line":227,"column":6},"end":{"line":227,"column":26}},{"start":{"line":227,"column":30},"end":{"line":227,"column":37}}],"line":227},"39":{"loc":{"start":{"line":234,"column":2},"end":{"line":239,"column":3}},"type":"if","locations":[{"start":{"line":234,"column":2},"end":{"line":239,"column":3}},{"start":{},"end":{}}],"line":234},"40":{"loc":{"start":{"line":235,"column":27},"end":{"line":235,"column":37}},"type":"binary-expr","locations":[{"start":{"line":235,"column":27},"end":{"line":235,"column":31}},{"start":{"line":235,"column":35},"end":{"line":235,"column":37}}],"line":235},"41":{"loc":{"start":{"line":236,"column":4},"end":{"line":236,"column":100}},"type":"if","locations":[{"start":{"line":236,"column":4},"end":{"line":236,"column":100}},{"start":{},"end":{}}],"line":236},"42":{"loc":{"start":{"line":240,"column":2},"end":{"line":245,"column":3}},"type":"if","locations":[{"start":{"line":240,"column":2},"end":{"line":245,"column":3}},{"start":{},"end":{}}],"line":240},"43":{"loc":{"start":{"line":241,"column":28},"end":{"line":241,"column":39}},"type":"binary-expr","locations":[{"start":{"line":241,"column":28},"end":{"line":241,"column":33}},{"start":{"line":241,"column":37},"end":{"line":241,"column":39}}],"line":241},"44":{"loc":{"start":{"line":242,"column":4},"end":{"line":242,"column":102}},"type":"if","locations":[{"start":{"line":242,"column":4},"end":{"line":242,"column":102}},{"start":{},"end":{}}],"line":242},"45":{"loc":{"start":{"line":246,"column":2},"end":{"line":249,"column":3}},"type":"if","locations":[{"start":{"line":246,"column":2},"end":{"line":249,"column":3}},{"start":{},"end":{}}],"line":246},"46":{"loc":{"start":{"line":248,"column":16},"end":{"line":248,"column":55}},"type":"cond-expr","locations":[{"start":{"line":248,"column":37},"end":{"line":248,"column":41}},{"start":{"line":248,"column":44},"end":{"line":248,"column":55}}],"line":248},"47":{"loc":{"start":{"line":250,"column":2},"end":{"line":253,"column":3}},"type":"if","locations":[{"start":{"line":250,"column":2},"end":{"line":253,"column":3}},{"start":{},"end":{}}],"line":250},"48":{"loc":{"start":{"line":252,"column":16},"end":{"line":252,"column":41}},"type":"cond-expr","locations":[{"start":{"line":252,"column":36},"end":{"line":252,"column":37}},{"start":{"line":252,"column":40},"end":{"line":252,"column":41}}],"line":252},"49":{"loc":{"start":{"line":254,"column":2},"end":{"line":257,"column":3}},"type":"if","locations":[{"start":{"line":254,"column":2},"end":{"line":257,"column":3}},{"start":{},"end":{}}],"line":254},"50":{"loc":{"start":{"line":256,"column":16},"end":{"line":256,"column":39}},"type":"binary-expr","locations":[{"start":{"line":256,"column":16},"end":{"line":256,"column":34}},{"start":{"line":256,"column":38},"end":{"line":256,"column":39}}],"line":256},"51":{"loc":{"start":{"line":259,"column":2},"end":{"line":261,"column":3}},"type":"if","locations":[{"start":{"line":259,"column":2},"end":{"line":261,"column":3}},{"start":{},"end":{}}],"line":259},"52":{"loc":{"start":{"line":264,"column":2},"end":{"line":266,"column":3}},"type":"if","locations":[{"start":{"line":264,"column":2},"end":{"line":266,"column":3}},{"start":{},"end":{}}],"line":264},"53":{"loc":{"start":{"line":271,"column":4},"end":{"line":273,"column":5}},"type":"if","locations":[{"start":{"line":271,"column":4},"end":{"line":273,"column":5}},{"start":{},"end":{}}],"line":271},"54":{"loc":{"start":{"line":271,"column":8},"end":{"line":271,"column":70}},"type":"binary-expr","locations":[{"start":{"line":271,"column":8},"end":{"line":271,"column":11}},{"start":{"line":271,"column":15},"end":{"line":271,"column":70}}],"line":271},"55":{"loc":{"start":{"line":271,"column":22},"end":{"line":271,"column":36}},"type":"binary-expr","locations":[{"start":{"line":271,"column":22},"end":{"line":271,"column":30}},{"start":{"line":271,"column":34},"end":{"line":271,"column":36}}],"line":271},"56":{"loc":{"start":{"line":282,"column":2},"end":{"line":284,"column":3}},"type":"if","locations":[{"start":{"line":282,"column":2},"end":{"line":284,"column":3}},{"start":{},"end":{}}],"line":282},"57":{"loc":{"start":{"line":282,"column":6},"end":{"line":282,"column":37}},"type":"binary-expr","locations":[{"start":{"line":282,"column":6},"end":{"line":282,"column":26}},{"start":{"line":282,"column":30},"end":{"line":282,"column":37}}],"line":282},"58":{"loc":{"start":{"line":287,"column":2},"end":{"line":289,"column":3}},"type":"if","locations":[{"start":{"line":287,"column":2},"end":{"line":289,"column":3}},{"start":{},"end":{}}],"line":287}},"s":{"0":71,"1":71,"2":71,"3":71,"4":71,"5":51,"6":51,"7":51,"8":32,"9":19,"10":2,"11":17,"12":3,"13":14,"14":3,"15":11,"16":1,"17":10,"18":1,"19":9,"20":0,"21":9,"22":2,"23":7,"24":8,"25":8,"26":8,"27":8,"28":5,"29":3,"30":1,"31":2,"32":1,"33":8,"34":1,"35":8,"36":8,"37":2,"38":8,"39":7,"40":7,"41":1,"42":6,"43":1,"44":5,"45":5,"46":1,"47":4,"48":4,"49":4,"50":1,"51":3,"52":1,"53":2,"54":2,"55":1,"56":1,"57":1,"58":1,"59":1,"60":1,"61":0,"62":0,"63":4,"64":4,"65":4,"66":2,"67":2,"68":2,"69":1,"70":1,"71":0,"72":7,"73":1,"74":6,"75":6,"76":6,"77":2,"78":2,"79":1,"80":1,"81":1,"82":5,"83":3,"84":3,"85":1,"86":2,"87":2,"88":4,"89":1,"90":1,"91":4,"92":1,"93":1,"94":4,"95":1,"96":1,"97":4,"98":1,"99":3,"100":3,"101":1,"102":2,"103":2,"104":1,"105":1,"106":0,"107":3,"108":1,"109":2,"110":2,"111":1,"112":1,"113":71},"f":{"0":51,"1":8,"2":7,"3":0,"4":0,"5":4,"6":7,"7":3},"b":{"0":[51,4],"1":[32,19],"2":[2,17],"3":[3,14],"4":[3,11],"5":[14,12],"6":[1,10],"7":[11,10],"8":[1,9],"9":[10,9],"10":[0,9],"11":[2,7],"12":[9,9,8,7],"13":[5,3],"14":[1,2],"15":[1,1],"16":[1,7],"17":[2,6],"18":[2,6],"19":[1,6],"20":[7,6],"21":[1,5],"22":[1,4],"23":[4,1],"24":[1,3],"25":[1,2],"26":[1,1],"27":[4,1],"28":[4,1],"29":[2,2],"30":[4,3],"31":[2,2],"32":[1,1],"33":[2,2],"34":[1,0],"35":[1,1],"36":[1,0],"37":[1,6],"38":[7,7],"39":[2,4],"40":[2,1],"41":[1,1],"42":[3,2],"43":[3,0],"44":[1,2],"45":[1,3],"46":[1,0],"47":[1,3],"48":[0,1],"49":[1,3],"50":[1,0],"51":[1,3],"52":[1,2],"53":[1,0],"54":[1,1],"55":[1,0],"56":[1,2],"57":[3,3],"58":[1,1]},"_coverageSchema":"1a1c01bbd47fc00a2c39e90264f33305004495a9","hash":"512bbcfbcd7279a1d49827649f2d63c5182cc6b4"}
,"C:\\Users\\rickj\\kavita\\kavita-backend\\services\\paymentWebhookService.js": {"path":"C:\\Users\\rickj\\kavita\\kavita-backend\\services\\paymentWebhookService.js","statementMap":{"0":{"start":{"line":4,"column":20},"end":{"line":4,"column":42}},"1":{"start":{"line":5,"column":24},"end":{"line":5,"column":56}},"2":{"start":{"line":6,"column":13},"end":{"line":6,"column":38}},"3":{"start":{"line":7,"column":13},"end":{"line":7,"column":57}},"4":{"start":{"line":8,"column":18},"end":{"line":8,"column":60}},"5":{"start":{"line":21,"column":2},"end":{"line":21,"column":45}},"6":{"start":{"line":21,"column":31},"end":{"line":21,"column":45}},"7":{"start":{"line":22,"column":2},"end":{"line":22,"column":75}},"8":{"start":{"line":22,"column":59},"end":{"line":22,"column":75}},"9":{"start":{"line":23,"column":2},"end":{"line":23,"column":77}},"10":{"start":{"line":23,"column":59},"end":{"line":23,"column":77}},"11":{"start":{"line":24,"column":2},"end":{"line":24,"column":81}},"12":{"start":{"line":24,"column":62},"end":{"line":24,"column":81}},"13":{"start":{"line":25,"column":2},"end":{"line":25,"column":20}},"14":{"start":{"line":52,"column":15},"end":{"line":52,"column":41}},"15":{"start":{"line":53,"column":2},"end":{"line":123,"column":3}},"16":{"start":{"line":54,"column":4},"end":{"line":54,"column":34}},"17":{"start":{"line":57,"column":26},"end":{"line":57,"column":77}},"18":{"start":{"line":59,"column":20},"end":{"line":59,"column":37}},"19":{"start":{"line":61,"column":4},"end":{"line":79,"column":5}},"20":{"start":{"line":62,"column":6},"end":{"line":67,"column":9}},"21":{"start":{"line":68,"column":11},"end":{"line":79,"column":5}},"22":{"start":{"line":70,"column":6},"end":{"line":70,"column":26}},"23":{"start":{"line":71,"column":6},"end":{"line":71,"column":26}},"24":{"start":{"line":73,"column":6},"end":{"line":73,"column":35}},"25":{"start":{"line":74,"column":6},"end":{"line":78,"column":9}},"26":{"start":{"line":82,"column":4},"end":{"line":86,"column":5}},"27":{"start":{"line":83,"column":6},"end":{"line":83,"column":58}},"28":{"start":{"line":84,"column":6},"end":{"line":84,"column":26}},"29":{"start":{"line":85,"column":6},"end":{"line":85,"column":23}},"30":{"start":{"line":89,"column":26},"end":{"line":89,"column":52}},"31":{"start":{"line":90,"column":20},"end":{"line":90,"column":59}},"32":{"start":{"line":92,"column":21},"end":{"line":92,"column":47}},"33":{"start":{"line":94,"column":4},"end":{"line":99,"column":5}},"34":{"start":{"line":95,"column":6},"end":{"line":95,"column":80}},"35":{"start":{"line":96,"column":6},"end":{"line":96,"column":58}},"36":{"start":{"line":97,"column":6},"end":{"line":97,"column":26}},"37":{"start":{"line":98,"column":6},"end":{"line":98,"column":23}},"38":{"start":{"line":101,"column":23},"end":{"line":101,"column":58}},"39":{"start":{"line":105,"column":4},"end":{"line":107,"column":5}},"40":{"start":{"line":106,"column":6},"end":{"line":106,"column":60}},"41":{"start":{"line":109,"column":4},"end":{"line":109,"column":71}},"42":{"start":{"line":110,"column":4},"end":{"line":110,"column":70}},"43":{"start":{"line":112,"column":4},"end":{"line":112,"column":24}},"44":{"start":{"line":113,"column":4},"end":{"line":113,"column":23}},"45":{"start":{"line":115,"column":4},"end":{"line":119,"column":5}},"46":{"start":{"line":116,"column":6},"end":{"line":116,"column":28}},"47":{"start":{"line":118,"column":6},"end":{"line":118,"column":71}},"48":{"start":{"line":120,"column":4},"end":{"line":120,"column":14}},"49":{"start":{"line":122,"column":4},"end":{"line":122,"column":19}},"50":{"start":{"line":126,"column":0},"end":{"line":126,"column":61}}},"fnMap":{"0":{"name":"mapMPStatusToDomain","decl":{"start":{"line":20,"column":9},"end":{"line":20,"column":28}},"loc":{"start":{"line":20,"column":39},"end":{"line":26,"column":1}},"line":20},"1":{"name":"handleWebhookEvent","decl":{"start":{"line":45,"column":15},"end":{"line":45,"column":33}},"loc":{"start":{"line":51,"column":3},"end":{"line":124,"column":1}},"line":51}},"branchMap":{"0":{"loc":{"start":{"line":21,"column":2},"end":{"line":21,"column":45}},"type":"if","locations":[{"start":{"line":21,"column":2},"end":{"line":21,"column":45}},{"start":{},"end":{}}],"line":21},"1":{"loc":{"start":{"line":22,"column":2},"end":{"line":22,"column":75}},"type":"if","locations":[{"start":{"line":22,"column":2},"end":{"line":22,"column":75}},{"start":{},"end":{}}],"line":22},"2":{"loc":{"start":{"line":22,"column":6},"end":{"line":22,"column":57}},"type":"binary-expr","locations":[{"start":{"line":22,"column":6},"end":{"line":22,"column":29}},{"start":{"line":22,"column":33},"end":{"line":22,"column":57}}],"line":22},"3":{"loc":{"start":{"line":23,"column":2},"end":{"line":23,"column":77}},"type":"if","locations":[{"start":{"line":23,"column":2},"end":{"line":23,"column":77}},{"start":{},"end":{}}],"line":23},"4":{"loc":{"start":{"line":23,"column":6},"end":{"line":23,"column":57}},"type":"binary-expr","locations":[{"start":{"line":23,"column":6},"end":{"line":23,"column":31}},{"start":{"line":23,"column":35},"end":{"line":23,"column":57}}],"line":23},"5":{"loc":{"start":{"line":24,"column":2},"end":{"line":24,"column":81}},"type":"if","locations":[{"start":{"line":24,"column":2},"end":{"line":24,"column":81}},{"start":{},"end":{}}],"line":24},"6":{"loc":{"start":{"line":24,"column":6},"end":{"line":24,"column":60}},"type":"binary-expr","locations":[{"start":{"line":24,"column":6},"end":{"line":24,"column":33}},{"start":{"line":24,"column":37},"end":{"line":24,"column":60}}],"line":24},"7":{"loc":{"start":{"line":61,"column":4},"end":{"line":79,"column":5}},"type":"if","locations":[{"start":{"line":61,"column":4},"end":{"line":79,"column":5}},{"start":{"line":68,"column":11},"end":{"line":79,"column":5}}],"line":61},"8":{"loc":{"start":{"line":68,"column":11},"end":{"line":79,"column":5}},"type":"if","locations":[{"start":{"line":68,"column":11},"end":{"line":79,"column":5}},{"start":{"line":72,"column":11},"end":{"line":79,"column":5}}],"line":68},"9":{"loc":{"start":{"line":82,"column":4},"end":{"line":86,"column":5}},"type":"if","locations":[{"start":{"line":82,"column":4},"end":{"line":86,"column":5}},{"start":{},"end":{}}],"line":82},"10":{"loc":{"start":{"line":82,"column":8},"end":{"line":82,"column":37}},"type":"binary-expr","locations":[{"start":{"line":82,"column":8},"end":{"line":82,"column":26}},{"start":{"line":82,"column":30},"end":{"line":82,"column":37}}],"line":82},"11":{"loc":{"start":{"line":94,"column":4},"end":{"line":99,"column":5}},"type":"if","locations":[{"start":{"line":94,"column":4},"end":{"line":99,"column":5}},{"start":{},"end":{}}],"line":94},"12":{"loc":{"start":{"line":105,"column":4},"end":{"line":107,"column":5}},"type":"if","locations":[{"start":{"line":105,"column":4},"end":{"line":107,"column":5}},{"start":{},"end":{}}],"line":105}},"s":{"0":20,"1":20,"2":20,"3":20,"4":20,"5":11,"6":3,"7":8,"8":3,"9":5,"10":2,"11":3,"12":2,"13":1,"14":9,"15":9,"16":9,"17":9,"18":7,"19":7,"20":5,"21":2,"22":1,"23":1,"24":1,"25":1,"26":6,"27":2,"28":2,"29":2,"30":4,"31":4,"32":4,"33":4,"34":1,"35":1,"36":1,"37":1,"38":3,"39":3,"40":1,"41":3,"42":3,"43":3,"44":3,"45":2,"46":2,"47":1,"48":2,"49":9,"50":20},"f":{"0":11,"1":9},"b":{"0":[3,8],"1":[3,5],"2":[8,6],"3":[2,3],"4":[5,4],"5":[2,1],"6":[3,2],"7":[5,2],"8":[1,1],"9":[2,4],"10":[6,5],"11":[1,3],"12":[1,2]},"_coverageSchema":"1a1c01bbd47fc00a2c39e90264f33305004495a9","hash":"e3c0d5090f862b4a8417128e152265ce24e6013a"}
}
