TN:
SF:server.js
FN:37,(anonymous_0)
FN:56,(anonymous_1)
FN:57,(anonymous_2)
FN:66,(anonymous_3)
FN:94,(anonymous_4)
FN:112,(anonymous_5)
FN:130,(anonymous_6)
FNF:7
FNH:0
FNDA:0,(anonymous_0)
FNDA:0,(anonymous_1)
FNDA:0,(anonymous_2)
FNDA:0,(anonymous_3)
FNDA:0,(anonymous_4)
FNDA:0,(anonymous_5)
FNDA:0,(anonymous_6)
DA:1,0
DA:3,0
DA:4,0
DA:5,0
DA:6,0
DA:7,0
DA:8,0
DA:9,0
DA:10,0
DA:13,0
DA:14,0
DA:17,0
DA:18,0
DA:19,0
DA:23,0
DA:24,0
DA:26,0
DA:32,0
DA:37,0
DA:38,0
DA:39,0
DA:42,0
DA:52,0
DA:56,0
DA:57,0
DA:62,0
DA:64,0
DA:67,0
DA:68,0
DA:69,0
DA:70,0
DA:72,0
DA:73,0
DA:74,0
DA:76,0
DA:85,0
DA:86,0
DA:87,0
DA:88,0
DA:93,0
DA:94,0
DA:96,0
DA:101,0
DA:102,0
DA:107,0
DA:112,0
DA:113,0
DA:122,0
DA:127,0
DA:128,0
DA:130,0
DA:131,0
DA:132,0
DA:133,0
DA:138,0
DA:140,0
DA:141,0
DA:142,0
DA:145,0
DA:146,0
DA:147,0
DA:149,0
DA:156,0
LF:63
LH:0
BRDA:38,0,0,0
BRDA:38,0,1,0
BRDA:67,1,0,0
BRDA:67,1,1,0
BRDA:69,2,0,0
BRDA:69,2,1,0
BRDA:69,3,0,0
BRDA:69,3,1,0
BRDA:73,4,0,0
BRDA:73,4,1,0
BRDA:127,5,0,0
BRDA:127,5,1,0
BRDA:128,6,0,0
BRDA:128,6,1,0
BRDA:138,7,0,0
BRDA:138,7,1,0
BRDA:140,8,0,0
BRDA:140,8,1,0
BRDA:145,9,0,0
BRDA:145,9,1,0
BRF:20
BRH:0
end_of_record
TN:
SF:controllers\adminNewsController.js
FNF:0
FNH:0
DA:1,0
DA:2,0
DA:4,0
DA:5,0
DA:6,0
DA:8,0
DA:11,0
LF:7
LH:0
BRDA:14,0,0,0
BRDA:14,0,1,0
BRF:2
BRH:0
end_of_record
TN:
SF:controllers\authController.js
FN:11,getAuthCookieOptions
FN:22,buildSafeUserResponse
FN:27,(anonymous_2)
FN:60,(anonymous_3)
FN:78,(anonymous_4)
FN:87,(anonymous_5)
FN:124,(anonymous_6)
FNF:7
FNH:0
FNDA:0,getAuthCookieOptions
FNDA:0,buildSafeUserResponse
FNDA:0,(anonymous_2)
FNDA:0,(anonymous_3)
FNDA:0,(anonymous_4)
FNDA:0,(anonymous_5)
FNDA:0,(anonymous_6)
DA:2,0
DA:3,0
DA:4,0
DA:5,0
DA:6,0
DA:8,0
DA:9,0
DA:12,0
DA:13,0
DA:23,0
DA:26,0
DA:28,0
DA:30,0
DA:31,0
DA:33,0
DA:34,0
DA:35,0
DA:38,0
DA:40,0
DA:41,0
DA:42,0
DA:43,0
DA:46,0
DA:47,0
DA:49,0
DA:51,0
DA:56,0
DA:61,0
DA:63,0
DA:64,0
DA:65,0
DA:66,0
DA:69,0
DA:70,0
DA:72,0
DA:74,0
DA:79,0
DA:80,0
DA:81,0
DA:83,0
DA:88,0
DA:89,0
DA:90,0
DA:91,0
DA:92,0
DA:95,0
DA:98,0
DA:99,0
DA:100,0
DA:105,0
DA:106,0
DA:107,0
DA:109,0
DA:110,0
DA:111,0
DA:113,0
DA:115,0
DA:119,0
DA:120,0
DA:125,0
DA:126,0
DA:127,0
DA:128,0
DA:129,0
DA:132,0
DA:133,0
DA:134,0
DA:135,0
DA:138,0
DA:139,0
DA:141,0
DA:142,0
DA:144,0
DA:146,0
DA:148,0
DA:149,0
DA:154,0
LF:77
LH:0
BRDA:16,0,0,0
BRDA:16,0,1,0
BRDA:33,1,0,0
BRDA:33,1,1,0
BRDA:41,2,0,0
BRDA:41,2,1,0
BRDA:65,3,0,0
BRDA:65,3,1,0
BRDA:90,4,0,0
BRDA:90,4,1,0
BRDA:98,5,0,0
BRDA:98,5,1,0
BRDA:98,6,0,0
BRDA:98,6,1,0
BRDA:127,7,0,0
BRDA:127,7,1,0
BRDA:127,8,0,0
BRDA:127,8,1,0
BRDA:133,9,0,0
BRDA:133,9,1,0
BRF:20
BRH:0
end_of_record
TN:
SF:controllers\checkoutController.js
FN:7,isFormaPagamentoValida
FN:27,create
FN:174,(anonymous_2)
FN:181,(anonymous_3)
FNF:4
FNH:4
FNDA:24,isFormaPagamentoValida
FNDA:26,create
FNDA:19,(anonymous_2)
FNDA:18,(anonymous_3)
DA:1,26
DA:2,26
DA:4,26
DA:5,26
DA:8,24
DA:9,24
DA:11,24
DA:12,2
DA:13,2
DA:14,2
DA:16,2
DA:37,26
DA:39,26
DA:42,26
DA:43,2
DA:53,24
DA:54,2
DA:63,22
DA:64,1
DA:75,21
DA:76,21
DA:77,21
DA:80,21
DA:81,21
DA:82,21
DA:84,21
DA:85,4
DA:86,4
DA:89,21
DA:90,1
DA:91,1
DA:94,21
DA:95,1
DA:96,1
DA:97,1
DA:98,1
DA:102,21
DA:103,1
DA:104,1
DA:105,1
DA:106,1
DA:110,21
DA:111,4
DA:117,1
DA:122,21
DA:124,21
DA:125,21
DA:136,18
DA:137,2
DA:140,3
DA:144,21
DA:146,21
DA:171,18
DA:174,19
DA:175,18
DA:180,18
DA:181,18
DA:182,18
DA:189,18
DA:191,18
DA:192,19
DA:193,19
DA:195,19
DA:196,1
DA:203,18
DA:204,18
DA:205,1
DA:212,17
DA:213,2
DA:220,15
DA:222,15
DA:228,15
DA:233,15
DA:237,14
DA:238,14
DA:239,14
DA:241,14
DA:242,8
DA:244,8
DA:245,8
DA:256,7
DA:257,1
DA:264,6
DA:266,6
DA:267,1
DA:274,5
DA:275,1
DA:276,1
DA:277,1
DA:278,1
DA:286,4
DA:288,4
DA:292,4
DA:293,1
DA:300,3
DA:301,3
DA:302,1
DA:309,2
DA:310,2
DA:312,2
DA:313,1
DA:315,1
DA:318,2
DA:319,2
DA:321,2
DA:322,2
DA:324,2
DA:331,2
DA:335,6
DA:337,1
DA:338,1
DA:347,8
DA:353,8
DA:354,8
DA:355,2
DA:366,1
DA:370,8
DA:373,8
DA:374,8
DA:376,1
DA:380,8
DA:381,8
DA:386,1
DA:390,8
DA:400,13
DA:402,13
DA:403,13
DA:404,13
DA:406,1
DA:410,13
DA:411,10
DA:414,3
DA:422,21
DA:423,21
DA:428,26
LF:135
LH:135
BRDA:8,0,0,24
BRDA:8,0,1,0
BRDA:9,1,0,0
BRDA:9,1,1,24
BRDA:11,2,0,22
BRDA:11,2,1,2
BRDA:12,3,0,0
BRDA:12,3,1,2
BRDA:13,4,0,0
BRDA:13,4,1,2
BRDA:13,5,0,2
BRDA:13,5,1,0
BRDA:14,6,0,0
BRDA:14,6,1,2
BRDA:37,7,0,26
BRDA:37,7,1,0
BRDA:39,8,0,26
BRDA:39,8,1,24
BRDA:42,9,0,2
BRDA:42,9,1,24
BRDA:53,10,0,2
BRDA:53,10,1,22
BRDA:63,11,0,1
BRDA:63,11,1,21
BRDA:63,12,0,22
BRDA:63,12,1,22
BRDA:84,13,0,4
BRDA:84,13,1,17
BRDA:84,14,0,21
BRDA:84,14,1,4
BRDA:89,15,0,1
BRDA:89,15,1,20
BRDA:89,16,0,21
BRDA:89,16,1,1
BRDA:94,17,0,1
BRDA:94,17,1,20
BRDA:94,18,0,21
BRDA:94,18,1,1
BRDA:96,19,0,1
BRDA:96,19,1,0
BRDA:102,20,0,1
BRDA:102,20,1,20
BRDA:102,21,0,21
BRDA:102,21,1,1
BRDA:104,22,0,1
BRDA:104,22,1,0
BRDA:110,23,0,4
BRDA:110,23,1,17
BRDA:136,24,0,2
BRDA:136,24,1,16
BRDA:136,25,0,18
BRDA:136,25,1,18
BRDA:144,26,0,21
BRDA:144,26,1,0
BRDA:193,27,0,19
BRDA:193,27,1,1
BRDA:195,28,0,1
BRDA:195,28,1,18
BRDA:195,29,0,19
BRDA:195,29,1,19
BRDA:195,29,2,19
BRDA:204,30,0,1
BRDA:204,30,1,17
BRDA:212,31,0,2
BRDA:212,31,1,15
BRDA:241,32,0,8
BRDA:241,32,1,6
BRDA:241,33,0,14
BRDA:241,33,1,8
BRDA:256,34,0,1
BRDA:256,34,1,6
BRDA:256,35,0,7
BRDA:256,35,1,7
BRDA:266,36,0,1
BRDA:266,36,1,5
BRDA:274,37,0,1
BRDA:274,37,1,4
BRDA:277,38,0,1
BRDA:277,38,1,0
BRDA:286,39,0,4
BRDA:286,39,1,2
BRDA:288,40,0,0
BRDA:288,40,1,4
BRDA:288,41,0,4
BRDA:288,41,1,4
BRDA:292,42,0,1
BRDA:292,42,1,3
BRDA:292,43,0,4
BRDA:292,43,1,4
BRDA:300,44,0,3
BRDA:300,44,1,2
BRDA:301,45,0,1
BRDA:301,45,1,2
BRDA:301,46,0,3
BRDA:301,46,1,1
BRDA:309,47,0,2
BRDA:309,47,1,0
BRDA:312,48,0,1
BRDA:312,48,1,1
BRDA:318,49,0,0
BRDA:318,49,1,2
BRDA:319,50,0,0
BRDA:319,50,1,2
BRDA:335,51,0,5
BRDA:335,51,1,1
BRDA:354,52,0,2
BRDA:354,52,1,6
BRDA:354,53,0,8
BRDA:354,53,1,2
BRDA:402,54,0,13
BRDA:402,54,1,0
BRDA:410,55,0,10
BRDA:410,55,1,3
BRDA:422,56,0,21
BRDA:422,56,1,0
BRF:115
BRH:98
end_of_record
TN:
SF:controllers\dronesAdminController.js
FN:12,(anonymous_0)
FN:32,safeUnlink
FN:38,classify
FN:45,parseJsonField
FN:55,extractItems
FN:59,normalizeBool
FN:68,parseModelKey
FN:93,ensureModelExists
FN:101,sendError
FN:123,getPage
FN:144,upsertPage
FN:238,resetPageToDefault
FN:276,getLandingConfig
FN:300,upsertLandingConfig
FN:389,listModels
FN:402,createModel
FN:434,deleteModel
FN:457,getModelAggregate
FN:471,(anonymous_18)
FN:484,upsertModelInfo
FN:495,(anonymous_20)
FN:557,setModelMediaSelection
FN:580,(anonymous_22)
FN:616,listModelGallery
FN:629,(anonymous_24)
FN:633,(anonymous_25)
FN:637,(anonymous_26)
FN:654,createModelGalleryItem
FN:708,updateModelGalleryItem
FN:728,(anonymous_29)
FN:787,deleteModelGalleryItem
FN:801,(anonymous_31)
FN:835,listGallery
FN:851,(anonymous_33)
FN:864,createGalleryItem
FN:915,updateGalleryItem
FN:934,(anonymous_36)
FN:983,deleteGalleryItem
FN:997,(anonymous_38)
FN:1025,listRepresentatives
FN:1041,validateRepresentativePayload
FN:1058,createRepresentative
FN:1071,updateRepresentative
FN:1087,deleteRepresentative
FN:1101,listComments
FN:1116,approveComment
FN:1129,rejectComment
FN:1142,deleteComment
FNF:48
FNH:0
FNDA:0,(anonymous_0)
FNDA:0,safeUnlink
FNDA:0,classify
FNDA:0,parseJsonField
FNDA:0,extractItems
FNDA:0,normalizeBool
FNDA:0,parseModelKey
FNDA:0,ensureModelExists
FNDA:0,sendError
FNDA:0,getPage
FNDA:0,upsertPage
FNDA:0,resetPageToDefault
FNDA:0,getLandingConfig
FNDA:0,upsertLandingConfig
FNDA:0,listModels
FNDA:0,createModel
FNDA:0,deleteModel
FNDA:0,getModelAggregate
FNDA:0,(anonymous_18)
FNDA:0,upsertModelInfo
FNDA:0,(anonymous_20)
FNDA:0,setModelMediaSelection
FNDA:0,(anonymous_22)
FNDA:0,listModelGallery
FNDA:0,(anonymous_24)
FNDA:0,(anonymous_25)
FNDA:0,(anonymous_26)
FNDA:0,createModelGalleryItem
FNDA:0,updateModelGalleryItem
FNDA:0,(anonymous_29)
FNDA:0,deleteModelGalleryItem
FNDA:0,(anonymous_31)
FNDA:0,listGallery
FNDA:0,(anonymous_33)
FNDA:0,createGalleryItem
FNDA:0,updateGalleryItem
FNDA:0,(anonymous_36)
FNDA:0,deleteGalleryItem
FNDA:0,(anonymous_38)
FNDA:0,listRepresentatives
FNDA:0,validateRepresentativePayload
FNDA:0,createRepresentative
FNDA:0,updateRepresentative
FNDA:0,deleteRepresentative
FNDA:0,listComments
FNDA:0,approveComment
FNDA:0,rejectComment
FNDA:0,deleteComment
DA:2,0
DA:3,0
DA:4,0
DA:13,0
DA:14,0
DA:15,0
DA:16,0
DA:17,0
DA:21,0
DA:22,0
DA:23,0
DA:24,0
DA:26,0
DA:33,0
DA:34,0
DA:39,0
DA:40,0
DA:41,0
DA:42,0
DA:46,0
DA:47,0
DA:48,0
DA:50,0
DA:56,0
DA:60,0
DA:61,0
DA:69,0
DA:71,0
DA:72,0
DA:79,0
DA:80,0
DA:87,0
DA:94,0
DA:95,0
DA:96,0
DA:98,0
DA:102,0
DA:103,0
DA:104,0
DA:105,0
DA:107,0
DA:124,0
DA:125,0
DA:126,0
DA:128,0
DA:139,0
DA:140,0
DA:145,0
DA:146,0
DA:148,0
DA:149,0
DA:151,0
DA:152,0
DA:153,0
DA:154,0
DA:155,0
DA:158,0
DA:159,0
DA:160,0
DA:161,0
DA:163,0
DA:165,0
DA:190,0
DA:191,0
DA:192,0
DA:193,0
DA:194,0
DA:199,0
DA:200,0
DA:201,0
DA:203,0
DA:204,0
DA:208,0
DA:209,0
DA:210,0
DA:211,0
DA:212,0
DA:217,0
DA:218,0
DA:219,0
DA:224,0
DA:225,0
DA:228,0
DA:229,0
DA:231,0
DA:232,0
DA:233,0
DA:234,0
DA:239,0
DA:240,0
DA:262,0
DA:263,0
DA:265,0
DA:266,0
DA:277,0
DA:278,0
DA:279,0
DA:282,0
DA:295,0
DA:296,0
DA:301,0
DA:302,0
DA:304,0
DA:305,0
DA:306,0
DA:307,0
DA:308,0
DA:309,0
DA:310,0
DA:313,0
DA:315,0
DA:331,0
DA:332,0
DA:333,0
DA:334,0
DA:335,0
DA:340,0
DA:341,0
DA:342,0
DA:344,0
DA:345,0
DA:349,0
DA:350,0
DA:351,0
DA:352,0
DA:353,0
DA:358,0
DA:359,0
DA:360,0
DA:365,0
DA:366,0
DA:369,0
DA:370,0
DA:372,0
DA:373,0
DA:374,0
DA:375,0
DA:390,0
DA:391,0
DA:392,0
DA:393,0
DA:397,0
DA:398,0
DA:403,0
DA:404,0
DA:406,0
DA:407,0
DA:409,0
DA:410,0
DA:411,0
DA:413,0
DA:415,0
DA:416,0
DA:418,0
DA:419,0
DA:421,0
DA:422,0
DA:424,0
DA:427,0
DA:429,0
DA:430,0
DA:435,0
DA:437,0
DA:439,0
DA:442,0
DA:444,0
DA:445,0
DA:446,0
DA:449,0
DA:450,0
DA:452,0
DA:453,0
DA:458,0
DA:459,0
DA:462,0
DA:464,0
DA:465,0
DA:467,0
DA:470,0
DA:471,0
DA:473,0
DA:479,0
DA:480,0
DA:485,0
DA:486,0
DA:489,0
DA:491,0
DA:494,0
DA:495,0
DA:497,0
DA:498,0
DA:500,0
DA:501,0
DA:504,0
DA:505,0
DA:507,0
DA:508,0
DA:511,0
DA:512,0
DA:514,0
DA:515,0
DA:520,0
DA:524,0
DA:525,0
DA:532,0
DA:533,0
DA:535,0
DA:541,0
DA:543,0
DA:549,0
DA:550,0
DA:558,0
DA:559,0
DA:560,0
DA:562,0
DA:564,0
DA:565,0
DA:566,0
DA:571,0
DA:572,0
DA:573,0
DA:577,0
DA:578,0
DA:580,0
DA:581,0
DA:583,0
DA:584,0
DA:588,0
DA:591,0
DA:593,0
DA:601,0
DA:602,0
DA:617,0
DA:618,0
DA:619,0
DA:622,0
DA:625,0
DA:626,0
DA:628,0
DA:629,0
DA:632,0
DA:633,0
DA:636,0
DA:638,0
DA:642,0
DA:644,0
DA:645,0
DA:655,0
DA:656,0
DA:657,0
DA:658,0
DA:660,0
DA:661,0
DA:664,0
DA:665,0
DA:666,0
DA:667,0
DA:672,0
DA:673,0
DA:674,0
DA:682,0
DA:683,0
DA:684,0
DA:686,0
DA:688,0
DA:697,0
DA:699,0
DA:700,0
DA:701,0
DA:709,0
DA:710,0
DA:711,0
DA:712,0
DA:714,0
DA:715,0
DA:716,0
DA:717,0
DA:720,0
DA:721,0
DA:722,0
DA:725,0
DA:726,0
DA:728,0
DA:729,0
DA:730,0
DA:731,0
DA:734,0
DA:735,0
DA:736,0
DA:743,0
DA:744,0
DA:746,0
DA:747,0
DA:748,0
DA:749,0
DA:750,0
DA:752,0
DA:753,0
DA:754,0
DA:762,0
DA:763,0
DA:764,0
DA:767,0
DA:776,0
DA:778,0
DA:779,0
DA:780,0
DA:788,0
DA:789,0
DA:790,0
DA:792,0
DA:793,0
DA:794,0
DA:798,0
DA:799,0
DA:801,0
DA:802,0
DA:803,0
DA:806,0
DA:807,0
DA:814,0
DA:815,0
DA:817,0
DA:818,0
DA:836,0
DA:837,0
DA:838,0
DA:840,0
DA:847,0
DA:850,0
DA:851,0
DA:854,0
DA:856,0
DA:857,0
DA:865,0
DA:866,0
DA:867,0
DA:868,0
DA:870,0
DA:871,0
DA:874,0
DA:875,0
DA:876,0
DA:877,0
DA:880,0
DA:881,0
DA:882,0
DA:889,0
DA:890,0
DA:891,0
DA:893,0
DA:895,0
DA:904,0
DA:906,0
DA:907,0
DA:908,0
DA:916,0
DA:917,0
DA:918,0
DA:919,0
DA:920,0
DA:921,0
DA:924,0
DA:925,0
DA:927,0
DA:928,0
DA:929,0
DA:931,0
DA:932,0
DA:934,0
DA:935,0
DA:936,0
DA:937,0
DA:940,0
DA:941,0
DA:943,0
DA:944,0
DA:945,0
DA:946,0
DA:947,0
DA:949,0
DA:950,0
DA:951,0
DA:958,0
DA:959,0
DA:960,0
DA:963,0
DA:972,0
DA:974,0
DA:975,0
DA:976,0
DA:984,0
DA:985,0
DA:986,0
DA:987,0
DA:991,0
DA:992,0
DA:994,0
DA:995,0
DA:997,0
DA:998,0
DA:999,0
DA:1002,0
DA:1003,0
DA:1004,0
DA:1012,0
DA:1013,0
DA:1015,0
DA:1016,0
DA:1026,0
DA:1027,0
DA:1034,0
DA:1036,0
DA:1037,0
DA:1042,0
DA:1043,0
DA:1044,0
DA:1046,0
DA:1047,0
DA:1049,0
DA:1050,0
DA:1051,0
DA:1052,0
DA:1053,0
DA:1055,0
DA:1059,0
DA:1060,0
DA:1061,0
DA:1063,0
DA:1064,0
DA:1066,0
DA:1067,0
DA:1072,0
DA:1073,0
DA:1074,0
DA:1076,0
DA:1077,0
DA:1079,0
DA:1080,0
DA:1082,0
DA:1083,0
DA:1088,0
DA:1089,0
DA:1090,0
DA:1092,0
DA:1093,0
DA:1095,0
DA:1096,0
DA:1102,0
DA:1103,0
DA:1109,0
DA:1111,0
DA:1112,0
DA:1117,0
DA:1118,0
DA:1119,0
DA:1121,0
DA:1122,0
DA:1124,0
DA:1125,0
DA:1130,0
DA:1131,0
DA:1132,0
DA:1134,0
DA:1135,0
DA:1137,0
DA:1138,0
DA:1143,0
DA:1144,0
DA:1145,0
DA:1147,0
DA:1148,0
DA:1150,0
DA:1151,0
DA:1155,0
LF:475
LH:0
BRDA:12,0,0,0
BRDA:12,1,0,0
BRDA:12,2,0,0
BRDA:34,3,0,0
BRDA:34,3,1,0
BRDA:39,4,0,0
BRDA:39,4,1,0
BRDA:40,5,0,0
BRDA:40,5,1,0
BRDA:41,6,0,0
BRDA:41,6,1,0
BRDA:46,7,0,0
BRDA:46,7,1,0
BRDA:48,8,0,0
BRDA:48,8,1,0
BRDA:56,9,0,0
BRDA:56,9,1,0
BRDA:56,10,0,0
BRDA:56,10,1,0
BRDA:59,11,0,0
BRDA:60,12,0,0
BRDA:60,12,1,0
BRDA:60,13,0,0
BRDA:60,13,1,0
BRDA:60,13,2,0
BRDA:61,14,0,0
BRDA:61,14,1,0
BRDA:69,15,0,0
BRDA:69,15,1,0
BRDA:71,16,0,0
BRDA:71,16,1,0
BRDA:79,17,0,0
BRDA:79,17,1,0
BRDA:95,18,0,0
BRDA:95,18,1,0
BRDA:102,19,0,0
BRDA:102,19,1,0
BRDA:103,20,0,0
BRDA:103,20,1,0
BRDA:104,21,0,0
BRDA:104,21,1,0
BRDA:105,22,0,0
BRDA:105,22,1,0
BRDA:111,23,0,0
BRDA:111,23,1,0
BRDA:126,24,0,0
BRDA:126,24,1,0
BRDA:145,25,0,0
BRDA:145,25,1,0
BRDA:146,26,0,0
BRDA:146,26,1,0
BRDA:149,27,0,0
BRDA:149,27,1,0
BRDA:152,28,0,0
BRDA:152,28,1,0
BRDA:153,29,0,0
BRDA:153,29,1,0
BRDA:154,30,0,0
BRDA:154,30,1,0
BRDA:158,31,0,0
BRDA:158,31,1,0
BRDA:159,32,0,0
BRDA:159,32,1,0
BRDA:160,33,0,0
BRDA:160,33,1,0
BRDA:161,34,0,0
BRDA:161,34,1,0
BRDA:163,35,0,0
BRDA:163,35,1,0
BRDA:167,36,0,0
BRDA:167,36,1,0
BRDA:168,37,0,0
BRDA:168,37,1,0
BRDA:169,38,0,0
BRDA:169,38,1,0
BRDA:171,39,0,0
BRDA:171,39,1,0
BRDA:172,40,0,0
BRDA:172,40,1,0
BRDA:173,41,0,0
BRDA:173,41,1,0
BRDA:176,42,0,0
BRDA:176,42,1,0
BRDA:178,43,0,0
BRDA:178,43,1,0
BRDA:180,44,0,0
BRDA:180,44,1,0
BRDA:190,45,0,0
BRDA:190,45,1,0
BRDA:192,46,0,0
BRDA:192,46,1,0
BRDA:192,47,0,0
BRDA:192,47,1,0
BRDA:199,48,0,0
BRDA:199,48,1,0
BRDA:199,49,0,0
BRDA:199,49,1,0
BRDA:204,50,0,0
BRDA:204,50,1,0
BRDA:208,51,0,0
BRDA:208,51,1,0
BRDA:210,52,0,0
BRDA:210,52,1,0
BRDA:210,53,0,0
BRDA:210,53,1,0
BRDA:217,54,0,0
BRDA:217,54,1,0
BRDA:217,55,0,0
BRDA:217,55,1,0
BRDA:225,56,0,0
BRDA:225,56,1,0
BRDA:232,57,0,0
BRDA:232,57,1,0
BRDA:233,58,0,0
BRDA:233,58,1,0
BRDA:234,59,0,0
BRDA:234,59,1,0
BRDA:279,60,0,0
BRDA:279,60,1,0
BRDA:283,61,0,0
BRDA:283,61,1,0
BRDA:284,62,0,0
BRDA:284,62,1,0
BRDA:285,63,0,0
BRDA:285,63,1,0
BRDA:286,64,0,0
BRDA:286,64,1,0
BRDA:288,65,0,0
BRDA:288,65,1,0
BRDA:289,66,0,0
BRDA:289,66,1,0
BRDA:290,67,0,0
BRDA:290,67,1,0
BRDA:301,68,0,0
BRDA:301,68,1,0
BRDA:302,69,0,0
BRDA:302,69,1,0
BRDA:305,70,0,0
BRDA:305,70,1,0
BRDA:307,71,0,0
BRDA:307,71,1,0
BRDA:308,72,0,0
BRDA:308,72,1,0
BRDA:309,73,0,0
BRDA:309,73,1,0
BRDA:313,74,0,0
BRDA:313,74,1,0
BRDA:317,75,0,0
BRDA:317,75,1,0
BRDA:318,76,0,0
BRDA:318,76,1,0
BRDA:319,77,0,0
BRDA:319,77,1,0
BRDA:321,78,0,0
BRDA:321,78,1,0
BRDA:322,79,0,0
BRDA:322,79,1,0
BRDA:323,80,0,0
BRDA:323,80,1,0
BRDA:331,81,0,0
BRDA:331,81,1,0
BRDA:333,82,0,0
BRDA:333,82,1,0
BRDA:333,83,0,0
BRDA:333,83,1,0
BRDA:340,84,0,0
BRDA:340,84,1,0
BRDA:340,85,0,0
BRDA:340,85,1,0
BRDA:345,86,0,0
BRDA:345,86,1,0
BRDA:349,87,0,0
BRDA:349,87,1,0
BRDA:351,88,0,0
BRDA:351,88,1,0
BRDA:351,89,0,0
BRDA:351,89,1,0
BRDA:358,90,0,0
BRDA:358,90,1,0
BRDA:358,91,0,0
BRDA:358,91,1,0
BRDA:366,92,0,0
BRDA:366,92,1,0
BRDA:373,93,0,0
BRDA:373,93,1,0
BRDA:374,94,0,0
BRDA:374,94,1,0
BRDA:375,95,0,0
BRDA:375,95,1,0
BRDA:391,96,0,0
BRDA:391,96,1,0
BRDA:394,97,0,0
BRDA:394,97,1,0
BRDA:394,98,0,0
BRDA:394,98,1,0
BRDA:404,99,0,0
BRDA:404,99,1,0
BRDA:406,100,0,0
BRDA:406,100,1,0
BRDA:409,101,0,0
BRDA:409,101,1,0
BRDA:410,102,0,0
BRDA:410,102,1,0
BRDA:413,103,0,0
BRDA:413,103,1,0
BRDA:415,104,0,0
BRDA:415,104,1,0
BRDA:416,105,0,0
BRDA:416,105,1,0
BRDA:416,106,0,0
BRDA:416,106,1,0
BRDA:421,107,0,0
BRDA:421,107,1,0
BRDA:421,108,0,0
BRDA:421,108,1,0
BRDA:430,109,0,0
BRDA:430,109,1,0
BRDA:439,110,0,0
BRDA:439,110,1,0
BRDA:444,111,0,0
BRDA:444,111,1,0
BRDA:453,112,0,0
BRDA:453,112,1,0
BRDA:465,113,0,0
BRDA:465,113,1,0
BRDA:467,114,0,0
BRDA:467,114,1,0
BRDA:471,115,0,0
BRDA:471,115,1,0
BRDA:480,116,0,0
BRDA:480,116,1,0
BRDA:491,117,0,0
BRDA:491,117,1,0
BRDA:497,118,0,0
BRDA:497,118,1,0
BRDA:498,119,0,0
BRDA:498,119,1,0
BRDA:500,120,0,0
BRDA:500,120,1,0
BRDA:501,121,0,0
BRDA:501,121,1,0
BRDA:504,122,0,0
BRDA:504,122,1,0
BRDA:505,123,0,0
BRDA:505,123,1,0
BRDA:507,124,0,0
BRDA:507,124,1,0
BRDA:508,125,0,0
BRDA:508,125,1,0
BRDA:511,126,0,0
BRDA:511,126,1,0
BRDA:512,127,0,0
BRDA:512,127,1,0
BRDA:514,128,0,0
BRDA:514,128,1,0
BRDA:515,129,0,0
BRDA:515,129,1,0
BRDA:520,130,0,0
BRDA:520,130,1,0
BRDA:520,130,2,0
BRDA:520,130,3,0
BRDA:520,130,4,0
BRDA:520,130,5,0
BRDA:524,131,0,0
BRDA:524,131,1,0
BRDA:533,132,0,0
BRDA:533,132,1,0
BRDA:536,133,0,0
BRDA:536,133,1,0
BRDA:546,134,0,0
BRDA:546,134,1,0
BRDA:552,135,0,0
BRDA:552,135,1,0
BRDA:562,136,0,0
BRDA:562,136,1,0
BRDA:564,137,0,0
BRDA:564,137,1,0
BRDA:565,138,0,0
BRDA:565,138,1,0
BRDA:572,139,0,0
BRDA:572,139,1,0
BRDA:581,140,0,0
BRDA:581,140,1,0
BRDA:583,141,0,0
BRDA:583,141,1,0
BRDA:583,142,0,0
BRDA:583,142,1,0
BRDA:602,143,0,0
BRDA:602,143,1,0
BRDA:622,144,0,0
BRDA:622,144,1,0
BRDA:629,145,0,0
BRDA:629,145,1,0
BRDA:632,146,0,0
BRDA:632,146,1,0
BRDA:638,147,0,0
BRDA:638,147,1,0
BRDA:638,148,0,0
BRDA:638,148,1,0
BRDA:638,149,0,0
BRDA:638,149,1,0
BRDA:639,150,0,0
BRDA:639,150,1,0
BRDA:639,151,0,0
BRDA:639,151,1,0
BRDA:647,152,0,0
BRDA:647,152,1,0
BRDA:660,153,0,0
BRDA:660,153,1,0
BRDA:665,154,0,0
BRDA:665,154,1,0
BRDA:672,155,0,0
BRDA:672,155,1,0
BRDA:672,156,0,0
BRDA:672,156,1,0
BRDA:675,157,0,0
BRDA:675,157,1,0
BRDA:682,158,0,0
BRDA:682,158,1,0
BRDA:683,159,0,0
BRDA:683,159,1,0
BRDA:700,160,0,0
BRDA:700,160,1,0
BRDA:703,161,0,0
BRDA:703,161,1,0
BRDA:715,162,0,0
BRDA:715,162,1,0
BRDA:716,163,0,0
BRDA:716,163,1,0
BRDA:720,164,0,0
BRDA:720,164,1,0
BRDA:721,165,0,0
BRDA:721,165,1,0
BRDA:729,166,0,0
BRDA:729,166,1,0
BRDA:730,167,0,0
BRDA:730,167,1,0
BRDA:734,168,0,0
BRDA:734,168,1,0
BRDA:734,169,0,0
BRDA:734,169,1,0
BRDA:735,170,0,0
BRDA:735,170,1,0
BRDA:746,171,0,0
BRDA:746,171,1,0
BRDA:748,172,0,0
BRDA:748,172,1,0
BRDA:752,173,0,0
BRDA:752,173,1,0
BRDA:752,174,0,0
BRDA:752,174,1,0
BRDA:755,175,0,0
BRDA:755,175,1,0
BRDA:764,176,0,0
BRDA:764,176,1,0
BRDA:779,177,0,0
BRDA:779,177,1,0
BRDA:782,178,0,0
BRDA:782,178,1,0
BRDA:793,179,0,0
BRDA:793,179,1,0
BRDA:802,180,0,0
BRDA:802,180,1,0
BRDA:806,181,0,0
BRDA:806,181,1,0
BRDA:806,182,0,0
BRDA:806,182,1,0
BRDA:820,183,0,0
BRDA:820,183,1,0
BRDA:837,184,0,0
BRDA:837,184,1,0
BRDA:838,185,0,0
BRDA:838,185,1,0
BRDA:841,186,0,0
BRDA:841,186,1,0
BRDA:842,187,0,0
BRDA:842,187,1,0
BRDA:850,188,0,0
BRDA:850,188,1,0
BRDA:851,189,0,0
BRDA:851,189,1,0
BRDA:859,190,0,0
BRDA:859,190,1,0
BRDA:867,191,0,0
BRDA:867,191,1,0
BRDA:868,192,0,0
BRDA:868,192,1,0
BRDA:870,193,0,0
BRDA:870,193,1,0
BRDA:875,194,0,0
BRDA:875,194,1,0
BRDA:880,195,0,0
BRDA:880,195,1,0
BRDA:880,196,0,0
BRDA:880,196,1,0
BRDA:883,197,0,0
BRDA:883,197,1,0
BRDA:889,198,0,0
BRDA:889,198,1,0
BRDA:890,199,0,0
BRDA:890,199,1,0
BRDA:907,200,0,0
BRDA:907,200,1,0
BRDA:910,201,0,0
BRDA:910,201,1,0
BRDA:919,202,0,0
BRDA:919,202,1,0
BRDA:920,203,0,0
BRDA:920,203,1,0
BRDA:924,204,0,0
BRDA:924,204,1,0
BRDA:925,205,0,0
BRDA:925,205,1,0
BRDA:927,206,0,0
BRDA:927,206,1,0
BRDA:928,207,0,0
BRDA:928,207,1,0
BRDA:935,208,0,0
BRDA:935,208,1,0
BRDA:936,209,0,0
BRDA:936,209,1,0
BRDA:943,210,0,0
BRDA:943,210,1,0
BRDA:945,211,0,0
BRDA:945,211,1,0
BRDA:949,212,0,0
BRDA:949,212,1,0
BRDA:949,213,0,0
BRDA:949,213,1,0
BRDA:952,214,0,0
BRDA:952,214,1,0
BRDA:960,215,0,0
BRDA:960,215,1,0
BRDA:964,216,0,0
BRDA:964,216,1,0
BRDA:964,217,0,0
BRDA:964,217,1,0
BRDA:975,218,0,0
BRDA:975,218,1,0
BRDA:978,219,0,0
BRDA:978,219,1,0
BRDA:986,220,0,0
BRDA:986,220,1,0
BRDA:991,221,0,0
BRDA:991,221,1,0
BRDA:992,222,0,0
BRDA:992,222,1,0
BRDA:998,223,0,0
BRDA:998,223,1,0
BRDA:1002,224,0,0
BRDA:1002,224,1,0
BRDA:1003,225,0,0
BRDA:1003,225,1,0
BRDA:1003,226,0,0
BRDA:1003,226,1,0
BRDA:1018,227,0,0
BRDA:1018,227,1,0
BRDA:1049,228,0,0
BRDA:1049,228,1,0
BRDA:1050,229,0,0
BRDA:1050,229,1,0
BRDA:1051,230,0,0
BRDA:1051,230,1,0
BRDA:1052,231,0,0
BRDA:1052,231,1,0
BRDA:1053,232,0,0
BRDA:1053,232,1,0
BRDA:1061,233,0,0
BRDA:1061,233,1,0
BRDA:1067,234,0,0
BRDA:1067,234,1,0
BRDA:1074,235,0,0
BRDA:1074,235,1,0
BRDA:1077,236,0,0
BRDA:1077,236,1,0
BRDA:1083,237,0,0
BRDA:1083,237,1,0
BRDA:1090,238,0,0
BRDA:1090,238,1,0
BRDA:1096,239,0,0
BRDA:1096,239,1,0
BRDA:1107,240,0,0
BRDA:1107,240,1,0
BRDA:1119,241,0,0
BRDA:1119,241,1,0
BRDA:1125,242,0,0
BRDA:1125,242,1,0
BRDA:1132,243,0,0
BRDA:1132,243,1,0
BRDA:1138,244,0,0
BRDA:1138,244,1,0
BRDA:1145,245,0,0
BRDA:1145,245,1,0
BRDA:1151,246,0,0
BRDA:1151,246,1,0
BRF:495
BRH:0
end_of_record
TN:
SF:controllers\dronesPublicController.js
FN:11,(anonymous_0)
FN:31,safeUnlink
FN:37,classifyMedia
FN:44,parseJson
FN:54,extractItems
FN:62,parseModelKey
FN:88,ensureModelExists
FN:100,safeListModelsFromDb
FN:110,sendError
FN:130,getPage
FN:159,getRoot
FN:179,(anonymous_11)
FN:216,listModels
FN:223,(anonymous_13)
FN:238,(anonymous_14)
FN:258,(anonymous_15)
FN:259,(anonymous_16)
FN:260,(anonymous_17)
FN:265,(anonymous_18)
FN:270,(anonymous_19)
FN:299,getModelAggregate
FN:311,(anonymous_21)
FN:347,getGallery
FN:357,listRepresentatives
FN:373,listApprovedComments
FN:393,createComment
FNF:26
FNH:0
FNDA:0,(anonymous_0)
FNDA:0,safeUnlink
FNDA:0,classifyMedia
FNDA:0,parseJson
FNDA:0,extractItems
FNDA:0,parseModelKey
FNDA:0,ensureModelExists
FNDA:0,safeListModelsFromDb
FNDA:0,sendError
FNDA:0,getPage
FNDA:0,getRoot
FNDA:0,(anonymous_11)
FNDA:0,listModels
FNDA:0,(anonymous_13)
FNDA:0,(anonymous_14)
FNDA:0,(anonymous_15)
FNDA:0,(anonymous_16)
FNDA:0,(anonymous_17)
FNDA:0,(anonymous_18)
FNDA:0,(anonymous_19)
FNDA:0,getModelAggregate
FNDA:0,(anonymous_21)
FNDA:0,getGallery
FNDA:0,listRepresentatives
FNDA:0,listApprovedComments
FNDA:0,createComment
DA:2,0
DA:3,0
DA:4,0
DA:12,0
DA:13,0
DA:14,0
DA:15,0
DA:16,0
DA:20,0
DA:21,0
DA:22,0
DA:23,0
DA:25,0
DA:32,0
DA:33,0
DA:38,0
DA:39,0
DA:40,0
DA:41,0
DA:45,0
DA:46,0
DA:47,0
DA:49,0
DA:55,0
DA:63,0
DA:65,0
DA:66,0
DA:73,0
DA:74,0
DA:81,0
DA:89,0
DA:90,0
DA:91,0
DA:97,0
DA:101,0
DA:102,0
DA:103,0
DA:104,0
DA:106,0
DA:111,0
DA:112,0
DA:113,0
DA:114,0
DA:116,0
DA:131,0
DA:132,0
DA:133,0
DA:135,0
DA:148,0
DA:149,0
DA:160,0
DA:161,0
DA:163,0
DA:164,0
DA:166,0
DA:168,0
DA:169,0
DA:171,0
DA:172,0
DA:173,0
DA:177,0
DA:178,0
DA:179,0
DA:182,0
DA:188,0
DA:205,0
DA:206,0
DA:217,0
DA:218,0
DA:222,0
DA:223,0
DA:226,0
DA:227,0
DA:228,0
DA:231,0
DA:235,0
DA:236,0
DA:238,0
DA:239,0
DA:241,0
DA:242,0
DA:243,0
DA:245,0
DA:246,0
DA:247,0
DA:249,0
DA:257,0
DA:258,0
DA:259,0
DA:260,0
DA:262,0
DA:265,0
DA:266,0
DA:267,0
DA:270,0
DA:271,0
DA:272,0
DA:274,0
DA:286,0
DA:288,0
DA:289,0
DA:300,0
DA:301,0
DA:302,0
DA:304,0
DA:305,0
DA:307,0
DA:308,0
DA:310,0
DA:311,0
DA:313,0
DA:319,0
DA:336,0
DA:337,0
DA:348,0
DA:349,0
DA:350,0
DA:352,0
DA:353,0
DA:358,0
DA:359,0
DA:366,0
DA:368,0
DA:369,0
DA:374,0
DA:375,0
DA:378,0
DA:380,0
DA:386,0
DA:388,0
DA:389,0
DA:394,0
DA:396,0
DA:398,0
DA:399,0
DA:400,0
DA:404,0
DA:405,0
DA:406,0
DA:407,0
DA:411,0
DA:412,0
DA:414,0
DA:415,0
DA:416,0
DA:417,0
DA:418,0
DA:422,0
DA:423,0
DA:424,0
DA:425,0
DA:426,0
DA:427,0
DA:429,0
DA:430,0
DA:431,0
DA:436,0
DA:438,0
DA:439,0
DA:440,0
DA:442,0
DA:443,0
DA:444,0
DA:445,0
DA:446,0
DA:447,0
DA:449,0
DA:456,0
DA:467,0
DA:473,0
DA:474,0
DA:475,0
DA:479,0
LF:173
LH:0
BRDA:11,0,0,0
BRDA:11,1,0,0
BRDA:11,2,0,0
BRDA:33,3,0,0
BRDA:33,3,1,0
BRDA:38,4,0,0
BRDA:38,4,1,0
BRDA:39,5,0,0
BRDA:39,5,1,0
BRDA:40,6,0,0
BRDA:40,6,1,0
BRDA:45,7,0,0
BRDA:45,7,1,0
BRDA:47,8,0,0
BRDA:47,8,1,0
BRDA:55,9,0,0
BRDA:55,9,1,0
BRDA:55,10,0,0
BRDA:55,10,1,0
BRDA:63,11,0,0
BRDA:63,11,1,0
BRDA:65,12,0,0
BRDA:65,12,1,0
BRDA:73,13,0,0
BRDA:73,13,1,0
BRDA:90,14,0,0
BRDA:90,14,1,0
BRDA:103,15,0,0
BRDA:103,15,1,0
BRDA:103,16,0,0
BRDA:103,16,1,0
BRDA:111,17,0,0
BRDA:111,17,1,0
BRDA:112,18,0,0
BRDA:112,18,1,0
BRDA:113,19,0,0
BRDA:113,19,1,0
BRDA:114,20,0,0
BRDA:114,20,1,0
BRDA:120,21,0,0
BRDA:120,21,1,0
BRDA:133,22,0,0
BRDA:133,22,1,0
BRDA:161,23,0,0
BRDA:161,23,1,0
BRDA:164,24,0,0
BRDA:164,24,1,0
BRDA:166,25,0,0
BRDA:166,25,1,0
BRDA:171,26,0,0
BRDA:171,26,1,0
BRDA:173,27,0,0
BRDA:173,27,1,0
BRDA:177,28,0,0
BRDA:177,28,1,0
BRDA:179,29,0,0
BRDA:179,29,1,0
BRDA:179,30,0,0
BRDA:179,30,1,0
BRDA:185,31,0,0
BRDA:185,31,1,0
BRDA:190,32,0,0
BRDA:190,32,1,0
BRDA:191,33,0,0
BRDA:191,33,1,0
BRDA:192,34,0,0
BRDA:192,34,1,0
BRDA:193,35,0,0
BRDA:193,35,1,0
BRDA:194,36,0,0
BRDA:194,36,1,0
BRDA:195,37,0,0
BRDA:195,37,1,0
BRDA:196,38,0,0
BRDA:196,38,1,0
BRDA:199,39,0,0
BRDA:199,39,1,0
BRDA:206,40,0,0
BRDA:206,40,1,0
BRDA:223,41,0,0
BRDA:223,41,1,0
BRDA:236,42,0,0
BRDA:236,42,1,0
BRDA:239,43,0,0
BRDA:239,43,1,0
BRDA:241,44,0,0
BRDA:241,44,1,0
BRDA:242,45,0,0
BRDA:242,45,1,0
BRDA:243,46,0,0
BRDA:243,46,1,0
BRDA:245,47,0,0
BRDA:245,47,1,0
BRDA:246,48,0,0
BRDA:246,48,1,0
BRDA:247,49,0,0
BRDA:247,49,1,0
BRDA:251,50,0,0
BRDA:251,50,1,0
BRDA:252,51,0,0
BRDA:252,51,1,0
BRDA:259,52,0,0
BRDA:259,52,1,0
BRDA:271,53,0,0
BRDA:271,53,1,0
BRDA:272,54,0,0
BRDA:272,54,1,0
BRDA:278,55,0,0
BRDA:278,55,1,0
BRDA:279,56,0,0
BRDA:279,56,1,0
BRDA:281,57,0,0
BRDA:281,57,1,0
BRDA:282,58,0,0
BRDA:282,58,1,0
BRDA:305,59,0,0
BRDA:305,59,1,0
BRDA:307,60,0,0
BRDA:307,60,1,0
BRDA:308,61,0,0
BRDA:308,61,1,0
BRDA:311,62,0,0
BRDA:311,62,1,0
BRDA:321,63,0,0
BRDA:321,63,1,0
BRDA:322,64,0,0
BRDA:322,64,1,0
BRDA:323,65,0,0
BRDA:323,65,1,0
BRDA:324,66,0,0
BRDA:324,66,1,0
BRDA:325,67,0,0
BRDA:325,67,1,0
BRDA:326,68,0,0
BRDA:326,68,1,0
BRDA:327,69,0,0
BRDA:327,69,1,0
BRDA:337,70,0,0
BRDA:337,70,1,0
BRDA:375,71,0,0
BRDA:375,71,1,0
BRDA:378,72,0,0
BRDA:378,72,1,0
BRDA:389,73,0,0
BRDA:389,73,1,0
BRDA:394,74,0,0
BRDA:394,74,1,0
BRDA:398,75,0,0
BRDA:398,75,1,0
BRDA:404,76,0,0
BRDA:404,76,1,0
BRDA:404,76,2,0
BRDA:405,77,0,0
BRDA:405,77,1,0
BRDA:411,78,0,0
BRDA:411,78,1,0
BRDA:412,79,0,0
BRDA:412,79,1,0
BRDA:416,80,0,0
BRDA:416,80,1,0
BRDA:422,81,0,0
BRDA:422,81,1,0
BRDA:425,82,0,0
BRDA:425,82,1,0
BRDA:429,83,0,0
BRDA:429,83,1,0
BRDA:429,84,0,0
BRDA:429,84,1,0
BRDA:431,85,0,0
BRDA:431,85,1,0
BRDA:438,86,0,0
BRDA:438,86,1,0
BRDA:440,87,0,0
BRDA:440,87,1,0
BRDA:446,88,0,0
BRDA:446,88,1,0
BRDA:447,89,0,0
BRDA:447,89,1,0
BRDA:475,90,0,0
BRDA:475,90,1,0
BRF:180
BRH:0
end_of_record
TN:
SF:controllers\newsPublicController.js
FN:16,ok
FN:22,fail
FN:28,toInt
FN:33,sanitizeLimitOffset
FN:39,normalizeSlug
FN:43,isValidSlug
FN:52,(anonymous_6)
FN:64,(anonymous_7)
FN:85,(anonymous_8)
FN:102,(anonymous_9)
FN:123,(anonymous_10)
FN:137,(anonymous_11)
FN:173,(anonymous_12)
FNF:13
FNH:0
FNDA:0,ok
FNDA:0,fail
FNDA:0,toInt
FNDA:0,sanitizeLimitOffset
FNDA:0,normalizeSlug
FNDA:0,isValidSlug
FNDA:0,(anonymous_6)
FNDA:0,(anonymous_7)
FNDA:0,(anonymous_8)
FNDA:0,(anonymous_9)
FNDA:0,(anonymous_10)
FNDA:0,(anonymous_11)
FNDA:0,(anonymous_12)
DA:5,0
DA:6,0
DA:7,0
DA:8,0
DA:10,0
DA:17,0
DA:18,0
DA:19,0
DA:23,0
DA:24,0
DA:25,0
DA:29,0
DA:30,0
DA:34,0
DA:35,0
DA:36,0
DA:40,0
DA:44,0
DA:52,0
DA:53,0
DA:54,0
DA:55,0
DA:56,0
DA:58,0
DA:59,0
DA:64,0
DA:65,0
DA:66,0
DA:67,0
DA:70,0
DA:71,0
DA:72,0
DA:73,0
DA:75,0
DA:76,0
DA:85,0
DA:86,0
DA:87,0
DA:88,0
DA:90,0
DA:96,0
DA:97,0
DA:102,0
DA:103,0
DA:104,0
DA:105,0
DA:108,0
DA:109,0
DA:110,0
DA:111,0
DA:113,0
DA:114,0
DA:123,0
DA:124,0
DA:126,0
DA:127,0
DA:128,0
DA:130,0
DA:131,0
DA:137,0
DA:138,0
DA:139,0
DA:140,0
DA:143,0
DA:145,0
DA:146,0
DA:149,0
DA:150,0
DA:151,0
DA:160,0
DA:162,0
DA:163,0
DA:173,0
DA:174,0
DA:175,0
DA:177,0
DA:183,0
DA:189,0
DA:190,0
LF:79
LH:0
BRDA:18,0,0,0
BRDA:18,0,1,0
BRDA:24,1,0,0
BRDA:24,1,1,0
BRDA:28,2,0,0
BRDA:29,3,0,0
BRDA:29,3,1,0
BRDA:30,4,0,0
BRDA:30,4,1,0
BRDA:33,5,0,0
BRDA:40,6,0,0
BRDA:40,6,1,0
BRDA:44,7,0,0
BRDA:44,7,1,0
BRDA:55,8,0,0
BRDA:55,8,1,0
BRDA:66,9,0,0
BRDA:66,9,1,0
BRDA:66,10,0,0
BRDA:66,10,1,0
BRDA:72,11,0,0
BRDA:72,11,1,0
BRDA:87,12,0,0
BRDA:87,12,1,0
BRDA:92,13,0,0
BRDA:92,13,1,0
BRDA:93,14,0,0
BRDA:93,14,1,0
BRDA:104,15,0,0
BRDA:104,15,1,0
BRDA:104,16,0,0
BRDA:104,16,1,0
BRDA:110,17,0,0
BRDA:110,17,1,0
BRDA:128,18,0,0
BRDA:128,18,1,0
BRDA:139,19,0,0
BRDA:139,19,1,0
BRDA:139,20,0,0
BRDA:139,20,1,0
BRDA:146,21,0,0
BRDA:146,21,1,0
BRDA:150,22,0,0
BRDA:150,22,1,0
BRDA:184,23,0,0
BRDA:184,23,1,0
BRDA:185,24,0,0
BRDA:185,24,1,0
BRDA:186,25,0,0
BRDA:186,25,1,0
BRF:50
BRH:0
end_of_record
TN:
SF:controllers\siteHeroController.js
FN:6,pickFile
FN:12,normalizeHref
FN:19,ensureSingleRow
FN:30,getHeroBase
FN:63,updateHeroRow
FN:68,fileToPublicPath
FN:74,(anonymous_6)
FN:79,(anonymous_7)
FN:84,(anonymous_8)
FNF:9
FNH:9
FNDA:96,pickFile
FNDA:22,normalizeHref
FNDA:13,ensureSingleRow
FNDA:8,getHeroBase
FNDA:5,updateHeroRow
FNDA:4,fileToPublicPath
FNDA:3,(anonymous_6)
FNDA:2,(anonymous_7)
FNDA:15,(anonymous_8)
DA:3,22
DA:4,22
DA:7,96
DA:8,96
DA:9,8
DA:13,22
DA:14,22
DA:15,9
DA:16,4
DA:20,13
DA:21,10
DA:23,4
DA:27,4
DA:31,8
DA:33,7
DA:45,7
DA:46,7
DA:64,5
DA:65,3
DA:71,4
DA:74,22
DA:75,3
DA:76,2
DA:79,22
DA:80,2
DA:81,2
DA:84,22
DA:85,15
DA:88,15
DA:93,15
DA:99,15
DA:100,15
DA:103,15
DA:104,15
DA:106,15
DA:107,15
DA:109,15
DA:110,15
DA:112,15
DA:113,2
DA:120,13
DA:121,2
DA:127,11
DA:128,2
DA:134,9
DA:137,9
DA:138,9
DA:141,9
DA:142,9
DA:144,9
DA:145,4
DA:146,2
DA:150,2
DA:151,2
DA:152,2
DA:155,7
DA:156,4
DA:157,2
DA:161,2
DA:162,2
DA:163,2
DA:166,5
DA:168,3
DA:169,3
DA:171,12
DA:172,12
DA:173,12
LF:67
LH:67
BRDA:8,0,0,88
BRDA:8,0,1,8
BRDA:8,1,0,96
BRDA:8,1,1,8
BRDA:13,2,0,22
BRDA:13,2,1,13
BRDA:14,3,0,13
BRDA:14,3,1,9
BRDA:15,4,0,5
BRDA:15,4,1,4
BRDA:15,5,0,9
BRDA:15,5,1,4
BRDA:15,5,2,4
BRDA:21,6,0,6
BRDA:21,6,1,4
BRDA:45,7,0,7
BRDA:45,7,1,0
BRDA:47,8,0,7
BRDA:47,8,1,5
BRDA:48,9,0,7
BRDA:48,9,1,5
BRDA:49,10,0,7
BRDA:49,10,1,5
BRDA:50,11,0,7
BRDA:50,11,1,5
BRDA:53,12,0,7
BRDA:53,12,1,4
BRDA:54,13,0,7
BRDA:54,13,1,4
BRDA:56,14,0,7
BRDA:56,14,1,2
BRDA:57,15,0,7
BRDA:57,15,1,2
BRDA:58,16,0,7
BRDA:58,16,1,3
BRDA:59,17,0,7
BRDA:59,17,1,3
BRDA:88,18,0,15
BRDA:88,18,1,11
BRDA:88,18,2,11
BRDA:93,19,0,15
BRDA:93,19,1,11
BRDA:93,19,2,11
BRDA:93,19,3,11
BRDA:93,19,4,11
BRDA:99,20,0,15
BRDA:99,20,1,4
BRDA:100,21,0,15
BRDA:100,21,1,13
BRDA:103,22,0,15
BRDA:103,22,1,11
BRDA:104,23,0,15
BRDA:104,23,1,11
BRDA:106,24,0,15
BRDA:106,24,1,4
BRDA:109,25,0,15
BRDA:109,25,1,12
BRDA:110,26,0,15
BRDA:110,26,1,11
BRDA:112,27,0,2
BRDA:112,27,1,13
BRDA:112,28,0,15
BRDA:112,28,1,10
BRDA:120,29,0,2
BRDA:120,29,1,11
BRDA:120,30,0,13
BRDA:120,30,1,3
BRDA:127,31,0,2
BRDA:127,31,1,9
BRDA:127,32,0,11
BRDA:127,32,1,3
BRDA:137,33,0,8
BRDA:137,33,1,1
BRDA:138,34,0,9
BRDA:138,34,1,0
BRDA:141,35,0,1
BRDA:141,35,1,8
BRDA:142,36,0,1
BRDA:142,36,1,8
BRDA:144,37,0,4
BRDA:144,37,1,5
BRDA:145,38,0,2
BRDA:145,38,1,2
BRDA:145,39,0,4
BRDA:145,39,1,0
BRDA:155,40,0,4
BRDA:155,40,1,3
BRDA:156,41,0,2
BRDA:156,41,1,2
BRDA:156,42,0,4
BRDA:156,42,1,0
BRDA:172,43,0,12
BRDA:172,43,1,2
BRDA:175,44,0,12
BRDA:175,44,1,2
BRDA:176,45,0,12
BRDA:176,45,1,0
BRDA:177,46,0,12
BRDA:177,46,1,2
BRF:99
BRH:94
end_of_record
TN:
SF:controllers\news\adminClimaController.js
FN:23,ok
FN:29,created
FN:33,fail
FN:39,toInt
FN:44,toFloat
FN:50,normalizeSlug
FN:54,isValidSlug
FN:58,isNonEmptyStr
FN:62,isOptionalStr
FN:67,normalizeUF
FN:71,toBoolTiny
FN:84,isValidDateTimeLike
FN:92,nowSql
FN:94,(anonymous_13)
FN:100,getAdminId
FN:104,hasOwn
FN:111,logAdmin
FN:131,validateStationCodeOrNull
FN:156,validateOptionalFloat
FN:166,validateOptionalDateLike
FN:177,validateOptionalStrMax
FN:186,applyFail
FN:194,listClima
FN:208,suggestClimaStations
FN:253,createClima
FN:331,updateClima
FN:413,deleteClima
FN:430,fetchChuvaMmFromProvider
FN:432,(anonymous_28)
FN:433,(anonymous_29)
FN:434,(anonymous_30)
FN:440,(anonymous_31)
FN:442,(anonymous_32)
FN:458,(anonymous_33)
FN:467,(anonymous_34)
FN:473,(anonymous_35)
FN:555,syncClima
FNF:37
FNH:0
FNDA:0,ok
FNDA:0,created
FNDA:0,fail
FNDA:0,toInt
FNDA:0,toFloat
FNDA:0,normalizeSlug
FNDA:0,isValidSlug
FNDA:0,isNonEmptyStr
FNDA:0,isOptionalStr
FNDA:0,normalizeUF
FNDA:0,toBoolTiny
FNDA:0,isValidDateTimeLike
FNDA:0,nowSql
FNDA:0,(anonymous_13)
FNDA:0,getAdminId
FNDA:0,hasOwn
FNDA:0,logAdmin
FNDA:0,validateStationCodeOrNull
FNDA:0,validateOptionalFloat
FNDA:0,validateOptionalDateLike
FNDA:0,validateOptionalStrMax
FNDA:0,applyFail
FNDA:0,listClima
FNDA:0,suggestClimaStations
FNDA:0,createClima
FNDA:0,updateClima
FNDA:0,deleteClima
FNDA:0,fetchChuvaMmFromProvider
FNDA:0,(anonymous_28)
FNDA:0,(anonymous_29)
FNDA:0,(anonymous_30)
FNDA:0,(anonymous_31)
FNDA:0,(anonymous_32)
FNDA:0,(anonymous_33)
FNDA:0,(anonymous_34)
FNDA:0,(anonymous_35)
FNDA:0,syncClima
DA:4,0
DA:5,0
DA:12,0
DA:13,0
DA:14,0
DA:16,0
DA:17,0
DA:24,0
DA:25,0
DA:26,0
DA:30,0
DA:34,0
DA:35,0
DA:36,0
DA:40,0
DA:41,0
DA:45,0
DA:46,0
DA:47,0
DA:51,0
DA:55,0
DA:59,0
DA:63,0
DA:64,0
DA:68,0
DA:72,0
DA:73,0
DA:74,0
DA:76,0
DA:77,0
DA:78,0
DA:80,0
DA:81,0
DA:85,0
DA:86,0
DA:87,0
DA:88,0
DA:89,0
DA:93,0
DA:94,0
DA:95,0
DA:101,0
DA:105,0
DA:112,0
DA:113,0
DA:114,0
DA:116,0
DA:132,0
DA:134,0
DA:135,0
DA:136,0
DA:138,0
DA:139,0
DA:148,0
DA:149,0
DA:153,0
DA:157,0
DA:158,0
DA:159,0
DA:160,0
DA:161,0
DA:163,0
DA:167,0
DA:168,0
DA:169,0
DA:170,0
DA:174,0
DA:178,0
DA:179,0
DA:180,0
DA:181,0
DA:183,0
DA:187,0
DA:195,0
DA:196,0
DA:197,0
DA:199,0
DA:200,0
DA:209,0
DA:210,0
DA:211,0
DA:212,0
DA:214,0
DA:215,0
DA:222,0
DA:223,0
DA:227,0
DA:233,0
DA:244,0
DA:245,0
DA:254,0
DA:255,0
DA:257,0
DA:258,0
DA:259,0
DA:261,0
DA:262,0
DA:263,0
DA:265,0
DA:266,0
DA:267,0
DA:268,0
DA:269,0
DA:272,0
DA:273,0
DA:274,0
DA:276,0
DA:277,0
DA:279,0
DA:280,0
DA:282,0
DA:283,0
DA:285,0
DA:286,0
DA:287,0
DA:288,0
DA:292,0
DA:293,0
DA:294,0
DA:295,0
DA:299,0
DA:321,0
DA:322,0
DA:323,0
DA:325,0
DA:326,0
DA:327,0
DA:332,0
DA:333,0
DA:334,0
DA:336,0
DA:337,0
DA:339,0
DA:340,0
DA:341,0
DA:342,0
DA:345,0
DA:346,0
DA:347,0
DA:348,0
DA:349,0
DA:352,0
DA:353,0
DA:354,0
DA:355,0
DA:356,0
DA:359,0
DA:360,0
DA:362,0
DA:363,0
DA:364,0
DA:368,0
DA:369,0
DA:370,0
DA:371,0
DA:374,0
DA:375,0
DA:376,0
DA:377,0
DA:380,0
DA:381,0
DA:382,0
DA:383,0
DA:386,0
DA:387,0
DA:389,0
DA:390,0
DA:391,0
DA:395,0
DA:396,0
DA:397,0
DA:398,0
DA:401,0
DA:403,0
DA:404,0
DA:405,0
DA:407,0
DA:408,0
DA:409,0
DA:414,0
DA:415,0
DA:416,0
DA:417,0
DA:418,0
DA:419,0
DA:421,0
DA:422,0
DA:432,0
DA:433,0
DA:434,0
DA:435,0
DA:436,0
DA:437,0
DA:440,0
DA:441,0
DA:442,0
DA:443,0
DA:444,0
DA:448,0
DA:449,0
DA:458,0
DA:459,0
DA:461,0
DA:463,0
DA:467,0
DA:468,0
DA:469,0
DA:470,0
DA:473,0
DA:474,0
DA:475,0
DA:476,0
DA:477,0
DA:481,0
DA:482,0
DA:485,0
DA:486,0
DA:487,0
DA:489,0
DA:490,0
DA:491,0
DA:492,0
DA:493,0
DA:496,0
DA:497,0
DA:498,0
DA:500,0
DA:501,0
DA:502,0
DA:504,0
DA:505,0
DA:506,0
DA:507,0
DA:508,0
DA:513,0
DA:514,0
DA:515,0
DA:518,0
DA:526,0
DA:528,0
DA:529,0
DA:530,0
DA:531,0
DA:532,0
DA:535,0
DA:536,0
DA:538,0
DA:539,0
DA:541,0
DA:556,0
DA:557,0
DA:558,0
DA:560,0
DA:561,0
DA:563,0
DA:565,0
DA:566,0
DA:569,0
DA:570,0
DA:580,0
DA:581,0
DA:592,0
DA:593,0
DA:603,0
DA:611,0
DA:612,0
DA:614,0
DA:615,0
DA:617,0
DA:618,0
DA:622,0
LF:271
LH:0
BRDA:17,0,0,0
BRDA:17,0,1,0
BRDA:25,1,0,0
BRDA:25,1,1,0
BRDA:35,2,0,0
BRDA:35,2,1,0
BRDA:39,3,0,0
BRDA:40,4,0,0
BRDA:40,4,1,0
BRDA:41,5,0,0
BRDA:41,5,1,0
BRDA:45,6,0,0
BRDA:45,6,1,0
BRDA:45,7,0,0
BRDA:45,7,1,0
BRDA:45,7,2,0
BRDA:47,8,0,0
BRDA:47,8,1,0
BRDA:51,9,0,0
BRDA:51,9,1,0
BRDA:55,10,0,0
BRDA:55,10,1,0
BRDA:58,11,0,0
BRDA:59,12,0,0
BRDA:59,12,1,0
BRDA:59,12,2,0
BRDA:63,13,0,0
BRDA:63,13,1,0
BRDA:63,14,0,0
BRDA:63,14,1,0
BRDA:63,14,2,0
BRDA:64,15,0,0
BRDA:64,15,1,0
BRDA:68,16,0,0
BRDA:68,16,1,0
BRDA:71,17,0,0
BRDA:72,18,0,0
BRDA:72,18,1,0
BRDA:72,19,0,0
BRDA:72,19,1,0
BRDA:72,19,2,0
BRDA:73,20,0,0
BRDA:73,20,1,0
BRDA:74,21,0,0
BRDA:74,21,1,0
BRDA:77,22,0,0
BRDA:77,22,1,0
BRDA:77,23,0,0
BRDA:77,23,1,0
BRDA:77,23,2,0
BRDA:77,23,3,0
BRDA:78,24,0,0
BRDA:78,24,1,0
BRDA:78,25,0,0
BRDA:78,25,1,0
BRDA:78,25,2,0
BRDA:78,25,3,0
BRDA:78,25,4,0
BRDA:81,26,0,0
BRDA:81,26,1,0
BRDA:85,27,0,0
BRDA:85,27,1,0
BRDA:85,28,0,0
BRDA:85,28,1,0
BRDA:86,29,0,0
BRDA:86,29,1,0
BRDA:88,30,0,0
BRDA:88,30,1,0
BRDA:101,31,0,0
BRDA:101,31,1,0
BRDA:101,31,2,0
BRDA:101,31,3,0
BRDA:101,31,4,0
BRDA:111,32,0,0
BRDA:114,33,0,0
BRDA:114,33,1,0
BRDA:131,34,0,0
BRDA:132,35,0,0
BRDA:132,35,1,0
BRDA:132,36,0,0
BRDA:132,36,1,0
BRDA:132,36,2,0
BRDA:138,37,0,0
BRDA:138,37,1,0
BRDA:138,38,0,0
BRDA:138,38,1,0
BRDA:148,39,0,0
BRDA:148,39,1,0
BRDA:157,40,0,0
BRDA:157,40,1,0
BRDA:160,41,0,0
BRDA:160,41,1,0
BRDA:160,42,0,0
BRDA:160,42,1,0
BRDA:160,42,2,0
BRDA:160,42,3,0
BRDA:163,43,0,0
BRDA:163,43,1,0
BRDA:167,44,0,0
BRDA:167,44,1,0
BRDA:169,45,0,0
BRDA:169,45,1,0
BRDA:169,46,0,0
BRDA:169,46,1,0
BRDA:169,46,2,0
BRDA:169,46,3,0
BRDA:174,47,0,0
BRDA:174,47,1,0
BRDA:177,48,0,0
BRDA:178,49,0,0
BRDA:178,49,1,0
BRDA:180,50,0,0
BRDA:180,50,1,0
BRDA:180,51,0,0
BRDA:180,51,1,0
BRDA:180,51,2,0
BRDA:180,51,3,0
BRDA:183,52,0,0
BRDA:183,52,1,0
BRDA:210,53,0,0
BRDA:210,53,1,0
BRDA:211,54,0,0
BRDA:211,54,1,0
BRDA:212,55,0,0
BRDA:212,55,1,0
BRDA:214,56,0,0
BRDA:214,56,1,0
BRDA:214,57,0,0
BRDA:214,57,1,0
BRDA:222,58,0,0
BRDA:222,58,1,0
BRDA:222,59,0,0
BRDA:222,59,1,0
BRDA:255,60,0,0
BRDA:255,60,1,0
BRDA:257,61,0,0
BRDA:257,61,1,0
BRDA:261,62,0,0
BRDA:261,62,1,0
BRDA:262,63,0,0
BRDA:262,63,1,0
BRDA:263,64,0,0
BRDA:263,64,1,0
BRDA:266,65,0,0
BRDA:266,65,1,0
BRDA:266,66,0,0
BRDA:266,66,1,0
BRDA:266,66,2,0
BRDA:268,67,0,0
BRDA:268,67,1,0
BRDA:268,68,0,0
BRDA:268,68,1,0
BRDA:273,69,0,0
BRDA:273,69,1,0
BRDA:279,70,0,0
BRDA:279,70,1,0
BRDA:279,71,0,0
BRDA:279,71,1,0
BRDA:279,71,2,0
BRDA:279,71,3,0
BRDA:282,72,0,0
BRDA:282,72,1,0
BRDA:282,73,0,0
BRDA:282,73,1,0
BRDA:282,73,2,0
BRDA:282,73,3,0
BRDA:287,74,0,0
BRDA:287,74,1,0
BRDA:287,75,0,0
BRDA:287,75,1,0
BRDA:287,75,2,0
BRDA:287,75,3,0
BRDA:294,76,0,0
BRDA:294,76,1,0
BRDA:294,77,0,0
BRDA:294,77,1,0
BRDA:294,77,2,0
BRDA:294,77,3,0
BRDA:305,78,0,0
BRDA:305,78,1,0
BRDA:306,79,0,0
BRDA:306,79,1,0
BRDA:310,80,0,0
BRDA:310,80,1,0
BRDA:311,81,0,0
BRDA:311,81,1,0
BRDA:312,82,0,0
BRDA:312,82,1,0
BRDA:313,83,0,0
BRDA:313,83,1,0
BRDA:316,84,0,0
BRDA:316,84,1,0
BRDA:317,85,0,0
BRDA:317,85,1,0
BRDA:322,86,0,0
BRDA:322,86,1,0
BRDA:326,87,0,0
BRDA:326,87,1,0
BRDA:326,88,0,0
BRDA:326,88,1,0
BRDA:334,89,0,0
BRDA:334,89,1,0
BRDA:336,90,0,0
BRDA:336,90,1,0
BRDA:339,91,0,0
BRDA:339,91,1,0
BRDA:340,92,0,0
BRDA:340,92,1,0
BRDA:340,93,0,0
BRDA:340,93,1,0
BRDA:340,93,2,0
BRDA:342,94,0,0
BRDA:342,94,1,0
BRDA:345,95,0,0
BRDA:345,95,1,0
BRDA:347,96,0,0
BRDA:347,96,1,0
BRDA:347,97,0,0
BRDA:347,97,1,0
BRDA:347,97,2,0
BRDA:349,98,0,0
BRDA:349,98,1,0
BRDA:352,99,0,0
BRDA:352,99,1,0
BRDA:354,100,0,0
BRDA:354,100,1,0
BRDA:354,101,0,0
BRDA:354,101,1,0
BRDA:354,101,2,0
BRDA:356,102,0,0
BRDA:356,102,1,0
BRDA:359,103,0,0
BRDA:359,103,1,0
BRDA:360,104,0,0
BRDA:360,104,1,0
BRDA:360,105,0,0
BRDA:360,105,1,0
BRDA:363,106,0,0
BRDA:363,106,1,0
BRDA:363,107,0,0
BRDA:363,107,1,0
BRDA:368,108,0,0
BRDA:368,108,1,0
BRDA:370,109,0,0
BRDA:370,109,1,0
BRDA:376,110,0,0
BRDA:376,110,1,0
BRDA:377,111,0,0
BRDA:377,111,1,0
BRDA:382,112,0,0
BRDA:382,112,1,0
BRDA:383,113,0,0
BRDA:383,113,1,0
BRDA:386,114,0,0
BRDA:386,114,1,0
BRDA:387,115,0,0
BRDA:387,115,1,0
BRDA:387,116,0,0
BRDA:387,116,1,0
BRDA:390,117,0,0
BRDA:390,117,1,0
BRDA:397,118,0,0
BRDA:397,118,1,0
BRDA:398,119,0,0
BRDA:398,119,1,0
BRDA:401,120,0,0
BRDA:401,120,1,0
BRDA:408,121,0,0
BRDA:408,121,1,0
BRDA:408,122,0,0
BRDA:408,122,1,0
BRDA:416,123,0,0
BRDA:416,123,1,0
BRDA:440,124,0,0
BRDA:461,125,0,0
BRDA:461,125,1,0
BRDA:468,126,0,0
BRDA:468,126,1,0
BRDA:468,127,0,0
BRDA:468,127,1,0
BRDA:468,127,2,0
BRDA:470,128,0,0
BRDA:470,128,1,0
BRDA:474,129,0,0
BRDA:474,129,1,0
BRDA:474,130,0,0
BRDA:474,130,1,0
BRDA:476,131,0,0
BRDA:476,131,1,0
BRDA:485,132,0,0
BRDA:485,132,1,0
BRDA:485,133,0,0
BRDA:485,133,1,0
BRDA:486,134,0,0
BRDA:486,134,1,0
BRDA:487,135,0,0
BRDA:487,135,1,0
BRDA:489,136,0,0
BRDA:489,136,1,0
BRDA:489,137,0,0
BRDA:489,137,1,0
BRDA:504,138,0,0
BRDA:504,138,1,0
BRDA:504,139,0,0
BRDA:504,139,1,0
BRDA:528,140,0,0
BRDA:528,140,1,0
BRDA:536,141,0,0
BRDA:536,141,1,0
BRDA:538,142,0,0
BRDA:538,142,1,0
BRDA:558,143,0,0
BRDA:558,143,1,0
BRDA:561,144,0,0
BRDA:561,144,1,0
BRDA:569,145,0,0
BRDA:569,145,1,0
BRDA:569,146,0,0
BRDA:569,146,1,0
BRDA:575,147,0,0
BRDA:575,147,1,0
BRDA:580,148,0,0
BRDA:580,148,1,0
BRDA:580,149,0,0
BRDA:580,149,1,0
BRDA:586,150,0,0
BRDA:586,150,1,0
BRDA:592,151,0,0
BRDA:592,151,1,0
BRDA:596,152,0,0
BRDA:596,152,1,0
BRDA:598,153,0,0
BRDA:598,153,1,0
BRDA:604,154,0,0
BRDA:604,154,1,0
BRDA:605,155,0,0
BRDA:605,155,1,0
BRDA:606,156,0,0
BRDA:606,156,1,0
BRDA:606,156,2,0
BRDA:615,157,0,0
BRDA:615,157,1,0
BRF:342
BRH:0
end_of_record
TN:
SF:controllers\news\adminCotacoesController.js
FN:17,ok
FN:23,created
FN:27,fail
FN:33,toInt
FN:38,toFloat
FN:44,normalizeSlug
FN:48,isValidSlug
FN:52,isNonEmptyStr
FN:56,isOptionalStr
FN:61,toBoolTiny
FN:74,isValidDateTimeLike
FN:82,nowSql
FN:84,(anonymous_12)
FN:90,hasOwn
FN:97,logAdmin
FN:117,normalizeSyncMessage
FN:124,toNumberOrNull
FN:136,resolveCotacaoProvider
FN:168,writeCotacaoHistorySafe
FN:193,calcVariationDay
FN:204,listCotacoes
FN:221,getCotacoesMeta
FN:242,createCotacao
FN:302,updateCotacao
FN:366,deleteCotacao
FN:382,syncCotacao
FN:475,syncCotacoesAll
FN:480,(anonymous_27)
FNF:28
FNH:0
FNDA:0,ok
FNDA:0,created
FNDA:0,fail
FNDA:0,toInt
FNDA:0,toFloat
FNDA:0,normalizeSlug
FNDA:0,isValidSlug
FNDA:0,isNonEmptyStr
FNDA:0,isOptionalStr
FNDA:0,toBoolTiny
FNDA:0,isValidDateTimeLike
FNDA:0,nowSql
FNDA:0,(anonymous_12)
FNDA:0,hasOwn
FNDA:0,logAdmin
FNDA:0,normalizeSyncMessage
FNDA:0,toNumberOrNull
FNDA:0,resolveCotacaoProvider
FNDA:0,writeCotacaoHistorySafe
FNDA:0,calcVariationDay
FNDA:0,listCotacoes
FNDA:0,getCotacoesMeta
FNDA:0,createCotacao
FNDA:0,updateCotacao
FNDA:0,deleteCotacao
FNDA:0,syncCotacao
FNDA:0,syncCotacoesAll
FNDA:0,(anonymous_27)
DA:4,0
DA:5,0
DA:7,0
DA:8,0
DA:9,0
DA:11,0
DA:18,0
DA:19,0
DA:20,0
DA:24,0
DA:28,0
DA:29,0
DA:30,0
DA:34,0
DA:35,0
DA:39,0
DA:40,0
DA:41,0
DA:45,0
DA:49,0
DA:53,0
DA:57,0
DA:58,0
DA:62,0
DA:63,0
DA:64,0
DA:66,0
DA:67,0
DA:68,0
DA:70,0
DA:71,0
DA:75,0
DA:76,0
DA:77,0
DA:78,0
DA:79,0
DA:83,0
DA:84,0
DA:85,0
DA:91,0
DA:98,0
DA:99,0
DA:100,0
DA:102,0
DA:118,0
DA:119,0
DA:120,0
DA:121,0
DA:125,0
DA:126,0
DA:127,0
DA:137,0
DA:138,0
DA:140,0
DA:141,0
DA:142,0
DA:143,0
DA:144,0
DA:151,0
DA:160,0
DA:177,0
DA:178,0
DA:179,0
DA:189,0
DA:194,0
DA:195,0
DA:196,0
DA:197,0
DA:205,0
DA:206,0
DA:207,0
DA:209,0
DA:210,0
DA:222,0
DA:224,0
DA:228,0
DA:229,0
DA:231,0
DA:237,0
DA:238,0
DA:243,0
DA:244,0
DA:246,0
DA:247,0
DA:248,0
DA:250,0
DA:251,0
DA:252,0
DA:254,0
DA:255,0
DA:257,0
DA:258,0
DA:260,0
DA:261,0
DA:263,0
DA:264,0
DA:265,0
DA:266,0
DA:270,0
DA:276,0
DA:279,0
DA:292,0
DA:293,0
DA:294,0
DA:296,0
DA:297,0
DA:298,0
DA:303,0
DA:304,0
DA:305,0
DA:307,0
DA:308,0
DA:310,0
DA:311,0
DA:312,0
DA:313,0
DA:316,0
DA:317,0
DA:318,0
DA:319,0
DA:320,0
DA:323,0
DA:324,0
DA:325,0
DA:326,0
DA:329,0
DA:330,0
DA:331,0
DA:332,0
DA:333,0
DA:335,0
DA:339,0
DA:340,0
DA:341,0
DA:342,0
DA:343,0
DA:347,0
DA:348,0
DA:349,0
DA:351,0
DA:354,0
DA:356,0
DA:357,0
DA:358,0
DA:360,0
DA:361,0
DA:362,0
DA:367,0
DA:368,0
DA:369,0
DA:370,0
DA:371,0
DA:372,0
DA:374,0
DA:375,0
DA:383,0
DA:384,0
DA:385,0
DA:386,0
DA:388,0
DA:389,0
DA:391,0
DA:392,0
DA:394,0
DA:395,0
DA:396,0
DA:398,0
DA:400,0
DA:409,0
DA:411,0
DA:421,0
DA:423,0
DA:424,0
DA:430,0
DA:432,0
DA:438,0
DA:439,0
DA:441,0
DA:444,0
DA:454,0
DA:456,0
DA:457,0
DA:467,0
DA:468,0
DA:476,0
DA:477,0
DA:478,0
DA:480,0
DA:482,0
DA:489,0
DA:490,0
DA:491,0
DA:493,0
DA:494,0
DA:495,0
DA:497,0
DA:498,0
DA:499,0
DA:501,0
DA:503,0
DA:512,0
DA:514,0
DA:524,0
DA:525,0
DA:526,0
DA:529,0
DA:531,0
DA:537,0
DA:547,0
DA:548,0
DA:556,0
DA:558,0
DA:559,0
DA:560,0
DA:567,0
DA:571,0
DA:573,0
DA:575,0
DA:576,0
DA:580,0
LF:220
LH:0
BRDA:19,0,0,0
BRDA:19,0,1,0
BRDA:29,1,0,0
BRDA:29,1,1,0
BRDA:33,2,0,0
BRDA:34,3,0,0
BRDA:34,3,1,0
BRDA:35,4,0,0
BRDA:35,4,1,0
BRDA:39,5,0,0
BRDA:39,5,1,0
BRDA:39,6,0,0
BRDA:39,6,1,0
BRDA:39,6,2,0
BRDA:41,7,0,0
BRDA:41,7,1,0
BRDA:45,8,0,0
BRDA:45,8,1,0
BRDA:49,9,0,0
BRDA:49,9,1,0
BRDA:52,10,0,0
BRDA:53,11,0,0
BRDA:53,11,1,0
BRDA:53,11,2,0
BRDA:57,12,0,0
BRDA:57,12,1,0
BRDA:57,13,0,0
BRDA:57,13,1,0
BRDA:57,13,2,0
BRDA:58,14,0,0
BRDA:58,14,1,0
BRDA:61,15,0,0
BRDA:62,16,0,0
BRDA:62,16,1,0
BRDA:62,17,0,0
BRDA:62,17,1,0
BRDA:62,17,2,0
BRDA:63,18,0,0
BRDA:63,18,1,0
BRDA:64,19,0,0
BRDA:64,19,1,0
BRDA:67,20,0,0
BRDA:67,20,1,0
BRDA:67,21,0,0
BRDA:67,21,1,0
BRDA:67,21,2,0
BRDA:67,21,3,0
BRDA:68,22,0,0
BRDA:68,22,1,0
BRDA:68,23,0,0
BRDA:68,23,1,0
BRDA:68,23,2,0
BRDA:68,23,3,0
BRDA:68,23,4,0
BRDA:71,24,0,0
BRDA:71,24,1,0
BRDA:75,25,0,0
BRDA:75,25,1,0
BRDA:75,26,0,0
BRDA:75,26,1,0
BRDA:76,27,0,0
BRDA:76,27,1,0
BRDA:78,28,0,0
BRDA:78,28,1,0
BRDA:97,29,0,0
BRDA:99,30,0,0
BRDA:99,30,1,0
BRDA:99,30,2,0
BRDA:99,30,3,0
BRDA:99,30,4,0
BRDA:100,31,0,0
BRDA:100,31,1,0
BRDA:117,32,0,0
BRDA:118,33,0,0
BRDA:118,33,1,0
BRDA:120,34,0,0
BRDA:120,34,1,0
BRDA:121,35,0,0
BRDA:121,35,1,0
BRDA:125,36,0,0
BRDA:125,36,1,0
BRDA:125,37,0,0
BRDA:125,37,1,0
BRDA:125,37,2,0
BRDA:127,38,0,0
BRDA:127,38,1,0
BRDA:137,39,0,0
BRDA:137,39,1,0
BRDA:138,40,0,0
BRDA:138,40,1,0
BRDA:140,41,0,0
BRDA:140,41,1,0
BRDA:140,42,0,0
BRDA:140,42,1,0
BRDA:143,43,0,0
BRDA:143,43,1,0
BRDA:143,44,0,0
BRDA:143,44,1,0
BRDA:146,45,0,0
BRDA:146,45,1,0
BRDA:147,46,0,0
BRDA:147,46,1,0
BRDA:148,47,0,0
BRDA:148,47,1,0
BRDA:153,48,0,0
BRDA:153,48,1,0
BRDA:155,49,0,0
BRDA:155,49,1,0
BRDA:178,50,0,0
BRDA:178,50,1,0
BRDA:189,51,0,0
BRDA:189,51,1,0
BRDA:196,52,0,0
BRDA:196,52,1,0
BRDA:196,53,0,0
BRDA:196,53,1,0
BRDA:224,54,0,0
BRDA:224,54,1,0
BRDA:228,55,0,0
BRDA:228,55,1,0
BRDA:228,56,0,0
BRDA:228,56,1,0
BRDA:229,57,0,0
BRDA:229,57,1,0
BRDA:244,58,0,0
BRDA:244,58,1,0
BRDA:246,59,0,0
BRDA:246,59,1,0
BRDA:248,60,0,0
BRDA:248,60,1,0
BRDA:250,61,0,0
BRDA:250,61,1,0
BRDA:251,62,0,0
BRDA:251,62,1,0
BRDA:252,63,0,0
BRDA:252,63,1,0
BRDA:257,64,0,0
BRDA:257,64,1,0
BRDA:257,65,0,0
BRDA:257,65,1,0
BRDA:257,65,2,0
BRDA:257,65,3,0
BRDA:260,66,0,0
BRDA:260,66,1,0
BRDA:260,67,0,0
BRDA:260,67,1,0
BRDA:260,67,2,0
BRDA:260,67,3,0
BRDA:265,68,0,0
BRDA:265,68,1,0
BRDA:265,69,0,0
BRDA:265,69,1,0
BRDA:265,69,2,0
BRDA:265,69,3,0
BRDA:270,70,0,0
BRDA:270,70,1,0
BRDA:271,71,0,0
BRDA:271,71,1,0
BRDA:271,71,2,0
BRDA:271,71,3,0
BRDA:284,72,0,0
BRDA:284,72,1,0
BRDA:286,73,0,0
BRDA:286,73,1,0
BRDA:287,74,0,0
BRDA:287,74,1,0
BRDA:288,75,0,0
BRDA:288,75,1,0
BRDA:293,76,0,0
BRDA:293,76,1,0
BRDA:297,77,0,0
BRDA:297,77,1,0
BRDA:297,78,0,0
BRDA:297,78,1,0
BRDA:305,79,0,0
BRDA:305,79,1,0
BRDA:307,80,0,0
BRDA:307,80,1,0
BRDA:310,81,0,0
BRDA:310,81,1,0
BRDA:311,82,0,0
BRDA:311,82,1,0
BRDA:311,83,0,0
BRDA:311,83,1,0
BRDA:311,83,2,0
BRDA:313,84,0,0
BRDA:313,84,1,0
BRDA:316,85,0,0
BRDA:316,85,1,0
BRDA:318,86,0,0
BRDA:318,86,1,0
BRDA:318,87,0,0
BRDA:318,87,1,0
BRDA:318,87,2,0
BRDA:320,88,0,0
BRDA:320,88,1,0
BRDA:323,89,0,0
BRDA:323,89,1,0
BRDA:324,90,0,0
BRDA:324,90,1,0
BRDA:324,91,0,0
BRDA:324,91,1,0
BRDA:324,91,2,0
BRDA:326,92,0,0
BRDA:326,92,1,0
BRDA:330,93,0,0
BRDA:330,93,1,0
BRDA:332,94,0,0
BRDA:332,94,1,0
BRDA:332,95,0,0
BRDA:332,95,1,0
BRDA:332,95,2,0
BRDA:335,96,0,0
BRDA:335,96,1,0
BRDA:340,97,0,0
BRDA:340,97,1,0
BRDA:341,98,0,0
BRDA:341,98,1,0
BRDA:341,99,0,0
BRDA:341,99,1,0
BRDA:341,99,2,0
BRDA:343,100,0,0
BRDA:343,100,1,0
BRDA:347,101,0,0
BRDA:347,101,1,0
BRDA:348,102,0,0
BRDA:348,102,1,0
BRDA:348,103,0,0
BRDA:348,103,1,0
BRDA:348,103,2,0
BRDA:351,104,0,0
BRDA:351,104,1,0
BRDA:354,105,0,0
BRDA:354,105,1,0
BRDA:361,106,0,0
BRDA:361,106,1,0
BRDA:361,107,0,0
BRDA:361,107,1,0
BRDA:369,108,0,0
BRDA:369,108,1,0
BRDA:386,109,0,0
BRDA:386,109,1,0
BRDA:389,110,0,0
BRDA:389,110,1,0
BRDA:394,111,0,0
BRDA:394,111,1,0
BRDA:395,112,0,0
BRDA:395,112,1,0
BRDA:403,113,0,0
BRDA:403,113,1,0
BRDA:403,114,0,0
BRDA:403,114,1,0
BRDA:416,115,0,0
BRDA:416,115,1,0
BRDA:425,116,0,0
BRDA:425,116,1,0
BRDA:430,117,0,0
BRDA:430,117,1,0
BRDA:441,118,0,0
BRDA:441,118,1,0
BRDA:446,119,0,0
BRDA:446,119,1,0
BRDA:447,120,0,0
BRDA:447,120,1,0
BRDA:448,121,0,0
BRDA:448,121,1,0
BRDA:454,122,0,0
BRDA:454,122,1,0
BRDA:457,123,0,0
BRDA:457,123,1,0
BRDA:460,124,0,0
BRDA:460,124,1,0
BRDA:462,125,0,0
BRDA:462,125,1,0
BRDA:480,126,0,0
BRDA:480,126,1,0
BRDA:480,127,0,0
BRDA:480,127,1,0
BRDA:491,128,0,0
BRDA:491,128,1,0
BRDA:497,129,0,0
BRDA:497,129,1,0
BRDA:498,130,0,0
BRDA:498,130,1,0
BRDA:506,131,0,0
BRDA:506,131,1,0
BRDA:506,132,0,0
BRDA:506,132,1,0
BRDA:519,133,0,0
BRDA:519,133,1,0
BRDA:529,134,0,0
BRDA:529,134,1,0
BRDA:539,135,0,0
BRDA:539,135,1,0
BRDA:540,136,0,0
BRDA:540,136,1,0
BRDA:541,137,0,0
BRDA:541,137,1,0
BRDA:553,138,0,0
BRDA:553,138,1,0
BRDA:556,139,0,0
BRDA:556,139,1,0
BRDA:558,140,0,0
BRDA:558,140,1,0
BRDA:565,141,0,0
BRDA:565,141,1,0
BRF:306
BRH:0
end_of_record
TN:
SF:controllers\news\adminPostsController.js
FN:9,ok
FN:15,created
FN:19,fail
FN:25,toInt
FN:30,isNonEmptyStr
FN:34,isOptionalStr
FN:39,normalizeSlug
FN:43,isValidSlug
FN:47,isValidDateTimeLike
FN:55,nowSql
FN:57,(anonymous_10)
FN:63,getAdminId
FN:70,logAdmin
FN:83,sanitizeLimitOffset
FN:89,normalizeSearchToBooleanMode
FN:101,(anonymous_15)
FN:110,slugifyFromTitle
FN:126,slugExists
FN:135,ensureUniqueSlugAuto
FN:153,listPosts
FN:221,createPost
FN:336,updatePost
FN:479,deletePost
FNF:23
FNH:0
FNDA:0,ok
FNDA:0,created
FNDA:0,fail
FNDA:0,toInt
FNDA:0,isNonEmptyStr
FNDA:0,isOptionalStr
FNDA:0,normalizeSlug
FNDA:0,isValidSlug
FNDA:0,isValidDateTimeLike
FNDA:0,nowSql
FNDA:0,(anonymous_10)
FNDA:0,getAdminId
FNDA:0,logAdmin
FNDA:0,sanitizeLimitOffset
FNDA:0,normalizeSearchToBooleanMode
FNDA:0,(anonymous_15)
FNDA:0,slugifyFromTitle
FNDA:0,slugExists
FNDA:0,ensureUniqueSlugAuto
FNDA:0,listPosts
FNDA:0,createPost
FNDA:0,updatePost
FNDA:0,deletePost
DA:4,0
DA:10,0
DA:11,0
DA:12,0
DA:16,0
DA:20,0
DA:21,0
DA:22,0
DA:26,0
DA:27,0
DA:31,0
DA:35,0
DA:36,0
DA:40,0
DA:44,0
DA:48,0
DA:49,0
DA:50,0
DA:51,0
DA:52,0
DA:56,0
DA:57,0
DA:58,0
DA:64,0
DA:71,0
DA:72,0
DA:73,0
DA:74,0
DA:84,0
DA:85,0
DA:86,0
DA:90,0
DA:96,0
DA:98,0
DA:101,0
DA:111,0
DA:123,0
DA:127,0
DA:131,0
DA:136,0
DA:137,0
DA:140,0
DA:141,0
DA:142,0
DA:143,0
DA:147,0
DA:154,0
DA:155,0
DA:156,0
DA:157,0
DA:159,0
DA:160,0
DA:162,0
DA:163,0
DA:164,0
DA:165,0
DA:166,0
DA:169,0
DA:170,0
DA:171,0
DA:172,0
DA:175,0
DA:177,0
DA:183,0
DA:205,0
DA:206,0
DA:208,0
DA:209,0
DA:211,0
DA:213,0
DA:214,0
DA:222,0
DA:223,0
DA:225,0
DA:226,0
DA:229,0
DA:230,0
DA:231,0
DA:235,0
DA:236,0
DA:238,0
DA:239,0
DA:240,0
DA:241,0
DA:244,0
DA:245,0
DA:251,0
DA:252,0
DA:253,0
DA:254,0
DA:257,0
DA:262,0
DA:263,0
DA:264,0
DA:265,0
DA:267,0
DA:268,0
DA:269,0
DA:272,0
DA:273,0
DA:274,0
DA:275,0
DA:277,0
DA:278,0
DA:279,0
DA:280,0
DA:283,0
DA:285,0
DA:286,0
DA:287,0
DA:288,0
DA:290,0
DA:297,0
DA:310,0
DA:311,0
DA:313,0
DA:323,0
DA:325,0
DA:326,0
DA:327,0
DA:329,0
DA:337,0
DA:338,0
DA:339,0
DA:341,0
DA:343,0
DA:344,0
DA:346,0
DA:347,0
DA:348,0
DA:350,0
DA:351,0
DA:354,0
DA:355,0
DA:356,0
DA:357,0
DA:359,0
DA:360,0
DA:361,0
DA:364,0
DA:368,0
DA:369,0
DA:372,0
DA:373,0
DA:377,0
DA:378,0
DA:379,0
DA:380,0
DA:383,0
DA:384,0
DA:385,0
DA:386,0
DA:387,0
DA:390,0
DA:391,0
DA:392,0
DA:394,0
DA:395,0
DA:398,0
DA:399,0
DA:400,0
DA:401,0
DA:404,0
DA:405,0
DA:406,0
DA:407,0
DA:410,0
DA:411,0
DA:412,0
DA:413,0
DA:415,0
DA:416,0
DA:418,0
DA:419,0
DA:421,0
DA:422,0
DA:423,0
DA:427,0
DA:428,0
DA:429,0
DA:430,0
DA:432,0
DA:433,0
DA:435,0
DA:436,0
DA:437,0
DA:438,0
DA:442,0
DA:443,0
DA:446,0
DA:447,0
DA:449,0
DA:450,0
DA:451,0
DA:454,0
DA:456,0
DA:466,0
DA:468,0
DA:469,0
DA:470,0
DA:472,0
DA:480,0
DA:481,0
DA:482,0
DA:484,0
DA:485,0
DA:486,0
DA:489,0
DA:490,0
DA:492,0
DA:493,0
DA:497,0
LF:212
LH:0
BRDA:11,0,0,0
BRDA:11,0,1,0
BRDA:21,1,0,0
BRDA:21,1,1,0
BRDA:25,2,0,0
BRDA:26,3,0,0
BRDA:26,3,1,0
BRDA:27,4,0,0
BRDA:27,4,1,0
BRDA:30,5,0,0
BRDA:31,6,0,0
BRDA:31,6,1,0
BRDA:31,6,2,0
BRDA:35,7,0,0
BRDA:35,7,1,0
BRDA:35,8,0,0
BRDA:35,8,1,0
BRDA:35,8,2,0
BRDA:36,9,0,0
BRDA:36,9,1,0
BRDA:40,10,0,0
BRDA:40,10,1,0
BRDA:44,11,0,0
BRDA:44,11,1,0
BRDA:48,12,0,0
BRDA:48,12,1,0
BRDA:48,13,0,0
BRDA:48,13,1,0
BRDA:49,14,0,0
BRDA:49,14,1,0
BRDA:51,15,0,0
BRDA:51,15,1,0
BRDA:64,16,0,0
BRDA:64,16,1,0
BRDA:64,16,2,0
BRDA:64,16,3,0
BRDA:64,16,4,0
BRDA:70,17,0,0
BRDA:73,18,0,0
BRDA:73,18,1,0
BRDA:90,19,0,0
BRDA:90,19,1,0
BRDA:96,20,0,0
BRDA:96,20,1,0
BRDA:111,21,0,0
BRDA:111,21,1,0
BRDA:137,22,0,0
BRDA:137,22,1,0
BRDA:142,23,0,0
BRDA:142,23,1,0
BRDA:155,24,0,0
BRDA:155,24,1,0
BRDA:156,25,0,0
BRDA:156,25,1,0
BRDA:162,26,0,0
BRDA:162,26,1,0
BRDA:162,27,0,0
BRDA:162,27,1,0
BRDA:165,28,0,0
BRDA:165,28,1,0
BRDA:170,29,0,0
BRDA:170,29,1,0
BRDA:175,30,0,0
BRDA:175,30,1,0
BRDA:206,31,0,0
BRDA:206,31,1,0
BRDA:223,32,0,0
BRDA:223,32,1,0
BRDA:225,33,0,0
BRDA:225,33,1,0
BRDA:226,34,0,0
BRDA:226,34,1,0
BRDA:229,35,0,0
BRDA:229,35,1,0
BRDA:229,36,0,0
BRDA:229,36,1,0
BRDA:230,37,0,0
BRDA:230,37,1,0
BRDA:235,38,0,0
BRDA:235,38,1,0
BRDA:235,38,2,0
BRDA:238,39,0,0
BRDA:238,39,1,0
BRDA:240,40,0,0
BRDA:240,40,1,0
BRDA:241,41,0,0
BRDA:241,41,1,0
BRDA:244,42,0,0
BRDA:244,42,1,0
BRDA:252,43,0,0
BRDA:252,43,1,0
BRDA:252,44,0,0
BRDA:252,44,1,0
BRDA:252,44,2,0
BRDA:254,45,0,0
BRDA:254,45,1,0
BRDA:254,46,0,0
BRDA:254,46,1,0
BRDA:262,47,0,0
BRDA:262,47,1,0
BRDA:263,48,0,0
BRDA:263,48,1,0
BRDA:264,49,0,0
BRDA:264,49,1,0
BRDA:265,50,0,0
BRDA:265,50,1,0
BRDA:267,51,0,0
BRDA:267,51,1,0
BRDA:268,52,0,0
BRDA:268,52,1,0
BRDA:273,53,0,0
BRDA:273,53,1,0
BRDA:273,54,0,0
BRDA:273,54,1,0
BRDA:273,54,2,0
BRDA:274,55,0,0
BRDA:274,55,1,0
BRDA:278,56,0,0
BRDA:278,56,1,0
BRDA:279,57,0,0
BRDA:279,57,1,0
BRDA:285,58,0,0
BRDA:285,58,1,0
BRDA:286,59,0,0
BRDA:286,59,1,0
BRDA:287,60,0,0
BRDA:287,60,1,0
BRDA:288,61,0,0
BRDA:288,61,1,0
BRDA:323,62,0,0
BRDA:323,62,1,0
BRDA:326,63,0,0
BRDA:326,63,1,0
BRDA:326,64,0,0
BRDA:326,64,1,0
BRDA:339,65,0,0
BRDA:339,65,1,0
BRDA:341,66,0,0
BRDA:341,66,1,0
BRDA:346,67,0,0
BRDA:346,67,1,0
BRDA:347,68,0,0
BRDA:347,68,1,0
BRDA:347,69,0,0
BRDA:347,69,1,0
BRDA:347,69,2,0
BRDA:351,70,0,0
BRDA:351,70,1,0
BRDA:354,71,0,0
BRDA:354,71,1,0
BRDA:355,72,0,0
BRDA:355,72,1,0
BRDA:355,73,0,0
BRDA:355,73,1,0
BRDA:360,74,0,0
BRDA:360,74,1,0
BRDA:361,75,0,0
BRDA:361,75,1,0
BRDA:368,76,0,0
BRDA:368,76,1,0
BRDA:377,77,0,0
BRDA:377,77,1,0
BRDA:378,78,0,0
BRDA:378,78,1,0
BRDA:380,79,0,0
BRDA:380,79,1,0
BRDA:383,80,0,0
BRDA:383,80,1,0
BRDA:384,81,0,0
BRDA:384,81,1,0
BRDA:384,82,0,0
BRDA:384,82,1,0
BRDA:385,83,0,0
BRDA:385,83,1,0
BRDA:390,84,0,0
BRDA:390,84,1,0
BRDA:391,85,0,0
BRDA:391,85,1,0
BRDA:395,86,0,0
BRDA:395,86,1,0
BRDA:398,87,0,0
BRDA:398,87,1,0
BRDA:399,88,0,0
BRDA:399,88,1,0
BRDA:401,89,0,0
BRDA:401,89,1,0
BRDA:404,90,0,0
BRDA:404,90,1,0
BRDA:405,91,0,0
BRDA:405,91,1,0
BRDA:407,92,0,0
BRDA:407,92,1,0
BRDA:410,93,0,0
BRDA:410,93,1,0
BRDA:411,94,0,0
BRDA:411,94,1,0
BRDA:411,95,0,0
BRDA:411,95,1,0
BRDA:412,96,0,0
BRDA:412,96,1,0
BRDA:412,97,0,0
BRDA:412,97,1,0
BRDA:415,98,0,0
BRDA:415,98,1,0
BRDA:421,99,0,0
BRDA:421,99,1,0
BRDA:421,100,0,0
BRDA:421,100,1,0
BRDA:427,101,0,0
BRDA:427,101,1,0
BRDA:428,102,0,0
BRDA:428,102,1,0
BRDA:428,103,0,0
BRDA:428,103,1,0
BRDA:432,104,0,0
BRDA:432,104,1,0
BRDA:436,105,0,0
BRDA:436,105,1,0
BRDA:442,106,0,0
BRDA:442,106,1,0
BRDA:450,107,0,0
BRDA:450,107,1,0
BRDA:450,108,0,0
BRDA:450,108,1,0
BRDA:466,109,0,0
BRDA:466,109,1,0
BRDA:469,110,0,0
BRDA:469,110,1,0
BRDA:469,111,0,0
BRDA:469,111,1,0
BRDA:482,112,0,0
BRDA:482,112,1,0
BRDA:485,113,0,0
BRDA:485,113,1,0
BRDA:485,114,0,0
BRDA:485,114,1,0
BRF:236
BRH:0
end_of_record
TN:
SF:routes\adminAdminsRoutes.js
FN:41,(anonymous_0)
FN:64,(anonymous_1)
FN:136,(anonymous_2)
FN:210,(anonymous_3)
FNF:4
FNH:0
FNDA:0,(anonymous_0)
FNDA:0,(anonymous_1)
FNDA:0,(anonymous_2)
FNDA:0,(anonymous_3)
DA:2,0
DA:3,0
DA:4,0
DA:5,0
DA:6,0
DA:7,0
DA:8,0
DA:41,0
DA:42,0
DA:43,0
DA:51,0
DA:53,0
DA:54,0
DA:64,0
DA:65,0
DA:67,0
DA:68,0
DA:73,0
DA:74,0
DA:76,0
DA:78,0
DA:82,0
DA:83,0
DA:89,0
DA:93,0
DA:94,0
DA:99,0
DA:101,0
DA:106,0
DA:113,0
DA:121,0
DA:122,0
DA:132,0
DA:137,0
DA:138,0
DA:140,0
DA:141,0
DA:146,0
DA:147,0
DA:148,0
DA:150,0
DA:151,0
DA:154,0
DA:158,0
DA:159,0
DA:164,0
DA:165,0
DA:168,0
DA:169,0
DA:170,0
DA:173,0
DA:175,0
DA:180,0
DA:181,0
DA:184,0
DA:191,0
DA:193,0
DA:194,0
DA:206,0
DA:211,0
DA:213,0
DA:214,0
DA:219,0
DA:220,0
DA:223,0
DA:226,0
DA:227,0
DA:233,0
DA:234,0
DA:239,0
DA:241,0
DA:248,0
DA:250,0
DA:251,0
DA:256,0
LF:75
LH:0
BRDA:65,0,0,0
BRDA:65,0,1,0
BRDA:67,1,0,0
BRDA:67,1,1,0
BRDA:67,2,0,0
BRDA:67,2,1,0
BRDA:67,2,2,0
BRDA:67,2,3,0
BRDA:82,3,0,0
BRDA:82,3,1,0
BRDA:82,4,0,0
BRDA:82,4,1,0
BRDA:93,5,0,0
BRDA:93,5,1,0
BRDA:138,6,0,0
BRDA:138,6,1,0
BRDA:140,7,0,0
BRDA:140,7,1,0
BRDA:140,8,0,0
BRDA:140,8,1,0
BRDA:150,9,0,0
BRDA:150,9,1,0
BRDA:158,10,0,0
BRDA:158,10,1,0
BRDA:158,11,0,0
BRDA:158,11,1,0
BRDA:168,12,0,0
BRDA:168,12,1,0
BRDA:170,13,0,0
BRDA:170,13,1,0
BRDA:180,14,0,0
BRDA:180,14,1,0
BRDA:219,15,0,0
BRDA:219,15,1,0
BRDA:226,16,0,0
BRDA:226,16,1,0
BRDA:233,17,0,0
BRDA:233,17,1,0
BRF:38
BRH:0
end_of_record
TN:
SF:routes\adminCarts.js
FN:227,parseItensValue
FN:247,normalizePhoneBR
FN:254,formatMoneyBR
FN:259,buildRecoveryLink
FN:264,buildMessageText
FN:302,(anonymous_5)
FN:347,(anonymous_6)
FN:362,(anonymous_7)
FN:452,(anonymous_8)
FN:485,(anonymous_9)
FN:571,(anonymous_10)
FNF:11
FNH:11
FNDA:3,parseItensValue
FNDA:2,normalizePhoneBR
FNDA:3,formatMoneyBR
FNDA:2,buildRecoveryLink
FNDA:2,buildMessageText
FNDA:4,(anonymous_5)
FNDA:2,(anonymous_6)
FNDA:2,(anonymous_7)
FNDA:1,(anonymous_8)
FNDA:6,(anonymous_9)
FNDA:7,(anonymous_10)
DA:2,17
DA:3,17
DA:4,17
DA:5,17
DA:8,17
DA:10,17
DA:228,3
DA:229,3
DA:231,3
DA:232,0
DA:235,3
DA:236,3
DA:237,3
DA:238,3
DA:240,0
DA:244,0
DA:248,2
DA:249,2
DA:250,2
DA:251,2
DA:255,3
DA:256,3
DA:260,2
DA:261,1
DA:265,2
DA:266,2
DA:268,2
DA:269,2
DA:270,2
DA:272,2
DA:273,1
DA:275,1
DA:276,1
DA:277,1
DA:278,1
DA:279,1
DA:283,2
DA:284,2
DA:286,2
DA:287,2
DA:288,1
DA:289,1
DA:292,2
DA:293,2
DA:295,2
DA:302,17
DA:303,4
DA:305,4
DA:306,4
DA:308,4
DA:312,4
DA:329,3
DA:330,2
DA:331,2
DA:345,2
DA:347,1
DA:349,2
DA:353,2
DA:361,1
DA:362,2
DA:366,1
DA:388,1
DA:392,1
DA:393,1
DA:394,1
DA:395,1
DA:396,1
DA:398,1
DA:404,1
DA:417,0
DA:424,0
DA:432,3
DA:452,3
DA:453,1
DA:455,1
DA:470,3
DA:472,1
DA:473,1
DA:477,4
DA:485,17
DA:486,6
DA:487,6
DA:489,6
DA:490,1
DA:492,5
DA:493,1
DA:498,4
DA:500,4
DA:501,4
DA:521,4
DA:522,1
DA:527,3
DA:528,1
DA:534,2
DA:547,1
DA:551,1
DA:558,1
DA:559,1
DA:563,4
DA:571,17
DA:572,7
DA:573,7
DA:575,6
DA:577,6
DA:578,6
DA:596,5
DA:597,1
DA:602,4
DA:603,1
DA:608,3
DA:609,1
DA:614,2
DA:615,2
DA:616,0
DA:621,2
DA:622,2
DA:629,2
DA:633,2
DA:635,1
DA:636,1
DA:638,6
DA:642,17
LF:122
LH:116
BRDA:8,0,0,17
BRDA:8,0,1,1
BRDA:10,1,0,17
BRDA:10,1,1,1
BRDA:228,2,0,0
BRDA:228,2,1,3
BRDA:229,3,0,0
BRDA:229,3,1,3
BRDA:231,4,0,0
BRDA:231,4,1,3
BRDA:235,5,0,3
BRDA:235,5,1,0
BRDA:237,6,0,3
BRDA:237,6,1,0
BRDA:238,7,0,3
BRDA:238,7,1,0
BRDA:248,8,0,2
BRDA:248,8,1,0
BRDA:249,9,0,0
BRDA:249,9,1,2
BRDA:250,10,0,0
BRDA:250,10,1,2
BRDA:255,11,0,3
BRDA:255,11,1,1
BRDA:260,12,0,1
BRDA:260,12,1,1
BRDA:265,13,0,2
BRDA:265,13,1,0
BRDA:265,14,0,2
BRDA:265,14,1,0
BRDA:272,15,0,1
BRDA:272,15,1,1
BRDA:272,16,0,2
BRDA:272,16,1,2
BRDA:276,17,0,1
BRDA:276,17,1,0
BRDA:277,18,0,1
BRDA:277,18,1,0
BRDA:278,19,0,1
BRDA:278,19,1,0
BRDA:287,20,0,1
BRDA:287,20,1,1
BRDA:308,21,0,1
BRDA:308,21,1,3
BRDA:308,22,0,4
BRDA:308,22,1,1
BRDA:345,23,0,1
BRDA:345,23,1,1
BRDA:345,24,0,2
BRDA:345,24,1,2
BRDA:349,25,0,2
BRDA:349,25,1,0
BRDA:349,26,0,2
BRDA:349,26,1,1
BRDA:356,27,0,2
BRDA:356,27,1,0
BRDA:463,28,0,1
BRDA:463,28,1,0
BRDA:487,29,0,6
BRDA:487,29,1,0
BRDA:489,30,0,1
BRDA:489,30,1,5
BRDA:492,31,0,1
BRDA:492,31,1,4
BRDA:521,32,0,1
BRDA:521,32,1,3
BRDA:527,33,0,1
BRDA:527,33,1,2
BRDA:553,34,0,1
BRDA:553,34,1,0
BRDA:573,35,0,1
BRDA:573,35,1,6
BRDA:596,36,0,1
BRDA:596,36,1,4
BRDA:602,37,0,1
BRDA:602,37,1,3
BRDA:608,38,0,1
BRDA:608,38,1,2
BRDA:615,39,0,0
BRDA:615,39,1,2
BRDA:626,40,0,2
BRDA:626,40,1,1
BRF:82
BRH:62
end_of_record
TN:
SF:routes\adminCategorias.js
FN:8,slugify
FN:47,(anonymous_1)
FN:88,(anonymous_2)
FN:152,(anonymous_3)
FN:224,(anonymous_4)
FN:267,(anonymous_5)
FNF:6
FNH:0
FNDA:0,slugify
FNDA:0,(anonymous_1)
FNDA:0,(anonymous_2)
FNDA:0,(anonymous_3)
FNDA:0,(anonymous_4)
FNDA:0,(anonymous_5)
DA:2,0
DA:3,0
DA:4,0
DA:5,0
DA:9,0
DA:47,0
DA:48,0
DA:49,0
DA:52,0
DA:54,0
DA:55,0
DA:88,0
DA:89,0
DA:90,0
DA:92,0
DA:93,0
DA:96,0
DA:98,0
DA:103,0
DA:111,0
DA:112,0
DA:113,0
DA:117,0
DA:152,0
DA:153,0
DA:154,0
DA:156,0
DA:157,0
DA:161,0
DA:162,0
DA:165,0
DA:167,0
DA:169,0
DA:173,0
DA:177,0
DA:182,0
DA:190,0
DA:191,0
DA:224,0
DA:225,0
DA:226,0
DA:228,0
DA:229,0
DA:234,0
DA:235,0
DA:238,0
DA:240,0
DA:241,0
DA:267,0
DA:268,0
DA:270,0
DA:272,0
DA:276,0
DA:277,0
DA:280,0
DA:282,0
DA:283,0
DA:287,0
LF:58
LH:0
BRDA:8,0,0,0
BRDA:90,1,0,0
BRDA:90,2,0,0
BRDA:90,3,0,0
BRDA:92,4,0,0
BRDA:92,4,1,0
BRDA:96,5,0,0
BRDA:96,5,1,0
BRDA:100,6,0,0
BRDA:100,6,1,0
BRDA:108,7,0,0
BRDA:108,7,1,0
BRDA:112,8,0,0
BRDA:112,8,1,0
BRDA:161,9,0,0
BRDA:161,9,1,0
BRDA:167,10,0,0
BRDA:167,10,1,0
BRDA:169,11,0,0
BRDA:169,11,1,0
BRDA:169,12,0,0
BRDA:169,12,1,0
BRDA:171,13,0,0
BRDA:171,13,1,0
BRDA:173,14,0,0
BRDA:173,14,1,0
BRDA:173,15,0,0
BRDA:173,15,1,0
BRDA:174,16,0,0
BRDA:174,16,1,0
BRDA:231,17,0,0
BRDA:231,17,1,0
BRDA:234,18,0,0
BRDA:234,18,1,0
BRDA:276,19,0,0
BRDA:276,19,1,0
BRF:36
BRH:0
end_of_record
TN:
SF:routes\adminColaboradores.js
FN:14,(anonymous_0)
FN:17,(anonymous_1)
FN:30,sendColaboradorAprovadoEmail
FN:43,(anonymous_3)
FN:106,(anonymous_4)
FN:166,(anonymous_5)
FN:192,(anonymous_6)
FN:223,(anonymous_7)
FNF:8
FNH:0
FNDA:0,(anonymous_0)
FNDA:0,(anonymous_1)
FNDA:0,sendColaboradorAprovadoEmail
FNDA:0,(anonymous_3)
FNDA:0,(anonymous_4)
FNDA:0,(anonymous_5)
FNDA:0,(anonymous_6)
FNDA:0,(anonymous_7)
DA:1,0
DA:2,0
DA:3,0
DA:4,0
DA:6,0
DA:7,0
DA:13,0
DA:15,0
DA:18,0
DA:19,0
DA:20,0
DA:24,0
DA:31,0
DA:32,0
DA:43,0
DA:44,0
DA:52,0
DA:54,0
DA:55,0
DA:61,0
DA:63,0
DA:79,0
DA:81,0
DA:82,0
DA:84,0
DA:90,0
DA:95,0
DA:96,0
DA:106,0
DA:107,0
DA:115,0
DA:117,0
DA:118,0
DA:124,0
DA:126,0
DA:142,0
DA:144,0
DA:145,0
DA:147,0
DA:153,0
DA:157,0
DA:158,0
DA:166,0
DA:167,0
DA:168,0
DA:179,0
DA:181,0
DA:182,0
DA:192,0
DA:193,0
DA:195,0
DA:196,0
DA:201,0
DA:202,0
DA:205,0
DA:210,0
DA:212,0
DA:214,0
DA:215,0
DA:223,0
DA:224,0
DA:226,0
DA:227,0
DA:231,0
DA:236,0
DA:237,0
DA:240,0
DA:242,0
DA:243,0
DA:247,0
LF:70
LH:0
BRDA:31,0,0,0
BRDA:31,0,1,0
BRDA:54,1,0,0
BRDA:54,1,1,0
BRDA:54,2,0,0
BRDA:54,2,1,0
BRDA:54,2,2,0
BRDA:54,2,3,0
BRDA:71,3,0,0
BRDA:71,3,1,0
BRDA:74,4,0,0
BRDA:74,4,1,0
BRDA:81,5,0,0
BRDA:81,5,1,0
BRDA:117,6,0,0
BRDA:117,6,1,0
BRDA:117,7,0,0
BRDA:117,7,1,0
BRDA:117,7,2,0
BRDA:117,7,3,0
BRDA:134,8,0,0
BRDA:134,8,1,0
BRDA:137,9,0,0
BRDA:137,9,1,0
BRDA:144,10,0,0
BRDA:144,10,1,0
BRDA:201,11,0,0
BRDA:201,11,1,0
BRDA:236,12,0,0
BRDA:236,12,1,0
BRF:30
BRH:0
end_of_record
TN:
SF:routes\adminComunicacao.js
FN:81,(anonymous_0)
FN:89,carregarPedidoBasico
FN:113,logComunicacao
FN:148,normalizarTelefone
FN:154,getPedidoTotalNumber
FN:164,buildEmailFromTemplate
FN:217,buildWhatsappFromTemplate
FN:282,(anonymous_7)
FN:378,(anonymous_8)
FNF:9
FNH:0
FNDA:0,(anonymous_0)
FNDA:0,carregarPedidoBasico
FNDA:0,logComunicacao
FNDA:0,normalizarTelefone
FNDA:0,getPedidoTotalNumber
FNDA:0,buildEmailFromTemplate
FNDA:0,buildWhatsappFromTemplate
FNDA:0,(anonymous_7)
FNDA:0,(anonymous_8)
DA:2,0
DA:3,0
DA:4,0
DA:5,0
DA:6,0
DA:12,0
DA:81,0
DA:82,0
DA:90,0
DA:110,0
DA:124,0
DA:125,0
DA:144,0
DA:149,0
DA:150,0
DA:155,0
DA:156,0
DA:157,0
DA:165,0
DA:167,0
DA:168,0
DA:183,0
DA:184,0
DA:197,0
DA:209,0
DA:218,0
DA:220,0
DA:221,0
DA:229,0
DA:230,0
DA:238,0
DA:241,0
DA:282,0
DA:283,0
DA:285,0
DA:286,0
DA:291,0
DA:292,0
DA:294,0
DA:295,0
DA:298,0
DA:299,0
DA:300,0
DA:305,0
DA:307,0
DA:308,0
DA:310,0
DA:311,0
DA:313,0
DA:314,0
DA:315,0
DA:318,0
DA:330,0
DA:338,0
DA:339,0
DA:378,0
DA:379,0
DA:381,0
DA:382,0
DA:387,0
DA:388,0
DA:390,0
DA:391,0
DA:394,0
DA:395,0
DA:397,0
DA:398,0
DA:403,0
DA:405,0
DA:406,0
DA:408,0
DA:410,0
DA:414,0
DA:415,0
DA:416,0
DA:419,0
DA:431,0
DA:439,0
DA:440,0
DA:446,0
LF:80
LH:0
BRDA:110,0,0,0
BRDA:110,0,1,0
BRDA:132,1,0,0
BRDA:132,1,1,0
BRDA:133,2,0,0
BRDA:133,2,1,0
BRDA:137,3,0,0
BRDA:137,3,1,0
BRDA:140,4,0,0
BRDA:140,4,1,0
BRDA:149,5,0,0
BRDA:149,5,1,0
BRDA:155,6,0,0
BRDA:155,6,1,0
BRDA:156,7,0,0
BRDA:156,7,1,0
BRDA:165,8,0,0
BRDA:165,8,1,0
BRDA:165,8,2,0
BRDA:165,8,3,0
BRDA:218,9,0,0
BRDA:218,9,1,0
BRDA:218,9,2,0
BRDA:218,9,3,0
BRDA:283,10,0,0
BRDA:283,10,1,0
BRDA:285,11,0,0
BRDA:285,11,1,0
BRDA:285,12,0,0
BRDA:285,12,1,0
BRDA:294,13,0,0
BRDA:294,13,1,0
BRDA:298,14,0,0
BRDA:298,14,1,0
BRDA:299,15,0,0
BRDA:299,15,1,0
BRDA:315,16,0,0
BRDA:315,16,1,0
BRDA:332,17,0,0
BRDA:332,17,1,0
BRDA:379,18,0,0
BRDA:379,18,1,0
BRDA:381,19,0,0
BRDA:381,19,1,0
BRDA:381,20,0,0
BRDA:381,20,1,0
BRDA:390,21,0,0
BRDA:390,21,1,0
BRDA:395,22,0,0
BRDA:395,22,1,0
BRDA:397,23,0,0
BRDA:397,23,1,0
BRDA:416,24,0,0
BRDA:416,24,1,0
BRDA:433,25,0,0
BRDA:433,25,1,0
BRF:56
BRH:0
end_of_record
TN:
SF:routes\adminConfigRoutes.js
FN:11,ensureDefaultSettings
FN:113,safeTrim
FN:117,safeJsonParse
FN:137,normalizeSettings
FN:140,(anonymous_4)
FN:141,(anonymous_5)
FN:214,normalizeFooterLinks
FN:226,(anonymous_7)
FN:327,(anonymous_8)
FN:425,(anonymous_9)
FN:489,(anonymous_10)
FN:490,(anonymous_11)
FN:586,(anonymous_12)
FN:592,(anonymous_13)
FN:606,(anonymous_14)
FN:626,(anonymous_15)
FNF:16
FNH:0
FNDA:0,ensureDefaultSettings
FNDA:0,safeTrim
FNDA:0,safeJsonParse
FNDA:0,normalizeSettings
FNDA:0,(anonymous_4)
FNDA:0,(anonymous_5)
FNDA:0,normalizeFooterLinks
FNDA:0,(anonymous_7)
FNDA:0,(anonymous_8)
FNDA:0,(anonymous_9)
FNDA:0,(anonymous_10)
FNDA:0,(anonymous_11)
FNDA:0,(anonymous_12)
FNDA:0,(anonymous_13)
FNDA:0,(anonymous_14)
FNDA:0,(anonymous_15)
DA:2,0
DA:3,0
DA:4,0
DA:5,0
DA:12,0
DA:14,0
DA:15,0
DA:104,0
DA:107,0
DA:114,0
DA:118,0
DA:121,0
DA:123,0
DA:124,0
DA:125,0
DA:127,0
DA:131,0
DA:138,0
DA:140,0
DA:141,0
DA:143,0
DA:145,0
DA:215,0
DA:218,0
DA:221,0
DA:223,0
DA:225,0
DA:227,0
DA:228,0
DA:229,0
DA:230,0
DA:231,0
DA:239,0
DA:327,0
DA:328,0
DA:329,0
DA:331,0
DA:333,0
DA:334,0
DA:336,0
DA:337,0
DA:425,0
DA:426,0
DA:427,0
DA:429,0
DA:430,0
DA:487,0
DA:489,0
DA:490,0
DA:492,0
DA:494,0
DA:573,0
DA:575,0
DA:577,0
DA:578,0
DA:586,0
DA:587,0
DA:588,0
DA:592,0
DA:599,0
DA:601,0
DA:602,0
DA:606,0
DA:607,0
DA:608,0
DA:610,0
DA:611,0
DA:614,0
DA:619,0
DA:621,0
DA:622,0
DA:626,0
DA:627,0
DA:628,0
DA:629,0
DA:631,0
DA:636,0
DA:637,0
DA:640,0
DA:642,0
DA:643,0
DA:647,0
LF:82
LH:0
BRDA:14,0,0,0
BRDA:14,0,1,0
BRDA:14,1,0,0
BRDA:14,1,1,0
BRDA:114,2,0,0
BRDA:114,2,1,0
BRDA:118,3,0,0
BRDA:118,3,1,0
BRDA:118,4,0,0
BRDA:118,4,1,0
BRDA:118,4,2,0
BRDA:121,5,0,0
BRDA:121,5,1,0
BRDA:123,6,0,0
BRDA:123,6,1,0
BRDA:138,7,0,0
BRDA:138,7,1,0
BRDA:141,8,0,0
BRDA:141,8,1,0
BRDA:141,9,0,0
BRDA:141,9,1,0
BRDA:149,10,0,0
BRDA:149,10,1,0
BRDA:150,11,0,0
BRDA:150,11,1,0
BRDA:151,12,0,0
BRDA:151,12,1,0
BRDA:152,13,0,0
BRDA:152,13,1,0
BRDA:153,14,0,0
BRDA:153,14,1,0
BRDA:154,15,0,0
BRDA:154,15,1,0
BRDA:157,16,0,0
BRDA:157,16,1,0
BRDA:158,17,0,0
BRDA:158,17,1,0
BRDA:159,18,0,0
BRDA:159,18,1,0
BRDA:160,19,0,0
BRDA:160,19,1,0
BRDA:161,20,0,0
BRDA:161,20,1,0
BRDA:164,21,0,0
BRDA:164,21,1,0
BRDA:165,22,0,0
BRDA:165,22,1,0
BRDA:166,23,0,0
BRDA:166,23,1,0
BRDA:167,24,0,0
BRDA:167,24,1,0
BRDA:168,25,0,0
BRDA:168,25,1,0
BRDA:170,26,0,0
BRDA:170,26,1,0
BRDA:171,27,0,0
BRDA:171,27,1,0
BRDA:172,28,0,0
BRDA:172,28,1,0
BRDA:187,29,0,0
BRDA:187,29,1,0
BRDA:188,30,0,0
BRDA:188,30,1,0
BRDA:189,31,0,0
BRDA:189,31,1,0
BRDA:196,32,0,0
BRDA:196,32,1,0
BRDA:197,33,0,0
BRDA:197,33,1,0
BRDA:204,34,0,0
BRDA:204,34,1,0
BRDA:205,35,0,0
BRDA:205,35,1,0
BRDA:206,36,0,0
BRDA:206,36,1,0
BRDA:207,37,0,0
BRDA:207,37,1,0
BRDA:215,38,0,0
BRDA:215,38,1,0
BRDA:218,39,0,0
BRDA:218,39,1,0
BRDA:221,40,0,0
BRDA:221,40,1,0
BRDA:223,41,0,0
BRDA:223,41,1,0
BRDA:227,42,0,0
BRDA:227,42,1,0
BRDA:227,43,0,0
BRDA:227,43,1,0
BRDA:230,44,0,0
BRDA:230,44,1,0
BRDA:230,45,0,0
BRDA:230,45,1,0
BRDA:234,46,0,0
BRDA:234,46,1,0
BRDA:333,47,0,0
BRDA:333,47,1,0
BRDA:430,48,0,0
BRDA:430,48,1,0
BRDA:489,49,0,0
BRDA:489,49,1,0
BRDA:489,50,0,0
BRDA:489,50,1,0
BRDA:490,51,0,0
BRDA:490,51,1,0
BRDA:495,52,0,0
BRDA:495,52,1,0
BRDA:496,53,0,0
BRDA:496,53,1,0
BRDA:497,54,0,0
BRDA:497,54,1,0
BRDA:498,55,0,0
BRDA:498,55,1,0
BRDA:499,56,0,0
BRDA:499,56,1,0
BRDA:500,57,0,0
BRDA:500,57,1,0
BRDA:503,58,0,0
BRDA:503,58,1,0
BRDA:504,59,0,0
BRDA:504,59,1,0
BRDA:505,60,0,0
BRDA:505,60,1,0
BRDA:506,61,0,0
BRDA:506,61,1,0
BRDA:507,62,0,0
BRDA:507,62,1,0
BRDA:510,63,0,0
BRDA:510,63,1,0
BRDA:511,64,0,0
BRDA:511,64,1,0
BRDA:512,65,0,0
BRDA:512,65,1,0
BRDA:513,66,0,0
BRDA:513,66,1,0
BRDA:514,67,0,0
BRDA:514,67,1,0
BRDA:519,68,0,0
BRDA:519,68,1,0
BRDA:520,69,0,0
BRDA:520,69,1,0
BRDA:521,70,0,0
BRDA:521,70,1,0
BRDA:523,71,0,0
BRDA:523,71,1,0
BRDA:525,72,0,0
BRDA:525,72,1,0
BRDA:550,73,0,0
BRDA:550,73,1,0
BRDA:551,74,0,0
BRDA:551,74,1,0
BRDA:552,75,0,0
BRDA:552,75,1,0
BRDA:559,76,0,0
BRDA:559,76,1,0
BRDA:560,77,0,0
BRDA:560,77,1,0
BRDA:567,78,0,0
BRDA:567,78,1,0
BRDA:568,79,0,0
BRDA:568,79,1,0
BRDA:569,80,0,0
BRDA:569,80,1,0
BRDA:570,81,0,0
BRDA:570,81,1,0
BRDA:610,82,0,0
BRDA:610,82,1,0
BRDA:610,83,0,0
BRDA:610,83,1,0
BRDA:616,84,0,0
BRDA:616,84,1,0
BRDA:616,85,0,0
BRDA:616,85,1,0
BRDA:633,86,0,0
BRDA:633,86,1,0
BRDA:633,87,0,0
BRDA:633,87,1,0
BRDA:633,88,0,0
BRDA:633,88,1,0
BRDA:636,89,0,0
BRDA:636,89,1,0
BRF:181
BRH:0
end_of_record
TN:
SF:routes\adminConfigUploadRoutes.js
FN:18,ensureDir
FN:23,safeUnlink
FN:32,(anonymous_2)
FN:35,(anonymous_3)
FN:42,fileFilter
FN:56,ensureDefaultSettings
FN:97,(anonymous_6)
FN:138,(anonymous_7)
FNF:8
FNH:0
FNDA:0,ensureDir
FNDA:0,safeUnlink
FNDA:0,(anonymous_2)
FNDA:0,(anonymous_3)
FNDA:0,fileFilter
FNDA:0,ensureDefaultSettings
FNDA:0,(anonymous_6)
FNDA:0,(anonymous_7)
DA:2,0
DA:3,0
DA:4,0
DA:5,0
DA:6,0
DA:8,0
DA:9,0
DA:15,0
DA:16,0
DA:19,0
DA:21,0
DA:24,0
DA:25,0
DA:27,0
DA:31,0
DA:33,0
DA:36,0
DA:37,0
DA:38,0
DA:43,0
DA:44,0
DA:45,0
DA:47,0
DA:50,0
DA:57,0
DA:58,0
DA:60,0
DA:64,0
DA:97,0
DA:98,0
DA:99,0
DA:101,0
DA:102,0
DA:105,0
DA:108,0
DA:109,0
DA:112,0
DA:114,0
DA:120,0
DA:121,0
DA:122,0
DA:125,0
DA:127,0
DA:132,0
DA:133,0
DA:138,0
DA:139,0
DA:140,0
DA:141,0
DA:143,0
DA:144,0
DA:146,0
DA:149,0
LF:53
LH:0
BRDA:19,0,0,0
BRDA:19,0,1,0
BRDA:25,1,0,0
BRDA:25,1,1,0
BRDA:25,2,0,0
BRDA:25,2,1,0
BRDA:36,3,0,0
BRDA:36,3,1,0
BRDA:37,4,0,0
BRDA:37,4,1,0
BRDA:44,5,0,0
BRDA:44,5,1,0
BRDA:58,6,0,0
BRDA:58,6,1,0
BRDA:58,7,0,0
BRDA:58,7,1,0
BRDA:101,8,0,0
BRDA:101,8,1,0
BRDA:109,9,0,0
BRDA:109,9,1,0
BRDA:120,10,0,0
BRDA:120,10,1,0
BRDA:120,11,0,0
BRDA:120,11,1,0
BRDA:120,11,2,0
BRDA:139,12,0,0
BRDA:139,12,1,0
BRDA:140,13,0,0
BRDA:140,13,1,0
BRDA:140,14,0,0
BRDA:140,14,1,0
BRDA:143,15,0,0
BRDA:143,15,1,0
BRF:33
BRH:0
end_of_record
TN:
SF:routes\adminCupons.js
FN:82,(anonymous_0)
FN:125,(anonymous_1)
FN:205,(anonymous_2)
FN:285,(anonymous_3)
FNF:4
FNH:0
FNDA:0,(anonymous_0)
FNDA:0,(anonymous_1)
FNDA:0,(anonymous_2)
FNDA:0,(anonymous_3)
DA:2,0
DA:3,0
DA:4,0
DA:5,0
DA:7,0
DA:8,0
DA:82,0
DA:83,0
DA:84,0
DA:89,0
DA:91,0
DA:92,0
DA:125,0
DA:126,0
DA:127,0
DA:129,0
DA:130,0
DA:135,0
DA:136,0
DA:141,0
DA:142,0
DA:143,0
DA:144,0
DA:145,0
DA:147,0
DA:154,0
DA:161,0
DA:163,0
DA:165,0
DA:166,0
DA:172,0
DA:205,0
DA:206,0
DA:208,0
DA:209,0
DA:211,0
DA:212,0
DA:217,0
DA:218,0
DA:223,0
DA:224,0
DA:225,0
DA:226,0
DA:227,0
DA:229,0
DA:236,0
DA:237,0
DA:240,0
DA:247,0
DA:249,0
DA:251,0
DA:252,0
DA:258,0
DA:285,0
DA:286,0
DA:288,0
DA:289,0
DA:294,0
DA:295,0
DA:298,0
DA:300,0
DA:301,0
DA:308,0
LF:63
LH:0
BRDA:94,0,0,0
BRDA:94,0,1,0
BRDA:129,1,0,0
BRDA:129,1,1,0
BRDA:129,2,0,0
BRDA:129,2,1,0
BRDA:129,2,2,0
BRDA:135,3,0,0
BRDA:135,3,1,0
BRDA:141,4,0,0
BRDA:141,4,1,0
BRDA:142,5,0,0
BRDA:142,5,1,0
BRDA:143,6,0,0
BRDA:143,6,1,0
BRDA:143,7,0,0
BRDA:143,7,1,0
BRDA:144,8,0,0
BRDA:144,8,1,0
BRDA:144,9,0,0
BRDA:144,9,1,0
BRDA:145,10,0,0
BRDA:145,10,1,0
BRDA:165,11,0,0
BRDA:165,11,1,0
BRDA:168,12,0,0
BRDA:168,12,1,0
BRDA:174,13,0,0
BRDA:174,13,1,0
BRDA:211,14,0,0
BRDA:211,14,1,0
BRDA:211,15,0,0
BRDA:211,15,1,0
BRDA:211,15,2,0
BRDA:217,16,0,0
BRDA:217,16,1,0
BRDA:223,17,0,0
BRDA:223,17,1,0
BRDA:224,18,0,0
BRDA:224,18,1,0
BRDA:225,19,0,0
BRDA:225,19,1,0
BRDA:225,20,0,0
BRDA:225,20,1,0
BRDA:226,21,0,0
BRDA:226,21,1,0
BRDA:226,22,0,0
BRDA:226,22,1,0
BRDA:227,23,0,0
BRDA:227,23,1,0
BRDA:236,24,0,0
BRDA:236,24,1,0
BRDA:251,25,0,0
BRDA:251,25,1,0
BRDA:254,26,0,0
BRDA:254,26,1,0
BRDA:260,27,0,0
BRDA:260,27,1,0
BRDA:294,28,0,0
BRDA:294,28,1,0
BRDA:303,29,0,0
BRDA:303,29,1,0
BRF:62
BRH:0
end_of_record
TN:
SF:routes\adminDrones.js
FNF:0
FNH:0
DA:6,32
DA:7,32
DA:10,32
DA:12,32
DA:13,32
DA:15,32
DA:35,32
DA:37,32
DA:47,32
DA:56,32
DA:59,32
DA:61,32
DA:70,32
DA:83,32
DA:85,32
DA:98,32
DA:99,32
DA:101,32
DA:102,32
DA:103,32
DA:117,32
DA:119,32
DA:125,32
DA:131,32
DA:137,32
DA:154,32
DA:156,32
DA:162,32
DA:168,32
DA:174,32
DA:175,32
DA:176,32
DA:177,32
DA:183,32
DA:184,32
DA:185,32
DA:186,32
DA:188,32
LF:38
LH:38
BRF:0
BRH:0
end_of_record
TN:
SF:routes\adminEspecialidades.js
FN:33,(anonymous_0)
FN:55,(anonymous_1)
FN:66,(anonymous_2)
FN:77,(anonymous_3)
FNF:4
FNH:0
FNDA:0,(anonymous_0)
FNDA:0,(anonymous_1)
FNDA:0,(anonymous_2)
FNDA:0,(anonymous_3)
DA:1,0
DA:2,0
DA:3,0
DA:4,0
DA:33,0
DA:34,0
DA:36,0
DA:37,0
DA:39,0
DA:40,0
DA:55,0
DA:56,0
DA:57,0
DA:58,0
DA:60,0
DA:61,0
DA:66,0
DA:67,0
DA:68,0
DA:69,0
DA:71,0
DA:72,0
DA:77,0
DA:78,0
DA:79,0
DA:80,0
DA:82,0
DA:83,0
DA:87,0
LF:29
LH:0
BRF:0
BRH:0
end_of_record
TN:
SF:routes\adminLogin.js
FN:27,getAdminPermissions
FN:45,(anonymous_1)
FN:127,(anonymous_2)
FN:131,(anonymous_3)
FN:131,(anonymous_4)
FN:308,(anonymous_5)
FN:371,(anonymous_6)
FNF:7
FNH:0
FNDA:0,getAdminPermissions
FNDA:0,(anonymous_1)
FNDA:0,(anonymous_2)
FNDA:0,(anonymous_3)
FNDA:0,(anonymous_4)
FNDA:0,(anonymous_5)
FNDA:0,(anonymous_6)
DA:2,0
DA:3,0
DA:4,0
DA:5,0
DA:6,0
DA:7,0
DA:8,0
DA:9,0
DA:11,0
DA:14,0
DA:15,0
DA:18,0
DA:19,0
DA:28,0
DA:30,0
DA:45,0
DA:127,0
DA:128,0
DA:131,0
DA:134,0
DA:135,0
DA:136,0
DA:141,0
DA:143,0
DA:144,0
DA:147,0
DA:164,0
DA:165,0
DA:166,0
DA:167,0
DA:170,0
DA:173,0
DA:175,0
DA:176,0
DA:177,0
DA:178,0
DA:182,0
DA:185,0
DA:188,0
DA:196,0
DA:199,0
DA:200,0
DA:205,0
DA:213,0
DA:216,0
DA:224,0
DA:232,0
DA:235,0
DA:249,0
DA:250,0
DA:251,0
DA:308,0
DA:309,0
DA:310,0
DA:312,0
DA:313,0
DA:318,0
DA:334,0
DA:335,0
DA:338,0
DA:341,0
DA:343,0
DA:352,0
DA:353,0
DA:371,0
DA:372,0
DA:379,0
DA:381,0
DA:386,0
LF:69
LH:0
BRDA:14,0,0,0
BRDA:14,0,1,0
BRDA:28,1,0,0
BRDA:28,1,1,0
BRDA:128,2,0,0
BRDA:128,2,1,0
BRDA:131,3,0,0
BRDA:131,3,1,0
BRDA:134,4,0,0
BRDA:134,4,1,0
BRDA:134,5,0,0
BRDA:134,5,1,0
BRDA:164,6,0,0
BRDA:164,6,1,0
BRDA:164,7,0,0
BRDA:164,7,1,0
BRDA:175,8,0,0
BRDA:175,8,1,0
BRDA:192,9,0,0
BRDA:192,9,1,0
BRDA:243,10,0,0
BRDA:243,10,1,0
BRDA:310,11,0,0
BRDA:310,11,1,0
BRDA:312,12,0,0
BRDA:312,12,1,0
BRDA:334,13,0,0
BRDA:334,13,1,0
BRDA:334,14,0,0
BRDA:334,14,1,0
BRDA:348,15,0,0
BRDA:348,15,1,0
BRF:32
BRH:0
end_of_record
TN:
SF:routes\adminLogsRoutes.js
FN:84,(anonymous_0)
FN:202,(anonymous_1)
FNF:2
FNH:0
FNDA:0,(anonymous_0)
FNDA:0,(anonymous_1)
DA:2,0
DA:3,0
DA:4,0
DA:5,0
DA:81,0
DA:85,0
DA:86,0
DA:87,0
DA:96,0
DA:98,0
DA:99,0
DA:101,0
DA:102,0
DA:103,0
DA:106,0
DA:107,0
DA:108,0
DA:111,0
DA:112,0
DA:113,0
DA:116,0
DA:117,0
DA:118,0
DA:122,0
DA:123,0
DA:124,0
DA:127,0
DA:128,0
DA:129,0
DA:132,0
DA:136,0
DA:137,0
DA:160,0
DA:162,0
DA:163,0
DA:199,0
DA:203,0
DA:205,0
DA:206,0
DA:226,0
DA:227,0
DA:230,0
DA:232,0
DA:233,0
DA:240,0
LF:45
LH:0
BRDA:85,0,0,0
BRDA:85,0,1,0
BRDA:87,1,0,0
BRDA:87,1,1,0
BRDA:101,2,0,0
BRDA:101,2,1,0
BRDA:106,3,0,0
BRDA:106,3,1,0
BRDA:111,4,0,0
BRDA:111,4,1,0
BRDA:116,5,0,0
BRDA:116,5,1,0
BRDA:122,6,0,0
BRDA:122,6,1,0
BRDA:127,7,0,0
BRDA:127,7,1,0
BRDA:132,8,0,0
BRDA:132,8,1,0
BRDA:226,9,0,0
BRDA:226,9,1,0
BRF:20
BRH:0
end_of_record
TN:
SF:routes\adminMarketingPromocoes.js
FN:168,(anonymous_0)
FN:223,(anonymous_1)
FN:289,(anonymous_2)
FN:364,(anonymous_3)
FNF:4
FNH:0
FNDA:0,(anonymous_0)
FNDA:0,(anonymous_1)
FNDA:0,(anonymous_2)
FNDA:0,(anonymous_3)
DA:2,0
DA:3,0
DA:4,0
DA:5,0
DA:168,0
DA:169,0
DA:170,0
DA:214,0
DA:215,0
DA:217,0
DA:218,0
DA:223,0
DA:233,0
DA:235,0
DA:236,0
DA:239,0
DA:240,0
DA:245,0
DA:247,0
DA:251,0
DA:252,0
DA:256,0
DA:260,0
DA:261,0
DA:264,0
DA:270,0
DA:281,0
DA:283,0
DA:284,0
DA:289,0
DA:290,0
DA:299,0
DA:301,0
DA:302,0
DA:306,0
DA:307,0
DA:311,0
DA:312,0
DA:314,0
DA:315,0
DA:316,0
DA:318,0
DA:319,0
DA:320,0
DA:322,0
DA:323,0
DA:324,0
DA:326,0
DA:327,0
DA:328,0
DA:330,0
DA:331,0
DA:332,0
DA:334,0
DA:335,0
DA:336,0
DA:338,0
DA:339,0
DA:340,0
DA:343,0
DA:344,0
DA:347,0
DA:352,0
DA:354,0
DA:356,0
DA:358,0
DA:359,0
DA:364,0
DA:365,0
DA:366,0
DA:367,0
DA:368,0
DA:369,0
DA:371,0
DA:373,0
DA:374,0
DA:378,0
LF:77
LH:0
BRDA:217,0,0,0
BRDA:217,0,1,0
BRDA:226,1,0,0
BRDA:227,2,0,0
BRDA:228,3,0,0
BRDA:229,4,0,0
BRDA:230,5,0,0
BRDA:231,6,0,0
BRDA:232,7,0,0
BRDA:233,8,0,0
BRDA:233,8,1,0
BRDA:235,9,0,0
BRDA:235,9,1,0
BRDA:239,10,0,0
BRDA:239,10,1,0
BRDA:239,11,0,0
BRDA:239,11,1,0
BRDA:251,12,0,0
BRDA:251,12,1,0
BRDA:260,13,0,0
BRDA:260,13,1,0
BRDA:278,14,0,0
BRDA:278,14,1,0
BRDA:283,15,0,0
BRDA:283,15,1,0
BRDA:299,16,0,0
BRDA:299,16,1,0
BRDA:306,17,0,0
BRDA:306,17,1,0
BRDA:314,18,0,0
BRDA:314,18,1,0
BRDA:318,19,0,0
BRDA:318,19,1,0
BRDA:322,20,0,0
BRDA:322,20,1,0
BRDA:326,21,0,0
BRDA:326,21,1,0
BRDA:330,22,0,0
BRDA:330,22,1,0
BRDA:334,23,0,0
BRDA:334,23,1,0
BRDA:338,24,0,0
BRDA:338,24,1,0
BRDA:340,25,0,0
BRDA:340,25,1,0
BRDA:343,26,0,0
BRDA:343,26,1,0
BRDA:358,27,0,0
BRDA:358,27,1,0
BRDA:368,28,0,0
BRDA:368,28,1,0
BRDA:373,29,0,0
BRDA:373,29,1,0
BRF:53
BRH:0
end_of_record
TN:
SF:routes\adminNewsRoutes.js
FNF:0
FNH:0
DA:1,0
DA:2,0
DA:3,0
DA:4,0
DA:5,0
DA:8,0
DA:9,0
DA:10,0
DA:11,0
DA:12,0
DA:13,0
DA:16,0
DA:17,0
DA:18,0
DA:19,0
DA:20,0
DA:21,0
DA:22,0
DA:25,0
DA:31,0
DA:32,0
DA:33,0
DA:34,0
DA:37,0
LF:24
LH:0
BRDA:25,0,0,0
BRDA:25,0,1,0
BRDA:26,1,0,0
BRDA:26,1,1,0
BRDA:26,1,2,0
BRDA:26,1,3,0
BRF:6
BRH:0
end_of_record
TN:
SF:routes\adminNewsUploadRoutes.js
FN:13,(anonymous_0)
FN:16,(anonymous_1)
FN:24,fileFilter
FN:43,(anonymous_3)
FNF:4
FNH:0
FNDA:0,(anonymous_0)
FNDA:0,(anonymous_1)
FNDA:0,fileFilter
FNDA:0,(anonymous_3)
DA:2,0
DA:3,0
DA:4,0
DA:5,0
DA:7,0
DA:9,0
DA:10,0
DA:12,0
DA:14,0
DA:17,0
DA:18,0
DA:19,0
DA:20,0
DA:25,0
DA:26,0
DA:28,0
DA:31,0
DA:43,0
DA:44,0
DA:45,0
DA:48,0
DA:49,0
DA:51,0
DA:62,0
LF:24
LH:0
BRDA:17,0,0,0
BRDA:17,0,1,0
BRDA:18,1,0,0
BRDA:18,1,1,0
BRDA:18,2,0,0
BRDA:18,2,1,0
BRDA:25,3,0,0
BRDA:25,3,1,0
BRDA:25,4,0,0
BRDA:25,4,1,0
BRDA:44,5,0,0
BRDA:44,5,1,0
BRF:12
BRH:0
end_of_record
TN:
SF:routes\adminPedidos.js
FN:11,(anonymous_0)
FN:20,(anonymous_1)
FN:21,(anonymous_2)
FN:26,(anonymous_3)
FN:157,(anonymous_4)
FN:188,(anonymous_5)
FN:205,(anonymous_6)
FN:206,(anonymous_7)
FN:251,(anonymous_8)
FN:307,(anonymous_9)
FN:354,(anonymous_10)
FN:429,(anonymous_11)
FNF:12
FNH:0
FNDA:0,(anonymous_0)
FNDA:0,(anonymous_1)
FNDA:0,(anonymous_2)
FNDA:0,(anonymous_3)
FNDA:0,(anonymous_4)
FNDA:0,(anonymous_5)
FNDA:0,(anonymous_6)
FNDA:0,(anonymous_7)
FNDA:0,(anonymous_8)
FNDA:0,(anonymous_9)
FNDA:0,(anonymous_10)
FNDA:0,(anonymous_11)
DA:1,0
DA:2,0
DA:3,0
DA:4,0
DA:5,0
DA:8,0
DA:11,0
DA:12,0
DA:13,0
DA:20,0
DA:21,0
DA:22,0
DA:23,0
DA:24,0
DA:26,0
DA:27,0
DA:28,0
DA:29,0
DA:157,0
DA:158,0
DA:159,0
DA:178,0
DA:188,0
DA:189,0
DA:191,0
DA:205,0
DA:206,0
DA:214,0
DA:216,0
DA:251,0
DA:252,0
DA:254,0
DA:255,0
DA:277,0
DA:278,0
DA:281,0
DA:294,0
DA:307,0
DA:314,0
DA:354,0
DA:355,0
DA:356,0
DA:358,0
DA:359,0
DA:360,0
DA:365,0
DA:366,0
DA:371,0
DA:372,0
DA:376,0
DA:377,0
DA:378,0
DA:380,0
DA:387,0
DA:389,0
DA:429,0
DA:430,0
DA:431,0
DA:433,0
DA:440,0
DA:441,0
DA:446,0
DA:447,0
DA:452,0
DA:453,0
DA:457,0
DA:458,0
DA:459,0
DA:461,0
DA:468,0
DA:470,0
DA:474,0
LF:72
LH:0
BRDA:11,0,0,0
BRDA:20,1,0,0
BRDA:20,1,1,0
BRDA:23,2,0,0
BRDA:23,2,1,0
BRDA:27,3,0,0
BRDA:27,3,1,0
BRDA:27,4,0,0
BRDA:27,4,1,0
BRDA:28,5,0,0
BRDA:28,5,1,0
BRDA:195,6,0,0
BRDA:195,6,1,0
BRDA:196,7,0,0
BRDA:196,7,1,0
BRDA:197,8,0,0
BRDA:197,8,1,0
BRDA:202,9,0,0
BRDA:202,9,1,0
BRDA:277,10,0,0
BRDA:277,10,1,0
BRDA:298,11,0,0
BRDA:298,11,1,0
BRDA:299,12,0,0
BRDA:299,12,1,0
BRDA:300,13,0,0
BRDA:300,13,1,0
BRDA:305,14,0,0
BRDA:305,14,1,0
BRDA:359,15,0,0
BRDA:359,15,1,0
BRDA:371,16,0,0
BRDA:371,16,1,0
BRDA:376,17,0,0
BRDA:376,17,1,0
BRDA:440,18,0,0
BRDA:440,18,1,0
BRDA:452,19,0,0
BRDA:452,19,1,0
BRDA:457,20,0,0
BRDA:457,20,1,0
BRF:41
BRH:0
end_of_record
TN:
SF:routes\adminPermissionsRoutes.js
FN:13,(anonymous_0)
FN:33,(anonymous_1)
FN:89,(anonymous_2)
FN:154,(anonymous_3)
FNF:4
FNH:0
FNDA:0,(anonymous_0)
[...]
DA:1271,0
LF:506
LH:0
BRDA:25,0,0,0
BRDA:25,0,1,0
BRDA:26,1,0,0
BRDA:26,1,1,0
BRDA:26,2,0,0
BRDA:26,2,1,0
BRDA:27,3,0,0
BRDA:27,3,1,0
BRDA:27,4,0,0
BRDA:27,4,1,0
BRDA:32,5,0,0
BRDA:32,5,1,0
BRDA:33,6,0,0
BRDA:33,6,1,0
BRDA:34,7,0,0
BRDA:34,7,1,0
BRDA:36,8,0,0
BRDA:36,8,1,0
BRDA:45,9,0,0
BRDA:45,9,1,0
BRDA:47,10,0,0
BRDA:47,10,1,0
BRDA:48,11,0,0
BRDA:48,11,1,0
BRDA:48,12,0,0
BRDA:48,12,1,0
BRDA:61,13,0,0
BRDA:61,13,1,0
BRDA:66,14,0,0
BRDA:66,14,1,0
BRDA:79,15,0,0
BRDA:79,15,1,0
BRDA:84,16,0,0
BRDA:84,16,1,0
BRDA:85,17,0,0
BRDA:85,17,1,0
BRDA:87,18,0,0
BRDA:87,18,1,0
BRDA:96,19,0,0
BRDA:97,20,0,0
BRDA:97,20,1,0
BRDA:99,21,0,0
BRDA:100,22,0,0
BRDA:100,22,1,0
BRDA:101,23,0,0
BRDA:101,23,1,0
BRDA:101,24,0,0
BRDA:101,24,1,0
BRDA:105,25,0,0
BRDA:105,25,1,0
BRDA:126,26,0,0
BRDA:126,26,1,0
BRDA:196,27,0,0
BRDA:196,27,1,0
BRDA:203,28,0,0
BRDA:203,28,1,0
BRDA:203,29,0,0
BRDA:203,29,1,0
BRDA:215,30,0,0
BRDA:215,30,1,0
BRDA:216,31,0,0
BRDA:216,31,1,0
BRDA:217,32,0,0
BRDA:217,32,1,0
BRDA:224,33,0,0
BRDA:224,33,1,0
BRDA:225,34,0,0
BRDA:225,34,1,0
BRDA:230,35,0,0
BRDA:230,35,1,0
BRDA:235,36,0,0
BRDA:235,36,1,0
BRDA:237,37,0,0
BRDA:237,37,1,0
BRDA:239,38,0,0
BRDA:239,38,1,0
BRDA:241,39,0,0
BRDA:241,39,1,0
BRDA:249,40,0,0
BRDA:251,41,0,0
BRDA:251,41,1,0
BRDA:257,42,0,0
BRDA:257,42,1,0
BRDA:260,43,0,0
BRDA:260,43,1,0
BRDA:263,44,0,0
BRDA:263,44,1,0
BRDA:266,45,0,0
BRDA:266,45,1,0
BRDA:269,46,0,0
BRDA:269,46,1,0
BRDA:270,47,0,0
BRDA:270,47,1,0
BRDA:274,48,0,0
BRDA:274,48,1,0
BRDA:275,49,0,0
BRDA:275,49,1,0
BRDA:279,50,0,0
BRDA:279,50,1,0
BRDA:280,51,0,0
BRDA:280,51,1,0
BRDA:297,52,0,0
BRDA:297,52,1,0
BRDA:311,53,0,0
BRDA:311,53,1,0
BRDA:322,54,0,0
BRDA:322,54,1,0
BRDA:323,55,0,0
BRDA:323,55,1,0
BRDA:323,56,0,0
BRDA:323,56,1,0
BRDA:328,57,0,0
BRDA:328,57,1,0
BRDA:331,58,0,0
BRDA:331,58,1,0
BRDA:343,59,0,0
BRDA:343,59,1,0
BRDA:344,60,0,0
BRDA:344,60,1,0
BRDA:354,61,0,0
BRDA:354,61,1,0
BRDA:356,62,0,0
BRDA:356,62,1,0
BRDA:362,63,0,0
BRDA:362,63,1,0
BRDA:368,64,0,0
BRDA:368,64,1,0
BRDA:368,65,0,0
BRDA:368,65,1,0
BRDA:374,66,0,0
BRDA:374,66,1,0
BRDA:387,67,0,0
BRDA:387,67,1,0
BRDA:394,68,0,0
BRDA:395,69,0,0
BRDA:395,69,1,0
BRDA:397,70,0,0
BRDA:397,70,1,0
BRDA:403,71,0,0
BRDA:403,71,1,0
BRDA:413,72,0,0
BRDA:413,72,1,0
BRDA:415,73,0,0
BRDA:415,73,1,0
BRDA:415,74,0,0
BRDA:415,74,1,0
BRDA:416,75,0,0
BRDA:416,75,1,0
BRDA:417,76,0,0
BRDA:417,76,1,0
BRDA:430,77,0,0
BRDA:430,77,1,0
BRDA:435,78,0,0
BRDA:446,79,0,0
BRDA:446,79,1,0
BRDA:446,80,0,0
BRDA:446,80,1,0
BRDA:458,81,0,0
BRDA:458,81,1,0
BRDA:461,82,0,0
BRDA:461,82,1,0
BRDA:476,83,0,0
BRDA:487,84,0,0
BRDA:487,84,1,0
BRDA:487,85,0,0
BRDA:487,85,1,0
BRDA:499,86,0,0
BRDA:499,86,1,0
BRDA:502,87,0,0
BRDA:502,87,1,0
BRDA:517,88,0,0
BRDA:517,89,0,0
BRDA:521,90,0,0
BRDA:521,90,1,0
BRDA:521,91,0,0
BRDA:521,91,1,0
BRDA:523,92,0,0
BRDA:523,92,1,0
BRDA:531,93,0,0
BRDA:531,93,1,0
BRDA:531,94,0,0
BRDA:531,94,1,0
BRDA:536,95,0,0
BRDA:536,95,1,0
BRDA:538,96,0,0
BRDA:538,96,1,0
BRDA:547,97,0,0
BRDA:547,97,1,0
BRDA:567,98,0,0
BRDA:569,99,0,0
BRDA:569,99,1,0
BRDA:581,100,0,0
BRDA:581,100,1,0
BRDA:581,101,0,0
BRDA:581,101,1,0
BRDA:583,102,0,0
BRDA:583,102,1,0
BRDA:586,103,0,0
BRDA:586,103,1,0
BRDA:587,104,0,0
BRDA:587,104,1,0
BRDA:587,105,0,0
BRDA:587,105,1,0
BRDA:592,106,0,0
BRDA:592,106,1,0
BRDA:597,107,0,0
BRDA:597,107,1,0
BRDA:597,108,0,0
BRDA:597,108,1,0
BRDA:602,109,0,0
BRDA:602,109,1,0
BRDA:607,110,0,0
BRDA:607,110,1,0
BRDA:609,111,0,0
BRDA:609,111,1,0
BRDA:612,112,0,0
BRDA:612,112,1,0
BRDA:623,113,0,0
BRDA:623,113,1,0
BRDA:628,114,0,0
BRDA:628,114,1,0
BRDA:635,115,0,0
BRDA:635,115,1,0
BRDA:641,116,0,0
BRDA:649,117,0,0
BRDA:649,117,1,0
BRDA:650,118,0,0
BRDA:650,118,1,0
BRDA:650,119,0,0
BRDA:650,119,1,0
BRDA:655,120,0,0
BRDA:655,120,1,0
BRDA:667,121,0,0
BRDA:667,121,1,0
BRDA:682,122,0,0
BRDA:688,123,0,0
BRDA:688,123,1,0
BRDA:693,124,0,0
BRDA:693,124,1,0
BRDA:695,125,0,0
BRDA:695,125,1,0
BRDA:707,126,0,0
BRDA:707,126,1,0
BRDA:722,127,0,0
BRDA:727,128,0,0
BRDA:727,128,1,0
BRDA:727,129,0,0
BRDA:727,129,1,0
BRDA:727,129,2,0
BRDA:743,130,0,0
BRDA:743,130,1,0
BRDA:743,131,0,0
BRDA:743,131,1,0
BRDA:757,132,0,0
BRDA:757,132,1,0
BRDA:758,133,0,0
BRDA:758,133,1,0
BRDA:773,134,0,0
BRDA:775,135,0,0
BRDA:775,135,1,0
BRDA:800,136,0,0
BRDA:800,136,1,0
BRDA:806,137,0,0
BRDA:806,137,1,0
BRDA:811,138,0,0
BRDA:811,138,1,0
BRDA:813,139,0,0
BRDA:813,139,1,0
BRDA:816,140,0,0
BRDA:816,140,1,0
BRDA:827,141,0,0
BRDA:827,141,1,0
BRDA:832,142,0,0
BRDA:832,142,1,0
BRDA:839,143,0,0
BRDA:839,143,1,0
BRDA:848,144,0,0
BRDA:848,144,1,0
BRDA:854,145,0,0
BRDA:864,146,0,0
BRDA:864,146,1,0
BRDA:864,147,0,0
BRDA:864,147,1,0
BRDA:876,148,0,0
BRDA:876,148,1,0
BRDA:890,149,0,0
BRDA:890,149,1,0
BRDA:900,150,0,0
BRDA:900,150,1,0
BRDA:912,151,0,0
BRDA:912,151,1,0
BRDA:913,152,0,0
BRDA:913,152,1,0
BRDA:917,153,0,0
BRDA:917,153,1,0
BRDA:923,154,0,0
BRDA:934,155,0,0
BRDA:934,155,1,0
BRDA:934,156,0,0
BRDA:934,156,1,0
BRDA:939,157,0,0
BRDA:939,157,1,0
BRDA:939,158,0,0
BRDA:939,158,1,0
BRDA:951,159,0,0
BRDA:951,159,1,0
BRDA:965,160,0,0
BRDA:965,160,1,0
BRDA:974,161,0,0
BRDA:974,161,1,0
BRDA:981,162,0,0
BRDA:981,162,1,0
BRDA:989,163,0,0
BRDA:989,163,1,0
BRDA:999,164,0,0
BRDA:999,164,1,0
BRDA:1012,165,0,0
BRDA:1012,166,0,0
BRDA:1014,167,0,0
BRDA:1014,167,1,0
BRDA:1020,168,0,0
BRDA:1020,168,1,0
BRDA:1025,169,0,0
BRDA:1025,169,1,0
BRDA:1025,170,0,0
BRDA:1025,170,1,0
BRDA:1027,171,0,0
BRDA:1027,171,1,0
BRDA:1028,172,0,0
BRDA:1028,172,1,0
BRDA:1033,173,0,0
BRDA:1033,173,1,0
BRDA:1035,174,0,0
BRDA:1035,174,1,0
BRDA:1044,175,0,0
BRDA:1044,175,1,0
BRDA:1065,176,0,0
BRDA:1065,176,1,0
BRDA:1065,177,0,0
BRDA:1065,177,1,0
BRDA:1068,178,0,0
BRDA:1068,178,1,0
BRDA:1069,179,0,0
BRDA:1069,179,1,0
BRDA:1073,180,0,0
BRDA:1073,180,1,0
BRDA:1088,181,0,0
BRDA:1088,181,1,0
BRDA:1095,182,0,0
BRDA:1095,182,1,0
BRDA:1100,183,0,0
BRDA:1100,183,1,0
BRDA:1106,184,0,0
BRDA:1106,184,1,0
BRDA:1108,185,0,0
BRDA:1108,185,1,0
BRDA:1115,186,0,0
BRDA:1115,186,1,0
BRDA:1122,187,0,0
BRDA:1122,187,1,0
BRDA:1126,188,0,0
BRDA:1126,188,1,0
BRDA:1133,189,0,0
BRDA:1134,190,0,0
BRDA:1134,190,1,0
BRDA:1135,191,0,0
BRDA:1135,191,1,0
BRDA:1138,192,0,0
BRDA:1138,192,1,0
BRDA:1148,193,0,0
BRDA:1148,193,1,0
BRDA:1152,194,0,0
BRDA:1153,195,0,0
BRDA:1153,195,1,0
BRDA:1158,196,0,0
BRDA:1158,196,1,0
BRDA:1175,197,0,0
BRDA:1175,197,1,0
BRDA:1186,198,0,0
BRDA:1186,198,1,0
BRDA:1189,199,0,0
BRDA:1193,200,0,0
BRDA:1193,200,1,0
BRDA:1193,201,0,0
BRDA:1193,201,1,0
BRDA:1199,202,0,0
BRDA:1199,202,1,0
BRDA:1199,203,0,0
BRDA:1199,203,1,0
BRDA:1211,204,0,0
BRDA:1213,205,0,0
BRDA:1213,205,1,0
BRDA:1222,206,0,0
BRDA:1222,206,1,0
BRDA:1227,207,0,0
BRDA:1227,207,1,0
BRDA:1232,208,0,0
BRDA:1232,208,1,0
BRDA:1234,209,0,0
BRDA:1234,209,1,0
BRDA:1237,210,0,0
BRDA:1237,210,1,0
BRDA:1242,211,0,0
BRDA:1242,211,1,0
BRDA:1253,212,0,0
BRDA:1253,212,1,0
BRDA:1258,213,0,0
BRDA:1258,213,1,0
BRDA:1265,214,0,0
BRDA:1265,214,1,0
BRF:410
BRH:0
end_of_record
TN:
SF:services\inmetStationsService.js
FN:7,normalizeUF
FN:12,safeNum
FN:18,fetchJson
FN:20,(anonymous_3)
FN:36,(anonymous_4)
FN:45,mapResults
FN:47,(anonymous_6)
FN:68,(anonymous_7)
FN:78,suggestStations
FNF:9
FNH:0
FNDA:0,normalizeUF
FNDA:0,safeNum
FNDA:0,fetchJson
FNDA:0,(anonymous_3)
FNDA:0,(anonymous_4)
FNDA:0,mapResults
FNDA:0,(anonymous_6)
FNDA:0,(anonymous_7)
FNDA:0,suggestStations
DA:5,0
DA:8,0
DA:9,0
DA:13,0
DA:14,0
DA:15,0
DA:19,0
DA:20,0
DA:21,0
DA:22,0
DA:26,0
DA:27,0
DA:36,0
DA:37,0
DA:39,0
DA:41,0
DA:46,0
DA:48,0
DA:49,0
DA:51,0
DA:68,0
DA:79,0
DA:80,0
DA:82,0
DA:84,0
DA:87,0
DA:88,0
DA:89,0
DA:91,0
DA:92,0
DA:96,0
DA:97,0
DA:98,0
DA:100,0
DA:102,0
DA:105,0
DA:108,0
LF:37
LH:0
BRDA:8,0,0,0
BRDA:8,0,1,0
BRDA:9,1,0,0
BRDA:9,1,1,0
BRDA:13,2,0,0
BRDA:13,2,1,0
BRDA:13,3,0,0
BRDA:13,3,1,0
BRDA:13,3,2,0
BRDA:15,4,0,0
BRDA:15,4,1,0
BRDA:18,5,0,0
BRDA:39,6,0,0
BRDA:39,6,1,0
BRDA:46,7,0,0
BRDA:46,7,1,0
BRDA:53,8,0,0
BRDA:53,8,1,0
BRDA:55,9,0,0
BRDA:55,9,1,0
BRDA:61,10,0,0
BRDA:61,10,1,0
BRDA:62,11,0,0
BRDA:62,11,1,0
BRDA:63,12,0,0
BRDA:63,12,1,0
BRDA:64,13,0,0
BRDA:64,13,1,0
BRDA:65,14,0,0
BRDA:65,14,1,0
BRDA:68,15,0,0
BRDA:68,15,1,0
BRDA:68,15,2,0
BRDA:68,15,3,0
BRDA:78,16,0,0
BRDA:78,17,0,0
BRDA:80,18,0,0
BRDA:80,18,1,0
BRDA:82,19,0,0
BRDA:82,19,1,0
BRDA:82,20,0,0
BRDA:82,20,1,0
BRDA:84,21,0,0
BRDA:84,21,1,0
BRDA:91,22,0,0
BRDA:91,22,1,0
BRDA:91,23,0,0
BRDA:91,23,1,0
BRDA:100,24,0,0
BRDA:100,24,1,0
BRDA:100,25,0,0
BRDA:100,25,1,0
BRF:52
BRH:0
end_of_record
TN:
SF:services\mailService.js
FN:20,sendResetPasswordEmail
FN:39,sendTransactionalEmail
FNF:2
FNH:0
FNDA:0,sendResetPasswordEmail
FNDA:0,sendTransactionalEmail
DA:2,0
DA:3,0
DA:9,0
DA:21,0
DA:23,0
DA:40,0
DA:48,0
LF:7
LH:0
BRF:0
BRH:0
end_of_record
TN:
SF:services\mediaService.js
FN:15,(anonymous_0)
FN:21,(anonymous_1)
FN:29,(anonymous_2)
FN:31,(anonymous_3)
FN:37,(anonymous_4)
FN:41,(anonymous_5)
FN:42,(anonymous_6)
FN:45,(anonymous_7)
FN:53,(anonymous_8)
FN:61,(anonymous_9)
FN:71,(anonymous_10)
FN:78,(anonymous_11)
FN:95,(anonymous_12)
FN:96,(anonymous_13)
FN:101,(anonymous_14)
FN:102,(anonymous_15)
FN:106,(anonymous_16)
FN:119,(anonymous_17)
FN:140,(anonymous_18)
FN:165,(anonymous_19)
FN:170,(anonymous_20)
FN:176,(anonymous_21)
FN:192,(anonymous_22)
FN:194,(anonymous_23)
FN:198,(anonymous_24)
FN:199,(anonymous_25)
FN:229,(anonymous_26)
FN:244,(anonymous_27)
FN:270,(anonymous_28)
FN:280,(anonymous_29)
FN:295,(anonymous_30)
FN:300,(anonymous_31)
FN:302,(anonymous_32)
FN:306,(anonymous_33)
FN:307,(anonymous_34)
FN:327,(anonymous_35)
FN:337,(anonymous_36)
FN:353,(anonymous_37)
FN:366,(anonymous_38)
FN:395,(anonymous_39)
FN:402,persistMedia
FN:409,removeMedia
FN:422,processCleanupQueue
FN:440,enqueueOrphanCleanup
FN:446,(anonymous_44)
FN:448,(anonymous_45)
FN:449,(anonymous_46)
FN:460,(anonymous_47)
FNF:48
FNH:0
FNDA:0,(anonymous_0)
FNDA:0,(anonymous_1)
FNDA:0,(anonymous_2)
FNDA:0,(anonymous_3)
FNDA:0,(anonymous_4)
FNDA:0,(anonymous_5)
FNDA:0,(anonymous_6)
FNDA:0,(anonymous_7)
FNDA:0,(anonymous_8)
FNDA:0,(anonymous_9)
FNDA:0,(anonymous_10)
FNDA:0,(anonymous_11)
FNDA:0,(anonymous_12)
FNDA:0,(anonymous_13)
FNDA:0,(anonymous_14)
FNDA:0,(anonymous_15)
FNDA:0,(anonymous_16)
FNDA:0,(anonymous_17)
FNDA:0,(anonymous_18)
FNDA:0,(anonymous_19)
FNDA:0,(anonymous_20)
FNDA:0,(anonymous_21)
FNDA:0,(anonymous_22)
FNDA:0,(anonymous_23)
FNDA:0,(anonymous_24)
FNDA:0,(anonymous_25)
FNDA:0,(anonymous_26)
FNDA:0,(anonymous_27)
FNDA:0,(anonymous_28)
FNDA:0,(anonymous_29)
FNDA:0,(anonymous_30)
FNDA:0,(anonymous_31)
FNDA:0,(anonymous_32)
FNDA:0,(anonymous_33)
FNDA:0,(anonymous_34)
FNDA:0,(anonymous_35)
FNDA:0,(anonymous_36)
FNDA:0,(anonymous_37)
FNDA:0,(anonymous_38)
FNDA:0,(anonymous_39)
FNDA:0,persistMedia
FNDA:0,removeMedia
FNDA:0,processCleanupQueue
FNDA:0,enqueueOrphanCleanup
FNDA:0,(anonymous_44)
FNDA:0,(anonymous_45)
FNDA:0,(anonymous_46)
FNDA:0,(anonymous_47)
DA:1,0
DA:2,0
DA:3,0
DA:4,0
DA:5,0
DA:7,0
DA:8,0
DA:9,0
DA:10,0
DA:12,0
DA:13,0
DA:15,0
DA:16,0
DA:17,0
DA:21,0
DA:22,0
DA:23,0
DA:25,0
DA:29,0
DA:31,0
DA:32,0
DA:33,0
DA:34,0
DA:37,0
DA:38,0
DA:39,0
DA:41,0
DA:42,0
DA:45,0
DA:46,0
DA:50,0
DA:52,0
DA:54,0
DA:55,0
DA:56,0
DA:58,0
DA:62,0
DA:63,0
DA:64,0
DA:66,0
DA:71,0
DA:72,0
DA:75,0
DA:78,0
DA:79,0
DA:80,0
DA:81,0
DA:84,0
DA:87,0
DA:88,0
DA:91,0
DA:96,0
DA:102,0
DA:107,0
DA:108,0
DA:109,0
DA:110,0
DA:112,0
DA:119,0
DA:123,0
DA:124,0
DA:126,0
DA:127,0
DA:130,0
DA:131,0
DA:132,0
DA:133,0
DA:134,0
DA:137,0
DA:138,0
DA:140,0
DA:141,0
DA:142,0
DA:143,0
DA:145,0
DA:146,0
DA:148,0
DA:151,0
DA:163,0
DA:165,0
DA:166,0
DA:167,0
DA:170,0
DA:171,0
DA:172,0
DA:173,0
DA:176,0
DA:177,0
DA:178,0
DA:179,0
DA:180,0
DA:182,0
DA:183,0
DA:185,0
DA:188,0
DA:193,0
DA:194,0
DA:198,0
DA:200,0
DA:201,0
DA:202,0
DA:203,0
DA:204,0
DA:205,0
DA:213,0
DA:216,0
DA:217,0
DA:218,0
DA:219,0
DA:222,0
DA:225,0
DA:227,0
DA:230,0
DA:231,0
DA:232,0
DA:233,0
DA:235,0
DA:236,0
DA:237,0
DA:244,0
DA:246,0
DA:247,0
DA:249,0
DA:250,0
DA:254,0
DA:258,0
DA:259,0
DA:260,0
DA:263,0
DA:268,0
DA:270,0
DA:271,0
DA:272,0
DA:273,0
DA:275,0
DA:278,0
DA:280,0
DA:281,0
DA:282,0
DA:283,0
DA:284,0
DA:286,0
DA:287,0
DA:289,0
DA:292,0
DA:296,0
DA:297,0
DA:298,0
DA:301,0
DA:302,0
DA:306,0
DA:308,0
DA:309,0
DA:310,0
DA:311,0
DA:312,0
DA:315,0
DA:316,0
DA:321,0
DA:324,0
DA:325,0
DA:326,0
DA:327,0
DA:330,0
DA:333,0
DA:335,0
DA:338,0
DA:339,0
DA:340,0
DA:341,0
DA:343,0
DA:344,0
DA:351,0
DA:353,0
DA:354,0
DA:355,0
DA:357,0
DA:358,0
DA:360,0
DA:366,0
DA:367,0
DA:368,0
DA:369,0
DA:372,0
DA:373,0
DA:374,0
DA:378,0
DA:379,0
DA:380,0
DA:384,0
DA:385,0
DA:387,0
DA:390,0
DA:395,0
DA:396,0
DA:397,0
DA:399,0
DA:403,0
DA:404,0
DA:406,0
DA:410,0
DA:411,0
DA:412,0
DA:414,0
DA:415,0
DA:417,0
DA:418,0
DA:423,0
DA:424,0
DA:426,0
DA:427,0
DA:428,0
DA:429,0
DA:431,0
DA:433,0
DA:437,0
DA:441,0
DA:442,0
DA:443,0
DA:446,0
DA:447,0
DA:448,0
DA:449,0
DA:454,0
DA:461,0
LF:225
LH:0
BRDA:7,0,0,0
BRDA:7,0,1,0
BRDA:7,0,2,0
BRDA:8,1,0,0
BRDA:8,1,1,0
BRDA:9,2,0,0
BRDA:9,2,1,0
BRDA:10,3,0,0
BRDA:10,3,1,0
BRDA:16,4,0,0
BRDA:16,4,1,0
BRDA:29,5,0,0
BRDA:31,6,0,0
BRDA:31,7,0,0
BRDA:32,8,0,0
BRDA:32,8,1,0
BRDA:33,9,0,0
BRDA:33,9,1,0
BRDA:37,10,0,0
BRDA:38,11,0,0
BRDA:38,11,1,0
BRDA:41,12,0,0
BRDA:41,12,1,0
BRDA:42,13,0,0
BRDA:42,13,1,0
BRDA:46,14,0,0
BRDA:46,14,1,0
BRDA:71,15,0,0
BRDA:72,16,0,0
BRDA:72,16,1,0
BRDA:78,17,0,0
BRDA:79,18,0,0
BRDA:79,18,1,0
BRDA:81,19,0,0
BRDA:81,19,1,0
BRDA:84,20,0,0
BRDA:84,20,1,0
BRDA:95,21,0,0
BRDA:98,22,0,0
BRDA:98,22,1,0
BRDA:101,23,0,0
BRDA:106,24,0,0
BRDA:108,25,0,0
BRDA:108,25,1,0
BRDA:112,26,0,0
BRDA:112,26,1,0
BRDA:130,27,0,0
BRDA:130,27,1,0
BRDA:131,28,0,0
BRDA:131,28,1,0
BRDA:131,28,2,0
BRDA:132,29,0,0
BRDA:132,29,1,0
BRDA:137,30,0,0
BRDA:137,30,1,0
BRDA:138,31,0,0
BRDA:138,31,1,0
BRDA:141,32,0,0
BRDA:141,32,1,0
BRDA:142,33,0,0
BRDA:142,33,1,0
BRDA:143,34,0,0
BRDA:143,34,1,0
BRDA:145,35,0,0
BRDA:145,35,1,0
BRDA:155,36,0,0
BRDA:155,36,1,0
BRDA:165,37,0,0
BRDA:170,38,0,0
BRDA:171,39,0,0
BRDA:171,39,1,0
BRDA:172,40,0,0
BRDA:172,40,1,0
BRDA:176,41,0,0
BRDA:177,42,0,0
BRDA:177,42,1,0
BRDA:178,43,0,0
BRDA:178,43,1,0
BRDA:180,44,0,0
BRDA:180,44,1,0
BRDA:182,45,0,0
BRDA:182,45,1,0
BRDA:192,46,0,0
BRDA:196,47,0,0
BRDA:196,47,1,0
BRDA:199,48,0,0
BRDA:199,49,0,0
BRDA:200,50,0,0
BRDA:200,50,1,0
BRDA:204,51,0,0
BRDA:204,51,1,0
BRDA:216,52,0,0
BRDA:216,52,1,0
BRDA:229,53,0,0
BRDA:231,54,0,0
BRDA:231,54,1,0
BRDA:235,55,0,0
BRDA:235,55,1,0
BRDA:236,56,0,0
BRDA:236,56,1,0
BRDA:254,57,0,0
BRDA:254,57,1,0
BRDA:254,57,2,0
BRDA:258,58,0,0
BRDA:258,58,1,0
BRDA:264,59,0,0
BRDA:264,59,1,0
BRDA:271,60,0,0
BRDA:271,60,1,0
BRDA:272,61,0,0
BRDA:272,61,1,0
BRDA:273,62,0,0
BRDA:273,62,1,0
BRDA:280,63,0,0
BRDA:281,64,0,0
BRDA:281,64,1,0
BRDA:282,65,0,0
BRDA:282,65,1,0
BRDA:284,66,0,0
BRDA:284,66,1,0
BRDA:286,67,0,0
BRDA:286,67,1,0
BRDA:295,68,0,0
BRDA:296,69,0,0
BRDA:296,69,1,0
BRDA:297,70,0,0
BRDA:297,70,1,0
BRDA:300,71,0,0
BRDA:304,72,0,0
BRDA:304,72,1,0
BRDA:307,73,0,0
BRDA:307,74,0,0
BRDA:308,75,0,0
BRDA:308,75,1,0
BRDA:312,76,0,0
BRDA:312,76,1,0
BRDA:324,77,0,0
BRDA:324,77,1,0
BRDA:337,78,0,0
BRDA:339,79,0,0
BRDA:339,79,1,0
BRDA:343,80,0,0
BRDA:343,80,1,0
BRDA:354,81,0,0
BRDA:354,81,1,0
BRDA:357,82,0,0
BRDA:357,82,1,0
BRDA:367,83,0,0
BRDA:367,83,1,0
BRDA:372,84,0,0
BRDA:372,84,1,0
BRDA:373,85,0,0
BRDA:373,85,1,0
BRDA:378,86,0,0
BRDA:378,86,1,0
BRDA:379,87,0,0
BRDA:379,87,1,0
BRDA:379,88,0,0
BRDA:379,88,1,0
BRDA:384,89,0,0
BRDA:384,89,1,0
BRDA:396,90,0,0
BRDA:396,90,1,0
BRDA:402,91,0,0
BRDA:402,92,0,0
BRDA:403,93,0,0
BRDA:403,93,1,0
BRDA:403,94,0,0
BRDA:403,94,1,0
BRDA:409,95,0,0
BRDA:411,96,0,0
BRDA:411,96,1,0
BRDA:411,97,0,0
BRDA:411,97,1,0
BRDA:423,98,0,0
BRDA:423,98,1,0
BRDA:440,99,0,0
BRDA:442,100,0,0
BRDA:442,100,1,0
BRDA:461,101,0,0
BRDA:461,101,1,0
BRF:181
BRH:0
end_of_record
TN:
SF:services\notificationService.js
FN:25,sendAbandonedCartWhatsApp
FN:54,sendAbandonedCartEmail
FNF:2
FNH:0
FNDA:0,sendAbandonedCartWhatsApp
FNDA:0,sendAbandonedCartEmail
DA:2,0
DA:16,0
DA:26,0
DA:27,0
DA:32,0
DA:36,0
DA:55,0
DA:56,0
DA:61,0
DA:65,0
DA:73,0
LF:11
LH:0
BRDA:26,0,0,0
BRDA:26,0,1,0
BRDA:55,1,0,0
BRDA:55,1,1,0
BRF:4
BRH:0
end_of_record
TN:
SF:services\passwordResetTokenService.js
FN:7,hashToken
FN:11,ensureTable
FN:29,generateToken
FN:33,revokeAllForUser
FN:41,storeToken
FN:51,findValidToken
FN:61,revokeToken
FN:69,purgeExpired
FNF:8
FNH:0
FNDA:0,hashToken
FNDA:0,ensureTable
FNDA:0,generateToken
FNDA:0,revokeAllForUser
FNDA:0,storeToken
FNDA:0,findValidToken
FNDA:0,revokeToken
FNDA:0,purgeExpired
DA:1,0
DA:2,0
DA:4,0
DA:8,0
DA:12,0
DA:13,0
DA:26,0
DA:30,0
DA:34,0
DA:35,0
DA:42,0
DA:43,0
DA:44,0
DA:48,0
DA:52,0
DA:53,0
DA:54,0
DA:58,0
DA:62,0
DA:63,0
DA:70,0
DA:71,0
DA:74,0
LF:23
LH:0
BRDA:12,0,0,0
BRDA:12,0,1,0
BRDA:58,1,0,0
BRDA:58,1,1,0
BRF:4
BRH:0
end_of_record
TN:
SF:services\shippingQuoteService.js
FN:10,parseCep
FN:18,normalizeItems
FN:34,(anonymous_2)
FN:40,(anonymous_3)
FN:57,lookupCep
FN:60,(anonymous_5)
FN:85,normCity
FN:99,qualifiesProductFree
FN:122,toPrazo
FN:133,mergePrazo
FN:160,getQuote
FN:184,(anonymous_11)
FN:199,(anonymous_12)
FN:200,(anonymous_13)
FN:295,(anonymous_14)
FNF:15
FNH:14
FNDA:16,parseCep
FNDA:19,normalizeItems
FNDA:20,(anonymous_2)
FNDA:20,(anonymous_3)
FNDA:9,lookupCep
FNDA:0,(anonymous_5)
FNDA:5,normCity
FNDA:11,qualifiesProductFree
FNDA:29,toPrazo
FNDA:6,mergePrazo
FNDA:13,getQuote
FNDA:13,(anonymous_11)
FNDA:12,(anonymous_12)
FNDA:13,(anonymous_13)
FNDA:1,(anonymous_14)
DA:2,16
DA:3,16
DA:4,16
DA:11,16
DA:19,19
DA:22,19
DA:23,2
DA:24,2
DA:25,1
DA:27,1
DA:31,17
DA:33,16
DA:35,20
DA:36,20
DA:37,20
DA:41,20
DA:47,16
DA:58,9
DA:59,9
DA:60,9
DA:62,9
DA:63,9
DA:64,9
DA:69,8
DA:71,8
DA:72,8
DA:74,7
DA:79,1
DA:81,9
DA:86,5
DA:100,11
DA:103,2
DA:108,2
DA:109,1
DA:112,1
DA:113,1
DA:116,0
DA:123,29
DA:124,20
DA:125,20
DA:134,6
DA:135,6
DA:137,6
DA:138,6
DA:139,6
DA:140,3
DA:161,13
DA:162,13
DA:164,13
DA:165,1
DA:172,12
DA:173,2
DA:184,13
DA:190,10
DA:199,12
DA:200,13
DA:202,10
DA:203,1
DA:211,9
DA:212,9
DA:215,9
DA:217,9
DA:218,11
DA:219,11
DA:221,11
DA:223,11
DA:224,2
DA:225,2
DA:228,11
DA:229,11
DA:230,5
DA:237,9
DA:238,9
DA:239,2
DA:248,7
DA:253,7
DA:263,7
DA:264,5
DA:267,5
DA:268,5
DA:270,4
DA:275,4
DA:276,4
DA:289,4
DA:294,5
DA:295,1
DA:296,1
DA:297,1
DA:317,7
DA:318,2
DA:330,2
DA:331,1
DA:334,1
DA:335,1
DA:349,6
DA:354,6
DA:355,2
DA:366,4
DA:377,16
LF:99
LH:98
BRDA:11,0,0,16
BRDA:11,0,1,2
BRDA:19,1,0,0
BRDA:19,1,1,19
BRDA:22,2,0,2
BRDA:22,2,1,17
BRDA:31,3,0,1
BRDA:31,3,1,16
BRDA:35,4,0,20
BRDA:35,4,1,2
BRDA:35,4,2,1
BRDA:36,5,0,20
BRDA:36,5,1,2
BRDA:36,5,2,0
BRDA:41,6,0,20
BRDA:41,6,1,20
BRDA:41,6,2,19
BRDA:41,6,3,19
BRDA:47,7,0,13
BRDA:47,7,1,3
BRDA:69,8,0,0
BRDA:69,8,1,8
BRDA:72,9,0,1
BRDA:72,9,1,7
BRDA:72,10,0,8
BRDA:72,10,1,8
BRDA:75,11,0,7
BRDA:75,11,1,0
BRDA:76,12,0,7
BRDA:76,12,1,0
BRDA:86,13,0,5
BRDA:86,13,1,0
BRDA:100,14,0,9
BRDA:100,14,1,2
BRDA:103,15,0,1
BRDA:103,15,1,1
BRDA:103,16,0,2
BRDA:103,16,1,1
BRDA:108,17,0,1
BRDA:108,17,1,1
BRDA:108,18,0,2
BRDA:108,18,1,1
BRDA:108,18,2,1
BRDA:112,19,0,1
BRDA:112,19,1,0
BRDA:123,20,0,9
BRDA:123,20,1,20
BRDA:123,21,0,29
BRDA:123,21,1,20
BRDA:125,22,0,20
BRDA:125,22,1,0
BRDA:137,23,0,0
BRDA:137,23,1,6
BRDA:137,24,0,6
BRDA:137,24,1,0
BRDA:138,25,0,0
BRDA:138,25,1,6
BRDA:139,26,0,3
BRDA:139,26,1,3
BRDA:164,27,0,1
BRDA:164,27,1,12
BRDA:164,28,0,13
BRDA:164,28,1,13
BRDA:172,29,0,2
BRDA:172,29,1,10
BRDA:172,30,0,12
BRDA:172,30,1,10
BRDA:199,31,0,10
BRDA:199,31,1,0
BRDA:202,32,0,1
BRDA:202,32,1,9
BRDA:223,33,0,2
BRDA:223,33,1,9
BRDA:229,34,0,5
BRDA:229,34,1,6
BRDA:230,35,0,3
BRDA:230,35,1,2
BRDA:238,36,0,2
BRDA:238,36,1,7
BRDA:238,37,0,9
BRDA:238,37,1,7
BRDA:263,38,0,5
BRDA:263,38,1,2
BRDA:263,39,0,7
BRDA:263,39,1,7
BRDA:268,40,0,1
BRDA:268,40,1,4
BRDA:275,41,0,4
BRDA:275,41,1,0
BRDA:275,42,0,4
BRDA:275,42,1,4
BRDA:279,43,0,1
BRDA:279,43,1,3
BRDA:279,44,0,3
BRDA:279,44,1,0
BRDA:294,45,0,1
BRDA:294,45,1,4
BRDA:296,46,0,1
BRDA:296,46,1,0
BRDA:300,47,0,0
BRDA:300,47,1,1
BRDA:300,48,0,1
BRDA:300,48,1,0
BRDA:317,49,0,2
BRDA:317,49,1,5
BRDA:330,50,0,1
BRDA:330,50,1,1
BRDA:330,51,0,2
BRDA:330,51,1,2
BRDA:338,52,0,1
BRDA:338,52,1,0
BRDA:340,53,0,1
BRDA:340,53,1,0
BRDA:354,54,0,2
BRDA:354,54,1,4
BRDA:371,55,0,3
BRDA:371,55,1,1
BRF:117
BRH:98
end_of_record
