TN:
SF:controllers\paymentController.js
FN:35,(anonymous_0)
FN:52,(anonymous_1)
FN:69,(anonymous_2)
FN:82,(anonymous_3)
FN:96,(anonymous_4)
FN:118,(anonymous_5)
FN:157,(anonymous_6)
FNF:7
FNH:7
FNDA:2,(anonymous_0)
FNDA:1,(anonymous_1)
FNDA:2,(anonymous_2)
FNDA:1,(anonymous_3)
FNDA:1,(anonymous_4)
FNDA:2,(anonymous_5)
FNDA:4,(anonymous_6)
DA:26,16
DA:27,16
DA:28,16
DA:29,16
DA:35,16
DA:36,2
DA:37,2
DA:38,1
DA:40,1
DA:52,16
DA:53,1
DA:54,1
DA:55,1
DA:57,0
DA:69,16
DA:70,2
DA:71,2
DA:72,1
DA:74,1
DA:82,16
DA:83,1
DA:84,1
DA:85,1
DA:86,1
DA:88,0
DA:96,16
DA:97,1
DA:98,1
DA:99,1
DA:100,1
DA:102,0
DA:118,16
DA:119,2
DA:120,2
DA:122,2
DA:123,1
DA:126,1
DA:127,1
DA:128,1
DA:130,0
DA:131,0
DA:132,0
DA:133,0
DA:141,0
DA:157,16
DA:158,4
DA:160,4
DA:161,4
DA:162,4
DA:163,4
DA:165,4
DA:166,1
DA:167,1
DA:170,3
DA:178,2
DA:182,1
DA:183,1
DA:184,1
DA:188,16
LF:59
LH:51
BRDA:41,0,0,0
BRDA:41,0,1,1
BRDA:58,1,0,0
BRDA:58,1,1,0
BRDA:71,2,0,2
BRDA:71,2,1,0
BRDA:75,3,0,1
BRDA:75,3,1,0
BRDA:85,4,0,1
BRDA:85,4,1,0
BRDA:89,5,0,0
BRDA:89,5,1,0
BRDA:103,6,0,0
BRDA:103,6,1,0
BRDA:119,7,0,2
BRDA:119,7,1,0
BRDA:122,8,0,1
BRDA:122,8,1,1
BRDA:122,9,0,2
BRDA:122,9,1,1
BRDA:130,10,0,0
BRDA:130,10,1,0
BRDA:132,11,0,0
BRDA:132,11,1,0
BRDA:132,12,0,0
BRDA:132,12,1,0
BRDA:132,12,2,0
BRDA:137,13,0,0
BRDA:137,13,1,0
BRDA:142,14,0,0
BRDA:142,14,1,0
BRDA:161,15,0,4
BRDA:161,15,1,0
BRDA:162,16,0,4
BRDA:162,16,1,0
BRDA:163,17,0,4
BRDA:163,17,1,1
BRDA:165,18,0,1
BRDA:165,18,1,3
BRDA:180,19,0,1
BRDA:180,19,1,1
BRDA:183,20,0,0
BRDA:183,20,1,1
BRF:43
BRH:18
end_of_record
TN:
SF:middleware\validateMPSignature.js
FN:17,validateMPSignature
FN:22,(anonymous_1)
FN:39,(anonymous_2)
FN:40,(anonymous_3)
FNF:4
FNH:4
FNDA:8,validateMPSignature
FNDA:6,(anonymous_1)
FNDA:9,(anonymous_2)
FNDA:9,(anonymous_3)
DA:4,11
DA:18,8
DA:19,8
DA:20,8
DA:22,8
DA:24,8
DA:25,1
DA:26,1
DA:29,7
DA:30,2
DA:33,2
DA:37,5
DA:39,9
DA:41,9
DA:42,9
DA:45,5
DA:46,5
DA:48,5
DA:49,1
DA:50,1
DA:54,4
DA:55,4
DA:57,4
DA:63,4
DA:64,4
DA:66,4
DA:67,2
DA:68,2
DA:72,2
DA:73,2
DA:76,11
LF:31
LH:31
BRDA:19,0,0,8
BRDA:19,0,1,6
BRDA:24,1,0,1
BRDA:24,1,1,7
BRDA:29,2,0,2
BRDA:29,2,1,5
BRDA:41,3,0,8
BRDA:41,3,1,1
BRDA:41,4,0,9
BRDA:41,4,1,9
BRDA:48,5,0,1
BRDA:48,5,1,4
BRDA:48,6,0,5
BRDA:48,6,1,4
BRDA:54,7,0,4
BRDA:54,7,1,0
BRDA:66,8,0,2
BRDA:66,8,1,2
BRDA:66,9,0,4
BRDA:66,9,1,4
BRF:20
BRH:19
end_of_record
TN:
SF:middleware\verifyAdmin.js
FN:15,verifyAdmin
FNF:1
FNH:1
FNDA:15,verifyAdmin
DA:2,12
DA:3,12
DA:4,12
DA:5,12
DA:7,12
DA:16,15
DA:17,1
DA:18,1
DA:27,14
DA:30,14
DA:31,12
DA:34,14
DA:35,2
DA:45,12
DA:46,12
DA:48,1
DA:49,1
DA:58,11
DA:59,11
DA:61,10
DA:62,1
DA:71,9
DA:72,1
DA:84,8
DA:85,8
DA:86,8
DA:87,1
DA:98,7
DA:103,6
DA:112,6
DA:114,2
DA:115,2
DA:125,12
LF:33
LH:33
BRDA:16,0,0,1
BRDA:16,0,1,14
BRDA:30,1,0,12
BRDA:30,1,1,2
BRDA:34,2,0,2
BRDA:34,2,1,12
BRDA:61,3,0,1
BRDA:61,3,1,9
BRDA:71,4,0,1
BRDA:71,4,1,8
BRDA:71,5,0,9
BRDA:71,5,1,9
BRDA:84,6,0,8
BRDA:84,6,1,1
BRDA:85,7,0,8
BRDA:85,7,1,1
BRDA:86,8,0,1
BRDA:86,8,1,7
BRDA:108,9,0,6
BRDA:108,9,1,1
BRDA:109,10,0,5
BRDA:109,10,1,1
BRF:22
BRH:22
end_of_record
TN:
SF:services\orderService.js
FN:31,listOrders
FN:44,getOrderById
FN:64,updatePaymentStatus
FN:106,updateDeliveryStatus
FN:142,(anonymous_4)
FNF:5
FNH:4
FNDA:1,listOrders
FNDA:2,getOrderById
FNDA:5,updatePaymentStatus
FNDA:9,updateDeliveryStatus
FNDA:0,(anonymous_4)
DA:3,20
DA:4,20
DA:5,20
DA:6,20
DA:7,20
DA:12,20
DA:13,20
DA:32,1
DA:33,1
DA:34,1
DA:45,2
DA:46,2
DA:48,1
DA:49,1
DA:65,5
DA:66,1
DA:73,4
DA:74,4
DA:76,3
DA:77,2
DA:78,2
DA:80,1
DA:87,3
DA:107,9
DA:108,1
DA:115,8
DA:116,5
DA:117,5
DA:118,5
DA:121,5
DA:123,4
DA:124,1
DA:125,1
DA:131,3
DA:135,1
DA:138,3
DA:140,3
DA:142,1
DA:143,1
DA:145,5
DA:148,3
DA:149,3
DA:152,6
DA:153,2
DA:154,2
DA:156,1
DA:163,6
DA:170,20
LF:48
LH:48
BRDA:46,0,0,1
BRDA:46,0,1,1
BRDA:65,1,0,1
BRDA:65,1,1,4
BRDA:74,2,0,1
BRDA:74,2,1,3
BRDA:76,3,0,2
BRDA:76,3,1,1
BRDA:107,4,0,1
BRDA:107,4,1,8
BRDA:115,5,0,5
BRDA:115,5,1,3
BRDA:123,6,0,1
BRDA:123,6,1,3
BRDA:131,7,0,1
BRDA:131,7,1,2
BRDA:132,8,0,3
BRDA:132,8,1,2
BRDA:149,9,0,0
BRDA:149,9,1,3
BRDA:152,10,0,2
BRDA:152,10,1,4
BRF:22
BRH:21
end_of_record
TN:
SF:services\paymentService.js
FN:18,normalizeFormaPagamento
FN:46,buildPreferenceBody
FN:119,startPayment
FN:188,listActiveMethods
FN:192,listAllMethods
FN:199,addMethod
FN:226,editMethod
FN:281,disableMethod
FNF:8
FNH:6
FNDA:51,normalizeFormaPagamento
FNDA:8,buildPreferenceBody
FNDA:7,startPayment
FNDA:0,listActiveMethods
FNDA:0,listAllMethods
FNDA:4,addMethod
FNDA:7,editMethod
FNDA:3,disableMethod
DA:4,71
DA:5,71
DA:6,71
DA:7,71
DA:8,71
DA:19,51
DA:20,51
DA:22,51
DA:23,19
DA:24,17
DA:25,14
DA:27,11
DA:28,10
DA:29,9
DA:31,9
DA:37,2
DA:40,7
DA:47,8
DA:48,8
DA:50,8
DA:68,8
DA:69,5
DA:76,3
DA:77,1
DA:84,2
DA:85,1
DA:93,8
DA:94,1
DA:97,8
DA:100,8
DA:101,2
DA:104,8
DA:120,7
DA:123,7
DA:124,1
DA:126,6
DA:127,1
DA:130,5
DA:131,5
DA:132,1
DA:139,4
DA:140,4
DA:142,4
DA:143,1
DA:149,3
DA:150,1
DA:157,2
DA:158,2
DA:159,1
DA:166,1
DA:167,1
DA:173,1
DA:175,1
DA:177,1
DA:189,0
DA:193,0
DA:200,4
DA:201,4
DA:203,4
DA:204,2
DA:207,2
DA:208,2
DA:216,1
DA:217,1
DA:219,0
DA:227,7
DA:228,1
DA:231,6
DA:232,6
DA:234,6
DA:235,2
DA:236,2
DA:237,1
DA:238,1
DA:240,5
DA:241,3
DA:242,3
DA:243,2
DA:244,2
DA:246,4
DA:247,1
DA:248,1
DA:250,4
DA:251,1
DA:252,1
DA:254,4
DA:255,1
DA:256,1
DA:259,4
DA:260,1
DA:263,3
DA:264,3
DA:265,1
DA:268,2
DA:269,2
DA:271,1
DA:272,1
DA:274,0
DA:282,3
DA:283,1
DA:286,2
DA:287,2
DA:288,1
DA:291,1
DA:294,71
LF:105
LH:101
BRDA:19,0,0,51
BRDA:19,0,1,4
BRDA:22,1,0,32
BRDA:22,1,1,19
BRDA:23,2,0,2
BRDA:23,2,1,17
BRDA:24,3,0,3
BRDA:24,3,1,14
BRDA:25,4,0,3
BRDA:25,4,1,11
BRDA:25,5,0,14
BRDA:25,5,1,12
BRDA:27,6,0,1
BRDA:27,6,1,10
BRDA:27,7,0,11
BRDA:27,7,1,10
BRDA:28,8,0,1
BRDA:28,8,1,9
BRDA:28,9,0,10
BRDA:28,9,1,9
BRDA:29,10,0,0
BRDA:29,10,1,9
BRDA:31,11,0,2
BRDA:31,11,1,7
BRDA:32,12,0,9
BRDA:32,12,1,9
BRDA:32,12,2,8
BRDA:32,12,3,7
BRDA:68,13,0,5
BRDA:68,13,1,3
BRDA:76,14,0,1
BRDA:76,14,1,2
BRDA:84,15,0,1
BRDA:84,15,1,1
BRDA:93,16,0,1
BRDA:93,16,1,7
BRDA:97,17,0,2
BRDA:97,17,1,6
BRDA:100,18,0,2
BRDA:100,18,1,6
BRDA:123,19,0,1
BRDA:123,19,1,6
BRDA:123,20,0,7
BRDA:123,20,1,6
BRDA:126,21,0,1
BRDA:126,21,1,5
BRDA:131,22,0,1
BRDA:131,22,1,4
BRDA:139,23,0,4
BRDA:139,23,1,1
BRDA:142,24,0,1
BRDA:142,24,1,3
BRDA:149,25,0,1
BRDA:149,25,1,2
BRDA:158,26,0,1
BRDA:158,26,1,1
BRDA:200,27,0,4
BRDA:200,27,1,1
BRDA:201,28,0,4
BRDA:201,28,1,1
BRDA:203,29,0,2
BRDA:203,29,1,2
BRDA:203,30,0,4
BRDA:203,30,1,3
BRDA:211,31,0,2
BRDA:211,31,1,2
BRDA:212,32,0,1
BRDA:212,32,1,1
BRDA:213,33,0,2
BRDA:213,33,1,2
BRDA:216,34,0,1
BRDA:216,34,1,0
BRDA:216,35,0,1
BRDA:216,35,1,1
BRDA:216,36,0,1
BRDA:216,36,1,0
BRDA:227,37,0,1
BRDA:227,37,1,6
BRDA:227,38,0,7
BRDA:227,38,1,7
BRDA:234,39,0,2
BRDA:234,39,1,4
BRDA:235,40,0,2
BRDA:235,40,1,1
BRDA:236,41,0,1
BRDA:236,41,1,1
BRDA:240,42,0,3
BRDA:240,42,1,2
BRDA:241,43,0,3
BRDA:241,43,1,0
BRDA:242,44,0,1
BRDA:242,44,1,2
BRDA:246,45,0,1
BRDA:246,45,1,3
BRDA:248,46,0,1
BRDA:248,46,1,0
BRDA:250,47,0,1
BRDA:250,47,1,3
BRDA:252,48,0,0
BRDA:252,48,1,1
BRDA:254,49,0,1
BRDA:254,49,1,3
BRDA:256,50,0,1
BRDA:256,50,1,0
BRDA:259,51,0,1
BRDA:259,51,1,3
BRDA:264,52,0,1
BRDA:264,52,1,2
BRDA:271,53,0,1
BRDA:271,53,1,0
BRDA:271,54,0,1
BRDA:271,54,1,1
BRDA:271,55,0,1
BRDA:271,55,1,0
BRDA:282,56,0,1
BRDA:282,56,1,2
BRDA:282,57,0,3
BRDA:282,57,1,3
BRDA:287,58,0,1
BRDA:287,58,1,1
BRF:120
BRH:111
end_of_record
TN:
SF:services\paymentWebhookService.js
FN:20,mapMPStatusToDomain
FN:45,handleWebhookEvent
FNF:2
FNH:2
FNDA:11,mapMPStatusToDomain
FNDA:9,handleWebhookEvent
DA:4,20
DA:5,20
DA:6,20
DA:7,20
DA:8,20
DA:21,11
DA:22,8
DA:23,5
DA:24,3
DA:25,1
DA:52,9
DA:53,9
DA:54,9
DA:57,9
DA:59,7
DA:61,7
DA:62,5
DA:68,2
DA:70,1
DA:71,1
DA:73,1
DA:74,1
DA:82,6
DA:83,2
DA:84,2
DA:85,2
DA:89,4
DA:90,4
DA:92,4
DA:94,4
DA:95,1
DA:96,1
DA:97,1
DA:98,1
DA:101,3
DA:105,3
DA:106,1
DA:109,3
DA:110,3
DA:112,3
DA:113,3
DA:115,2
DA:116,2
DA:118,1
DA:120,2
DA:122,9
DA:126,20
LF:47
LH:47
BRDA:21,0,0,3
BRDA:21,0,1,8
BRDA:22,1,0,3
BRDA:22,1,1,5
BRDA:22,2,0,8
BRDA:22,2,1,6
BRDA:23,3,0,2
BRDA:23,3,1,3
BRDA:23,4,0,5
BRDA:23,4,1,4
BRDA:24,5,0,2
BRDA:24,5,1,1
BRDA:24,6,0,3
BRDA:24,6,1,2
BRDA:61,7,0,5
BRDA:61,7,1,2
BRDA:68,8,0,1
BRDA:68,8,1,1
BRDA:82,9,0,2
BRDA:82,9,1,4
BRDA:82,10,0,6
BRDA:82,10,1,5
BRDA:94,11,0,1
BRDA:94,11,1,3
BRDA:105,12,0,1
BRDA:105,12,1,2
BRF:26
BRH:26
end_of_record
